2026-05-25 04:14:50,798 bp INFO #########bp###########
2026-05-25 04:14:50,809 bp INFO ########start training###########
2026-05-25 04:14:50,809 bp INFO epoch: 0
2026-05-25 04:14:50,810 bp INFO training
2026-05-25 04:14:57,456 bp INFO Epoch: 0 / 20, Step: 29 / 328, Loss(batch): 268.9383239746094
2026-05-25 04:15:02,336 bp INFO Epoch: 0 / 20, Step: 59 / 328, Loss(batch): 190.04718017578125
2026-05-25 04:15:07,245 bp INFO Epoch: 0 / 20, Step: 89 / 328, Loss(batch): 191.1859130859375
2026-05-25 04:15:12,013 bp INFO Epoch: 0 / 20, Step: 119 / 328, Loss(batch): 210.87252807617188
2026-05-25 04:15:16,841 bp INFO Epoch: 0 / 20, Step: 149 / 328, Loss(batch): 225.7547607421875
2026-05-25 04:15:21,663 bp INFO Epoch: 0 / 20, Step: 179 / 328, Loss(batch): 220.85052490234375
2026-05-25 04:15:26,455 bp INFO Epoch: 0 / 20, Step: 209 / 328, Loss(batch): 225.846923828125
2026-05-25 04:15:31,035 bp INFO Epoch: 0 / 20, Step: 239 / 328, Loss(batch): 236.7431640625
2026-05-25 04:15:36,163 bp INFO Epoch: 0 / 20, Step: 269 / 328, Loss(batch): 185.14971923828125
2026-05-25 04:15:40,601 bp INFO Epoch: 0 / 20, Step: 299 / 328, Loss(batch): 237.82858276367188
2026-05-25 04:15:45,382 bp INFO epoch: 1
2026-05-25 04:15:45,383 bp INFO training
2026-05-25 04:15:50,366 bp INFO Epoch: 1 / 20, Step: 29 / 328, Loss(batch): 220.55636596679688
2026-05-25 04:15:55,436 bp INFO Epoch: 1 / 20, Step: 59 / 328, Loss(batch): 214.24063110351562
2026-05-25 04:16:00,586 bp INFO Epoch: 1 / 20, Step: 89 / 328, Loss(batch): 292.4705810546875
2026-05-25 04:16:05,557 bp INFO Epoch: 1 / 20, Step: 119 / 328, Loss(batch): 221.60366821289062
2026-05-25 04:16:10,244 bp INFO Epoch: 1 / 20, Step: 149 / 328, Loss(batch): 188.51779174804688
2026-05-25 04:16:14,535 bp INFO Epoch: 1 / 20, Step: 179 / 328, Loss(batch): 180.218505859375
2026-05-25 04:16:18,847 bp INFO Epoch: 1 / 20, Step: 209 / 328, Loss(batch): 202.962890625
2026-05-25 04:16:23,157 bp INFO Epoch: 1 / 20, Step: 239 / 328, Loss(batch): 172.3738250732422
2026-05-25 04:16:27,463 bp INFO Epoch: 1 / 20, Step: 269 / 328, Loss(batch): 259.3412780761719
2026-05-25 04:16:31,845 bp INFO Epoch: 1 / 20, Step: 299 / 328, Loss(batch): 255.19764709472656
2026-05-25 04:16:35,914 bp INFO epoch: 2
2026-05-25 04:16:35,916 bp INFO training
2026-05-25 04:16:40,195 bp INFO Epoch: 2 / 20, Step: 29 / 328, Loss(batch): 266.6087951660156
2026-05-25 04:16:44,425 bp INFO Epoch: 2 / 20, Step: 59 / 328, Loss(batch): 196.42581176757812
2026-05-25 04:16:48,874 bp INFO Epoch: 2 / 20, Step: 89 / 328, Loss(batch): 161.56253051757812
2026-05-25 04:16:53,348 bp INFO Epoch: 2 / 20, Step: 119 / 328, Loss(batch): 160.65872192382812
2026-05-25 04:16:57,609 bp INFO Epoch: 2 / 20, Step: 149 / 328, Loss(batch): 202.93838500976562
2026-05-25 04:17:01,615 bp INFO Epoch: 2 / 20, Step: 179 / 328, Loss(batch): 191.96871948242188
2026-05-25 04:17:05,500 bp INFO Epoch: 2 / 20, Step: 209 / 328, Loss(batch): 146.6719512939453
2026-05-25 04:17:09,353 bp INFO Epoch: 2 / 20, Step: 239 / 328, Loss(batch): 184.05340576171875
2026-05-25 04:17:13,833 bp INFO Epoch: 2 / 20, Step: 269 / 328, Loss(batch): 212.0410614013672
2026-05-25 04:17:18,075 bp INFO Epoch: 2 / 20, Step: 299 / 328, Loss(batch): 201.3034210205078
2026-05-25 04:17:22,023 bp INFO epoch: 3
2026-05-25 04:17:22,024 bp INFO training
2026-05-25 04:17:26,466 bp INFO Epoch: 3 / 20, Step: 29 / 328, Loss(batch): 241.80291748046875
2026-05-25 04:17:30,842 bp INFO Epoch: 3 / 20, Step: 59 / 328, Loss(batch): 206.8158416748047
2026-05-25 04:17:35,210 bp INFO Epoch: 3 / 20, Step: 89 / 328, Loss(batch): 205.1586456298828
2026-05-25 04:17:39,764 bp INFO Epoch: 3 / 20, Step: 119 / 328, Loss(batch): 216.78428649902344
2026-05-25 04:17:44,146 bp INFO Epoch: 3 / 20, Step: 149 / 328, Loss(batch): 225.55899047851562
2026-05-25 04:17:48,563 bp INFO Epoch: 3 / 20, Step: 179 / 328, Loss(batch): 172.2412567138672
2026-05-25 04:17:53,048 bp INFO Epoch: 3 / 20, Step: 209 / 328, Loss(batch): 233.15090942382812
2026-05-25 04:17:57,512 bp INFO Epoch: 3 / 20, Step: 239 / 328, Loss(batch): 205.6351318359375
2026-05-25 04:18:02,024 bp INFO Epoch: 3 / 20, Step: 269 / 328, Loss(batch): 249.51046752929688
2026-05-25 04:18:06,767 bp INFO Epoch: 3 / 20, Step: 299 / 328, Loss(batch): 252.37783813476562
2026-05-25 04:18:11,214 bp INFO validating
2026-05-25 04:18:12,351 bp INFO Valid Step: 9 / 94, Loss(batch): 221.86123657226562
2026-05-25 04:18:13,394 bp INFO Valid Step: 19 / 94, Loss(batch): 181.1090545654297
2026-05-25 04:18:14,513 bp INFO Valid Step: 29 / 94, Loss(batch): 228.66925048828125
2026-05-25 04:18:15,556 bp INFO Valid Step: 39 / 94, Loss(batch): 223.7032012939453
2026-05-25 04:18:16,525 bp INFO Valid Step: 49 / 94, Loss(batch): 195.62245178222656
2026-05-25 04:18:17,504 bp INFO Valid Step: 59 / 94, Loss(batch): 236.65878295898438
2026-05-25 04:18:18,476 bp INFO Valid Step: 69 / 94, Loss(batch): 219.2844696044922
2026-05-25 04:18:19,459 bp INFO Valid Step: 79 / 94, Loss(batch): 208.16806030273438
2026-05-25 04:18:20,425 bp INFO Valid Step: 89 / 94, Loss(batch): 191.53125
2026-05-25 04:26:06,960 bp INFO ########valid metric###########
2026-05-25 04:26:06,969 bp INFO epoch3, train_loss204.61895028556265, valid_loss:226.55655183183387
2026-05-25 04:26:06,969 bp INFO threshold:0.79, f_score0.4232547838412473, auc0.8559660032470454, recall0.4306251577315499, precision0.41613246002160054, aupr0.40575737216895913
2026-05-25 04:26:06,969 bp INFO epoch: 4
2026-05-25 04:26:06,970 bp INFO training
2026-05-25 04:26:11,703 bp INFO Epoch: 4 / 20, Step: 29 / 328, Loss(batch): 170.05255126953125
2026-05-25 04:26:16,713 bp INFO Epoch: 4 / 20, Step: 59 / 328, Loss(batch): 224.9141845703125
2026-05-25 04:26:21,203 bp INFO Epoch: 4 / 20, Step: 89 / 328, Loss(batch): 192.93809509277344
2026-05-25 04:26:26,184 bp INFO Epoch: 4 / 20, Step: 119 / 328, Loss(batch): 182.28128051757812
2026-05-25 04:26:30,820 bp INFO Epoch: 4 / 20, Step: 149 / 328, Loss(batch): 191.01138305664062
2026-05-25 04:26:35,298 bp INFO Epoch: 4 / 20, Step: 179 / 328, Loss(batch): 155.16067504882812
2026-05-25 04:26:39,693 bp INFO Epoch: 4 / 20, Step: 209 / 328, Loss(batch): 205.00167846679688
2026-05-25 04:26:44,588 bp INFO Epoch: 4 / 20, Step: 239 / 328, Loss(batch): 212.113525390625
2026-05-25 04:26:50,481 bp INFO Epoch: 4 / 20, Step: 269 / 328, Loss(batch): 143.26492309570312
2026-05-25 04:26:54,693 bp INFO Epoch: 4 / 20, Step: 299 / 328, Loss(batch): 174.9736328125
2026-05-25 04:26:58,670 bp INFO epoch: 5
2026-05-25 04:26:58,672 bp INFO training
2026-05-25 04:27:02,977 bp INFO Epoch: 5 / 20, Step: 29 / 328, Loss(batch): 235.4370880126953
2026-05-25 04:27:07,471 bp INFO Epoch: 5 / 20, Step: 59 / 328, Loss(batch): 204.4256591796875
2026-05-25 04:27:12,362 bp INFO Epoch: 5 / 20, Step: 89 / 328, Loss(batch): 176.8172607421875
2026-05-25 04:27:17,240 bp INFO Epoch: 5 / 20, Step: 119 / 328, Loss(batch): 202.43716430664062
2026-05-25 04:27:21,636 bp INFO Epoch: 5 / 20, Step: 149 / 328, Loss(batch): 230.69815063476562
2026-05-25 04:27:25,912 bp INFO Epoch: 5 / 20, Step: 179 / 328, Loss(batch): 230.15760803222656
2026-05-25 04:27:30,176 bp INFO Epoch: 5 / 20, Step: 209 / 328, Loss(batch): 217.54196166992188
2026-05-25 04:27:34,316 bp INFO Epoch: 5 / 20, Step: 239 / 328, Loss(batch): 162.89144897460938
2026-05-25 04:27:38,490 bp INFO Epoch: 5 / 20, Step: 269 / 328, Loss(batch): 193.7603302001953
2026-05-25 04:27:42,655 bp INFO Epoch: 5 / 20, Step: 299 / 328, Loss(batch): 248.07366943359375
2026-05-25 04:27:46,505 bp INFO epoch: 6
2026-05-25 04:27:46,507 bp INFO training
2026-05-25 04:27:50,637 bp INFO Epoch: 6 / 20, Step: 29 / 328, Loss(batch): 158.26235961914062
2026-05-25 04:27:55,043 bp INFO Epoch: 6 / 20, Step: 59 / 328, Loss(batch): 203.7633056640625
2026-05-25 04:27:59,313 bp INFO Epoch: 6 / 20, Step: 89 / 328, Loss(batch): 261.9012451171875
2026-05-25 04:28:03,556 bp INFO Epoch: 6 / 20, Step: 119 / 328, Loss(batch): 219.5474090576172
2026-05-25 04:28:07,854 bp INFO Epoch: 6 / 20, Step: 149 / 328, Loss(batch): 205.69772338867188
2026-05-25 04:28:12,092 bp INFO Epoch: 6 / 20, Step: 179 / 328, Loss(batch): 203.40521240234375
2026-05-25 04:28:16,247 bp INFO Epoch: 6 / 20, Step: 209 / 328, Loss(batch): 217.76097106933594
2026-05-25 04:28:20,394 bp INFO Epoch: 6 / 20, Step: 239 / 328, Loss(batch): 168.0627899169922
2026-05-25 04:28:24,539 bp INFO Epoch: 6 / 20, Step: 269 / 328, Loss(batch): 214.37466430664062
2026-05-25 04:28:28,710 bp INFO Epoch: 6 / 20, Step: 299 / 328, Loss(batch): 202.57359313964844
2026-05-25 04:28:32,543 bp INFO epoch: 7
2026-05-25 04:28:32,545 bp INFO training
2026-05-25 04:28:36,691 bp INFO Epoch: 7 / 20, Step: 29 / 328, Loss(batch): 214.72244262695312
2026-05-25 04:28:40,845 bp INFO Epoch: 7 / 20, Step: 59 / 328, Loss(batch): 257.16168212890625
2026-05-25 04:28:45,029 bp INFO Epoch: 7 / 20, Step: 89 / 328, Loss(batch): 182.99990844726562
2026-05-25 04:28:49,222 bp INFO Epoch: 7 / 20, Step: 119 / 328, Loss(batch): 199.032470703125
2026-05-25 04:28:53,377 bp INFO Epoch: 7 / 20, Step: 149 / 328, Loss(batch): 209.04617309570312
2026-05-25 04:28:57,497 bp INFO Epoch: 7 / 20, Step: 179 / 328, Loss(batch): 224.0236053466797
2026-05-25 04:29:01,680 bp INFO Epoch: 7 / 20, Step: 209 / 328, Loss(batch): 213.93963623046875
2026-05-25 04:29:05,859 bp INFO Epoch: 7 / 20, Step: 239 / 328, Loss(batch): 174.75572204589844
2026-05-25 04:29:10,362 bp INFO Epoch: 7 / 20, Step: 269 / 328, Loss(batch): 170.09356689453125
2026-05-25 04:29:14,857 bp INFO Epoch: 7 / 20, Step: 299 / 328, Loss(batch): 249.08819580078125
2026-05-25 04:29:19,130 bp INFO validating
2026-05-25 04:29:20,326 bp INFO Valid Step: 9 / 94, Loss(batch): 219.99203491210938
2026-05-25 04:29:21,442 bp INFO Valid Step: 19 / 94, Loss(batch): 290.2572021484375
2026-05-25 04:29:22,487 bp INFO Valid Step: 29 / 94, Loss(batch): 236.2059326171875
2026-05-25 04:29:23,604 bp INFO Valid Step: 39 / 94, Loss(batch): 271.45904541015625
2026-05-25 04:29:24,716 bp INFO Valid Step: 49 / 94, Loss(batch): 218.49560546875
2026-05-25 04:29:25,897 bp INFO Valid Step: 59 / 94, Loss(batch): 231.0428466796875
2026-05-25 04:29:26,963 bp INFO Valid Step: 69 / 94, Loss(batch): 264.31280517578125
2026-05-25 04:29:28,000 bp INFO Valid Step: 79 / 94, Loss(batch): 223.4980010986328
2026-05-25 04:29:29,027 bp INFO Valid Step: 89 / 94, Loss(batch): 190.4566650390625
2026-05-25 04:37:07,447 bp INFO ########valid metric###########
2026-05-25 04:37:07,448 bp INFO epoch7, train_loss198.81145281907988, valid_loss:225.25192471767994
2026-05-25 04:37:07,448 bp INFO threshold:0.8, f_score0.4323828789085197, auc0.8644085813185088, recall0.4527436276453834, precision0.4137746402299892, aupr0.41599585786095844
2026-05-25 04:37:07,448 bp INFO epoch: 8
2026-05-25 04:37:07,450 bp INFO training
2026-05-25 04:37:12,120 bp INFO Epoch: 8 / 20, Step: 29 / 328, Loss(batch): 155.59548950195312
2026-05-25 04:37:17,140 bp INFO Epoch: 8 / 20, Step: 59 / 328, Loss(batch): 170.95265197753906
2026-05-25 04:37:22,231 bp INFO Epoch: 8 / 20, Step: 89 / 328, Loss(batch): 145.72219848632812
2026-05-25 04:37:27,320 bp INFO Epoch: 8 / 20, Step: 119 / 328, Loss(batch): 315.68902587890625
2026-05-25 04:37:32,185 bp INFO Epoch: 8 / 20, Step: 149 / 328, Loss(batch): 159.27682495117188
2026-05-25 04:37:37,097 bp INFO Epoch: 8 / 20, Step: 179 / 328, Loss(batch): 240.09739685058594
2026-05-25 04:37:41,858 bp INFO Epoch: 8 / 20, Step: 209 / 328, Loss(batch): 181.33834838867188
2026-05-25 04:37:46,850 bp INFO Epoch: 8 / 20, Step: 239 / 328, Loss(batch): 261.79486083984375
2026-05-25 04:37:51,888 bp INFO Epoch: 8 / 20, Step: 269 / 328, Loss(batch): 209.4478759765625
2026-05-25 04:37:56,884 bp INFO Epoch: 8 / 20, Step: 299 / 328, Loss(batch): 272.63836669921875
2026-05-25 04:38:01,085 bp INFO epoch: 9
2026-05-25 04:38:01,086 bp INFO training
2026-05-25 04:38:05,403 bp INFO Epoch: 9 / 20, Step: 29 / 328, Loss(batch): 207.4226837158203
2026-05-25 04:38:09,728 bp INFO Epoch: 9 / 20, Step: 59 / 328, Loss(batch): 194.9908447265625
2026-05-25 04:38:14,032 bp INFO Epoch: 9 / 20, Step: 89 / 328, Loss(batch): 222.69384765625
2026-05-25 04:38:18,368 bp INFO Epoch: 9 / 20, Step: 119 / 328, Loss(batch): 154.74537658691406
2026-05-25 04:38:22,684 bp INFO Epoch: 9 / 20, Step: 149 / 328, Loss(batch): 265.6925048828125
2026-05-25 04:38:26,924 bp INFO Epoch: 9 / 20, Step: 179 / 328, Loss(batch): 199.4393768310547
2026-05-25 04:38:31,182 bp INFO Epoch: 9 / 20, Step: 209 / 328, Loss(batch): 180.3164825439453
2026-05-25 04:38:35,432 bp INFO Epoch: 9 / 20, Step: 239 / 328, Loss(batch): 164.19790649414062
2026-05-25 04:38:39,687 bp INFO Epoch: 9 / 20, Step: 269 / 328, Loss(batch): 173.37863159179688
2026-05-25 04:38:44,234 bp INFO Epoch: 9 / 20, Step: 299 / 328, Loss(batch): 140.9244842529297
2026-05-25 04:38:48,687 bp INFO epoch: 10
2026-05-25 04:38:48,688 bp INFO training
2026-05-25 04:38:53,495 bp INFO Epoch: 10 / 20, Step: 29 / 328, Loss(batch): 199.31497192382812
2026-05-25 04:38:57,297 bp INFO Epoch: 10 / 20, Step: 59 / 328, Loss(batch): 216.542236328125
2026-05-25 04:39:01,092 bp INFO Epoch: 10 / 20, Step: 89 / 328, Loss(batch): 202.58203125
2026-05-25 04:39:04,916 bp INFO Epoch: 10 / 20, Step: 119 / 328, Loss(batch): 169.3724365234375
2026-05-25 04:39:09,144 bp INFO Epoch: 10 / 20, Step: 149 / 328, Loss(batch): 279.2641906738281
2026-05-25 04:39:13,493 bp INFO Epoch: 10 / 20, Step: 179 / 328, Loss(batch): 215.22811889648438
2026-05-25 04:39:17,774 bp INFO Epoch: 10 / 20, Step: 209 / 328, Loss(batch): 207.945068359375
2026-05-25 04:39:22,021 bp INFO Epoch: 10 / 20, Step: 239 / 328, Loss(batch): 216.1768798828125
2026-05-25 04:39:26,427 bp INFO Epoch: 10 / 20, Step: 269 / 328, Loss(batch): 162.03900146484375
2026-05-25 04:39:30,652 bp INFO Epoch: 10 / 20, Step: 299 / 328, Loss(batch): 228.59725952148438
2026-05-25 04:39:34,644 bp INFO epoch: 11
2026-05-25 04:39:34,646 bp INFO training
2026-05-25 04:39:39,068 bp INFO Epoch: 11 / 20, Step: 29 / 328, Loss(batch): 176.62005615234375
2026-05-25 04:39:43,364 bp INFO Epoch: 11 / 20, Step: 59 / 328, Loss(batch): 255.6675567626953
2026-05-25 04:39:47,620 bp INFO Epoch: 11 / 20, Step: 89 / 328, Loss(batch): 212.00497436523438
2026-05-25 04:39:51,931 bp INFO Epoch: 11 / 20, Step: 119 / 328, Loss(batch): 231.0879669189453
2026-05-25 04:39:56,564 bp INFO Epoch: 11 / 20, Step: 149 / 328, Loss(batch): 243.86483764648438
2026-05-25 04:40:00,968 bp INFO Epoch: 11 / 20, Step: 179 / 328, Loss(batch): 227.9025421142578
2026-05-25 04:40:05,794 bp INFO Epoch: 11 / 20, Step: 209 / 328, Loss(batch): 306.73516845703125
2026-05-25 04:40:10,615 bp INFO Epoch: 11 / 20, Step: 239 / 328, Loss(batch): 145.76458740234375
2026-05-25 04:40:15,479 bp INFO Epoch: 11 / 20, Step: 269 / 328, Loss(batch): 208.2918243408203
2026-05-25 04:40:20,281 bp INFO Epoch: 11 / 20, Step: 299 / 328, Loss(batch): 208.03433227539062
2026-05-25 04:40:24,791 bp INFO validating
2026-05-25 04:40:25,999 bp INFO Valid Step: 9 / 94, Loss(batch): 267.41461181640625
2026-05-25 04:40:27,112 bp INFO Valid Step: 19 / 94, Loss(batch): 212.6106719970703
2026-05-25 04:40:28,215 bp INFO Valid Step: 29 / 94, Loss(batch): 239.09564208984375
2026-05-25 04:40:29,314 bp INFO Valid Step: 39 / 94, Loss(batch): 188.0003662109375
2026-05-25 04:40:30,426 bp INFO Valid Step: 49 / 94, Loss(batch): 262.7262878417969
2026-05-25 04:40:31,561 bp INFO Valid Step: 59 / 94, Loss(batch): 203.95645141601562
2026-05-25 04:40:32,662 bp INFO Valid Step: 69 / 94, Loss(batch): 159.7720947265625
2026-05-25 04:40:33,784 bp INFO Valid Step: 79 / 94, Loss(batch): 245.80609130859375
2026-05-25 04:40:34,910 bp INFO Valid Step: 89 / 94, Loss(batch): 215.2200469970703
2026-05-25 04:48:13,349 bp INFO ########valid metric###########
2026-05-25 04:48:13,349 bp INFO epoch11, train_loss193.69079696841357, valid_loss:225.4442878885472
2026-05-25 04:48:13,349 bp INFO threshold:0.82, f_score0.42577174784770194, auc0.8604262111008057, recall0.4330497169845333, precision0.4187343669656008, aupr0.40197311309560557
2026-05-25 04:48:13,349 bp INFO epoch: 12
2026-05-25 04:48:13,351 bp INFO training
2026-05-25 04:48:18,147 bp INFO Epoch: 12 / 20, Step: 29 / 328, Loss(batch): 183.83370971679688
2026-05-25 04:48:23,016 bp INFO Epoch: 12 / 20, Step: 59 / 328, Loss(batch): 187.16290283203125
2026-05-25 04:48:27,912 bp INFO Epoch: 12 / 20, Step: 89 / 328, Loss(batch): 191.1632080078125
2026-05-25 04:48:32,789 bp INFO Epoch: 12 / 20, Step: 119 / 328, Loss(batch): 180.1185760498047
2026-05-25 04:48:37,728 bp INFO Epoch: 12 / 20, Step: 149 / 328, Loss(batch): 167.22267150878906
2026-05-25 04:48:42,711 bp INFO Epoch: 12 / 20, Step: 179 / 328, Loss(batch): 257.8153991699219
2026-05-25 04:48:47,858 bp INFO Epoch: 12 / 20, Step: 209 / 328, Loss(batch): 192.5879364013672
2026-05-25 04:48:52,341 bp INFO Epoch: 12 / 20, Step: 239 / 328, Loss(batch): 200.73606872558594
2026-05-25 04:48:56,675 bp INFO Epoch: 12 / 20, Step: 269 / 328, Loss(batch): 166.91258239746094
2026-05-25 04:49:01,038 bp INFO Epoch: 12 / 20, Step: 299 / 328, Loss(batch): 168.39407348632812
2026-05-25 04:49:05,068 bp INFO epoch: 13
2026-05-25 04:49:05,070 bp INFO training
2026-05-25 04:49:09,389 bp INFO Epoch: 13 / 20, Step: 29 / 328, Loss(batch): 160.7494659423828
2026-05-25 04:49:13,707 bp INFO Epoch: 13 / 20, Step: 59 / 328, Loss(batch): 173.95028686523438
2026-05-25 04:49:18,030 bp INFO Epoch: 13 / 20, Step: 89 / 328, Loss(batch): 166.53211975097656
2026-05-25 04:49:22,345 bp INFO Epoch: 13 / 20, Step: 119 / 328, Loss(batch): 166.03555297851562
2026-05-25 04:49:27,307 bp INFO Epoch: 13 / 20, Step: 149 / 328, Loss(batch): 161.1643829345703
2026-05-25 04:49:31,954 bp INFO Epoch: 13 / 20, Step: 179 / 328, Loss(batch): 216.95046997070312
2026-05-25 04:49:36,264 bp INFO Epoch: 13 / 20, Step: 209 / 328, Loss(batch): 246.1044921875
2026-05-25 04:49:40,677 bp INFO Epoch: 13 / 20, Step: 239 / 328, Loss(batch): 212.60977172851562
2026-05-25 04:49:45,017 bp INFO Epoch: 13 / 20, Step: 269 / 328, Loss(batch): 214.89373779296875
2026-05-25 04:49:49,411 bp INFO Epoch: 13 / 20, Step: 299 / 328, Loss(batch): 129.77676391601562
2026-05-25 04:49:53,412 bp INFO epoch: 14
2026-05-25 04:49:53,414 bp INFO training
2026-05-25 04:49:57,789 bp INFO Epoch: 14 / 20, Step: 29 / 328, Loss(batch): 190.439697265625
2026-05-25 04:50:02,341 bp INFO Epoch: 14 / 20, Step: 59 / 328, Loss(batch): 166.06918334960938
2026-05-25 04:50:06,598 bp INFO Epoch: 14 / 20, Step: 89 / 328, Loss(batch): 175.4241943359375
2026-05-25 04:50:11,136 bp INFO Epoch: 14 / 20, Step: 119 / 328, Loss(batch): 224.61033630371094
2026-05-25 04:50:15,322 bp INFO Epoch: 14 / 20, Step: 149 / 328, Loss(batch): 227.00338745117188
2026-05-25 04:50:19,575 bp INFO Epoch: 14 / 20, Step: 179 / 328, Loss(batch): 166.95205688476562
2026-05-25 04:50:24,195 bp INFO Epoch: 14 / 20, Step: 209 / 328, Loss(batch): 194.5475311279297
2026-05-25 04:50:28,411 bp INFO Epoch: 14 / 20, Step: 239 / 328, Loss(batch): 224.7434539794922
2026-05-25 04:50:32,728 bp INFO Epoch: 14 / 20, Step: 269 / 328, Loss(batch): 164.87564086914062
2026-05-25 04:50:37,033 bp INFO Epoch: 14 / 20, Step: 299 / 328, Loss(batch): 225.8363494873047
2026-05-25 04:50:41,005 bp INFO epoch: 15
2026-05-25 04:50:41,007 bp INFO training
2026-05-25 04:50:45,263 bp INFO Epoch: 15 / 20, Step: 29 / 328, Loss(batch): 182.97769165039062
2026-05-25 04:50:49,468 bp INFO Epoch: 15 / 20, Step: 59 / 328, Loss(batch): 157.9581756591797
2026-05-25 04:50:53,693 bp INFO Epoch: 15 / 20, Step: 89 / 328, Loss(batch): 154.5003662109375
2026-05-25 04:50:57,890 bp INFO Epoch: 15 / 20, Step: 119 / 328, Loss(batch): 197.93399047851562
2026-05-25 04:51:02,127 bp INFO Epoch: 15 / 20, Step: 149 / 328, Loss(batch): 202.2892303466797
2026-05-25 04:51:06,324 bp INFO Epoch: 15 / 20, Step: 179 / 328, Loss(batch): 181.42974853515625
2026-05-25 04:51:10,527 bp INFO Epoch: 15 / 20, Step: 209 / 328, Loss(batch): 198.6222381591797
2026-05-25 04:51:14,794 bp INFO Epoch: 15 / 20, Step: 239 / 328, Loss(batch): 189.70492553710938
2026-05-25 04:51:19,012 bp INFO Epoch: 15 / 20, Step: 269 / 328, Loss(batch): 164.4181365966797
2026-05-25 04:51:23,244 bp INFO Epoch: 15 / 20, Step: 299 / 328, Loss(batch): 184.03292846679688
2026-05-25 04:51:27,178 bp INFO validating
2026-05-25 04:51:28,286 bp INFO Valid Step: 9 / 94, Loss(batch): 165.52267456054688
2026-05-25 04:51:29,299 bp INFO Valid Step: 19 / 94, Loss(batch): 212.726806640625
2026-05-25 04:51:30,320 bp INFO Valid Step: 29 / 94, Loss(batch): 187.11956787109375
2026-05-25 04:51:31,350 bp INFO Valid Step: 39 / 94, Loss(batch): 336.3724060058594
2026-05-25 04:51:32,360 bp INFO Valid Step: 49 / 94, Loss(batch): 194.19430541992188
2026-05-25 04:51:33,348 bp INFO Valid Step: 59 / 94, Loss(batch): 192.32725524902344
2026-05-25 04:51:34,361 bp INFO Valid Step: 69 / 94, Loss(batch): 207.89181518554688
2026-05-25 04:51:35,356 bp INFO Valid Step: 79 / 94, Loss(batch): 192.34249877929688
2026-05-25 04:51:36,357 bp INFO Valid Step: 89 / 94, Loss(batch): 215.11154174804688
2026-05-25 04:59:17,300 bp INFO ########valid metric###########
2026-05-25 04:59:17,315 bp INFO epoch15, train_loss190.7269725566957, valid_loss:225.26641310022234
2026-05-25 04:59:17,315 bp INFO threshold:0.82, f_score0.4190324866338866, auc0.8556569472597371, recall0.43974654793236473, precision0.4001820910947612, aupr0.3941859724974566
2026-05-25 04:59:17,315 bp INFO epoch: 16
2026-05-25 04:59:17,316 bp INFO training
2026-05-25 04:59:21,707 bp INFO Epoch: 16 / 20, Step: 29 / 328, Loss(batch): 141.10543823242188
2026-05-25 04:59:25,570 bp INFO Epoch: 16 / 20, Step: 59 / 328, Loss(batch): 167.83743286132812
2026-05-25 04:59:29,295 bp INFO Epoch: 16 / 20, Step: 89 / 328, Loss(batch): 228.42430114746094
2026-05-25 04:59:33,172 bp INFO Epoch: 16 / 20, Step: 119 / 328, Loss(batch): 148.88668823242188
2026-05-25 04:59:37,437 bp INFO Epoch: 16 / 20, Step: 149 / 328, Loss(batch): 231.00033569335938
2026-05-25 04:59:41,557 bp INFO Epoch: 16 / 20, Step: 179 / 328, Loss(batch): 208.76446533203125
2026-05-25 04:59:46,171 bp INFO Epoch: 16 / 20, Step: 209 / 328, Loss(batch): 123.33809661865234
2026-05-25 04:59:50,328 bp INFO Epoch: 16 / 20, Step: 239 / 328, Loss(batch): 216.4820556640625
2026-05-25 04:59:54,681 bp INFO Epoch: 16 / 20, Step: 269 / 328, Loss(batch): 239.2158203125
2026-05-25 04:59:59,336 bp INFO Epoch: 16 / 20, Step: 299 / 328, Loss(batch): 222.0736846923828
2026-05-25 05:00:03,332 bp INFO epoch: 17
2026-05-25 05:00:03,334 bp INFO training
2026-05-25 05:00:07,691 bp INFO Epoch: 17 / 20, Step: 29 / 328, Loss(batch): 197.6444091796875
2026-05-25 05:00:12,249 bp INFO Epoch: 17 / 20, Step: 59 / 328, Loss(batch): 180.22975158691406
2026-05-25 05:00:17,230 bp INFO Epoch: 17 / 20, Step: 89 / 328, Loss(batch): 150.40667724609375
2026-05-25 05:00:22,013 bp INFO Epoch: 17 / 20, Step: 119 / 328, Loss(batch): 247.46267700195312
2026-05-25 05:00:27,061 bp INFO Epoch: 17 / 20, Step: 149 / 328, Loss(batch): 249.04620361328125
2026-05-25 05:00:32,368 bp INFO Epoch: 17 / 20, Step: 179 / 328, Loss(batch): 180.9500732421875
2026-05-25 05:00:37,716 bp INFO Epoch: 17 / 20, Step: 209 / 328, Loss(batch): 163.08267211914062
2026-05-25 05:00:42,851 bp INFO Epoch: 17 / 20, Step: 239 / 328, Loss(batch): 154.278076171875
2026-05-25 05:00:47,324 bp INFO Epoch: 17 / 20, Step: 269 / 328, Loss(batch): 129.89120483398438
2026-05-25 05:00:51,880 bp INFO Epoch: 17 / 20, Step: 299 / 328, Loss(batch): 207.36268615722656
2026-05-25 05:00:56,480 bp INFO epoch: 18
2026-05-25 05:00:56,481 bp INFO training
2026-05-25 05:01:00,891 bp INFO Epoch: 18 / 20, Step: 29 / 328, Loss(batch): 187.265625
2026-05-25 05:01:05,258 bp INFO Epoch: 18 / 20, Step: 59 / 328, Loss(batch): 203.86782836914062
2026-05-25 05:01:09,348 bp INFO Epoch: 18 / 20, Step: 89 / 328, Loss(batch): 201.25831604003906
2026-05-25 05:01:13,977 bp INFO Epoch: 18 / 20, Step: 119 / 328, Loss(batch): 194.63079833984375
2026-05-25 05:01:18,815 bp INFO Epoch: 18 / 20, Step: 149 / 328, Loss(batch): 147.25238037109375
2026-05-25 05:01:23,742 bp INFO Epoch: 18 / 20, Step: 179 / 328, Loss(batch): 205.17422485351562
2026-05-25 05:01:28,012 bp INFO Epoch: 18 / 20, Step: 209 / 328, Loss(batch): 162.55490112304688
2026-05-25 05:01:32,394 bp INFO Epoch: 18 / 20, Step: 239 / 328, Loss(batch): 144.1302032470703
2026-05-25 05:01:36,632 bp INFO Epoch: 18 / 20, Step: 269 / 328, Loss(batch): 142.5604705810547
2026-05-25 05:01:41,225 bp INFO Epoch: 18 / 20, Step: 299 / 328, Loss(batch): 223.79791259765625
2026-05-25 05:01:45,670 bp INFO epoch: 19
2026-05-25 05:01:45,672 bp INFO training
2026-05-25 05:01:50,125 bp INFO Epoch: 19 / 20, Step: 29 / 328, Loss(batch): 160.4468994140625
2026-05-25 05:01:55,029 bp INFO Epoch: 19 / 20, Step: 59 / 328, Loss(batch): 158.95147705078125
2026-05-25 05:01:59,406 bp INFO Epoch: 19 / 20, Step: 89 / 328, Loss(batch): 210.55694580078125
2026-05-25 05:02:04,122 bp INFO Epoch: 19 / 20, Step: 119 / 328, Loss(batch): 195.7172393798828
2026-05-25 05:02:08,928 bp INFO Epoch: 19 / 20, Step: 149 / 328, Loss(batch): 156.22305297851562
2026-05-25 05:02:13,717 bp INFO Epoch: 19 / 20, Step: 179 / 328, Loss(batch): 219.22982788085938
2026-05-25 05:02:18,643 bp INFO Epoch: 19 / 20, Step: 209 / 328, Loss(batch): 148.98614501953125
2026-05-25 05:02:23,455 bp INFO Epoch: 19 / 20, Step: 239 / 328, Loss(batch): 188.43756103515625
2026-05-25 05:02:27,301 bp INFO Epoch: 19 / 20, Step: 269 / 328, Loss(batch): 169.70501708984375
2026-05-25 05:02:31,828 bp INFO Epoch: 19 / 20, Step: 299 / 328, Loss(batch): 151.194091796875
2026-05-25 05:02:35,924 bp INFO validating
2026-05-25 05:02:37,122 bp INFO Valid Step: 9 / 94, Loss(batch): 223.127197265625
2026-05-25 05:02:38,323 bp INFO Valid Step: 19 / 94, Loss(batch): 180.78575134277344
2026-05-25 05:02:39,334 bp INFO Valid Step: 29 / 94, Loss(batch): 252.26174926757812
2026-05-25 05:02:40,341 bp INFO Valid Step: 39 / 94, Loss(batch): 196.660888671875
2026-05-25 05:02:41,433 bp INFO Valid Step: 49 / 94, Loss(batch): 231.06736755371094
2026-05-25 05:02:42,398 bp INFO Valid Step: 59 / 94, Loss(batch): 205.9483642578125
2026-05-25 05:02:43,379 bp INFO Valid Step: 69 / 94, Loss(batch): 221.272705078125
2026-05-25 05:02:44,342 bp INFO Valid Step: 79 / 94, Loss(batch): 247.87857055664062
2026-05-25 05:02:45,311 bp INFO Valid Step: 89 / 94, Loss(batch): 192.15554809570312
2026-05-25 05:10:27,896 bp INFO ########valid metric###########
2026-05-25 05:10:27,897 bp INFO epoch19, train_loss189.93885021674924, valid_loss:225.13405105915476
2026-05-25 05:10:27,897 bp INFO threshold:0.82, f_score0.41627886296944006, auc0.8542153396124502, recall0.44303637740202617, precision0.3925693429491019, aupr0.39128729320108574
2026-05-25 05:10:27,897 bp INFO best_fscore: 0.4323828789085197
2026-05-25 05:10:27,897 bp INFO best_scores[thresh,fmax,recall,precision,auc]: [0.8, 0.4323828789085197, 0.4527436276453834, 0.4137746402299892, 0.8644085813185088]
2026-05-25 05:10:27,897 bp INFO best_aupr: 0.41599585786095844
2026-05-25 05:10:27,897 bp INFO best_score_dict: {0.01: [0.12032702610164028, 0.9993510473374915, 0.06401753386186657, 0.8644085813185088], 0.02: [0.12332994982615006, 0.9987471608321016, 0.06572285712252166, 0.8644085813185088], 0.03: [0.12606374288347544, 0.9979900493925082, 0.06728127736292636, 0.8644085813185088], 0.04: [0.1286381535705353, 0.9966651043732199, 0.06875621011999289, 0.8644085813185088], 0.05: [0.13122979355782527, 0.995295093196813, 0.07024585987342183, 0.8644085813185088], 0.06: [0.13384237909101226, 0.9939070555575585, 0.07175238036986259, 0.8644085813185088], 0.07: [0.13649900563884604, 0.9922936871327108, 0.07329038150701529, 0.8644085813185088], 0.08: [0.13919142525499495, 0.9905721599307784, 0.07485487341310897, 0.8644085813185088], 0.09: [0.14193211109845857, 0.9886072754804053, 0.07645423647531499, 0.8644085813185088], 0.1: [0.14476404096137288, 0.9865883116414897, 0.07811284615922576, 0.8644085813185088], 0.11: [0.14765391066721384, 0.9842358582398961, 0.07981373700548103, 0.8644085813185088], 0.12: [0.1505958470428844, 0.9818293254497602, 0.08155228743490461, 0.8644085813185088], 0.13: [0.1536206780751461, 0.979233514799726, 0.0833481012998112, 0.8644085813185088], 0.14: [0.1566795152950738, 0.9765475718354545, 0.0851723831617376, 0.8644085813185088], 0.15: [0.159820684442926, 0.9739607744168439, 0.08705273885145069, 0.8644085813185088], 0.16: [0.16290570233493937, 0.9706168655586401, 0.08891442952188926, 0.8644085813185088], 0.17: [0.1661719460515877, 0.9675253271803007, 0.09089123279992752, 0.8644085813185088], 0.18: [0.16947533428755424, 0.9642174712477918, 0.09290212094869967, 0.8644085813185088], 0.19: [0.1728144463026178, 0.9607293506868082, 0.0949466481270504, 0.8644085813185088], 0.2: [0.1760966105970288, 0.9564210260662652, 0.09697592805834293, 0.8644085813185088], 0.21: [0.1794948246497029, 0.9522659263799257, 0.0990858762392534, 0.8644085813185088], 0.22: [0.18302910834225725, 0.948182932544976, 0.10129069840215293, 0.8644085813185088], 0.23: [0.18655776320267412, 0.9437033565273822, 0.10351018374436735, 0.8644085813185088], 0.24: [0.19020239694032465, 0.9395122039153477, 0.10581190438486432, 0.8644085813185088], 0.25: [0.19390657824894025, 0.93509572051772, 0.10816849541873626, 0.8644085813185088], 0.26: [0.19763507367655084, 0.9302375887803295, 0.11056238899089645, 0.8644085813185088], 0.27: [0.2014076148530342, 0.9253253776543967, 0.11300188110823582, 0.8644085813185088], 0.28: [0.20529905851483607, 0.920305007751379, 0.11553628429534363, 0.8644085813185088], 0.29: [0.2092470054220225, 0.9153387172369037, 0.11812525662335427, 0.8644085813185088], 0.3: [0.21334012219959267, 0.9101470959368353, 0.12083163814766064, 0.8644085813185088], 0.31: [0.21740788242226766, 0.9044957998341565, 0.12355273201841865, 0.8644085813185088], 0.32: [0.2214208126100951, 0.8984298950859863, 0.12627025246703233, 0.8644085813185088], 0.33: [0.22564707919912128, 0.8924721491149007, 0.12915031929546308, 0.8644085813185088], 0.34: [0.22987259293190504, 0.8865234163752389, 0.13205730834451063, 0.8644085813185088], 0.35: [0.234151579209748, 0.8805566571727296, 0.13502874834144185, 0.8644085813185088], 0.36: [0.23853224539759676, 0.8746529905901864, 0.13809674926675994, 0.8644085813185088], 0.37: [0.24297425216288387, 0.8684969535277788, 0.14124472666613896, 0.8644085813185088], 0.38: [0.24750634812427966, 0.8622868370768287, 0.14449000551263752, 0.8644085813185088], 0.39: [0.2520070086014654, 0.8555900061289974, 0.14776498571010505, 0.8644085813185088], 0.4: [0.25663034595478074, 0.849127519198183, 0.15115715633483728, 0.8644085813185088], 0.41: [0.26117483693685767, 0.8425388470274363, 0.15453999890887268, 0.8644085813185088], 0.42: [0.26576607563588833, 0.8357158308396726, 0.15800693914276365, 0.8644085813185088], 0.43: [0.2703676258696637, 0.8287215632548581, 0.16153373155305692, 0.8644085813185088], 0.44: [0.27497640250540556, 0.8218534809099759, 0.16510942349409152, 0.8644085813185088], 0.45: [0.27959527094327485, 0.8146789486966868, 0.1687558811668235, 0.8644085813185088], 0.46: [0.28429427875933466, 0.8073872444748892, 0.17252084817903435, 0.8644085813185088], 0.47: [0.28901455666848386, 0.8003659371958034, 0.17634699442157337, 0.8644085813185088], 0.48: [0.2937122479439842, 0.7928308757255651, 0.18024244609918325, 0.8644085813185088], 0.49: [0.298464516018532, 0.785322853949598, 0.1842434136098641, 0.8644085813185088], 0.5: [0.3032524081664204, 0.7779049644878682, 0.18833590464822447, 0.8644085813185088], 0.51: [0.3083288095182272, 0.7704510221004435, 0.1927287075136689, 0.8644085813185088], 0.52: [0.31334795362222284, 0.7630421458701374, 0.19715554603315813, 0.8644085813185088], 0.53: [0.31808581760719606, 0.7547499729603058, 0.2015044614066666, 0.8644085813185088], 0.54: [0.3230522993424323, 0.7467912896131521, 0.20610542707392732, 0.8644085813185088], 0.55: [0.32807385295477887, 0.738481090240473, 0.2108789260059043, 0.8644085813185088], 0.56: [0.3331633366510105, 0.7301258247106752, 0.21582262292985485, 0.8644085813185088], 0.57: [0.33807106170169626, 0.7214100299239283, 0.22076313728086144, 0.8644085813185088], 0.58: [0.3429952634194076, 0.712405811731622, 0.22587180974643717, 0.8644085813185088], 0.59: [0.34787360026048925, 0.7029509319681292, 0.23112621836835695, 0.8644085813185088], 0.6: [0.35274511916414325, 0.6934960522046364, 0.23652701053492325, 0.8644085813185088], 0.61: [0.3576147394213552, 0.6840411724411436, 0.24208911232184555, 0.8644085813185088], 0.62: [0.3625298300444574, 0.6743519486606339, 0.24790014810789676, 0.8644085813185088], 0.63: [0.36758284483789927, 0.664662724880124, 0.2540374254178666, 0.8644085813185088], 0.64: [0.37278258282290416, 0.6549735010996143, 0.26053348630431666, 0.8644085813185088], 0.65: [0.37790818926032405, 0.645131052384901, 0.2672211996878885, 0.8644085813185088], 0.66: [0.382812266389755, 0.6346396510076793, 0.2740630315391232, 0.8644085813185088], 0.67: [0.3877729404447732, 0.6237787071420846, 0.28133155554110195, 0.8644085813185088], 0.68: [0.3930970353984857, 0.6134585571619137, 0.2892095624166093, 0.8644085813185088], 0.69: [0.3980208807795015, 0.6025255074449292, 0.29716081597091026, 0.8644085813185088], 0.7: [0.402647542116498, 0.5907992933626564, 0.3053900306098203, 0.8644085813185088], 0.71: [0.40687599200377633, 0.5787846558748242, 0.3137014474770519, 0.8644085813185088], 0.72: [0.4111503729878288, 0.5663193568158056, 0.3227251248125244, 0.8644085813185088], 0.73: [0.4149181785300192, 0.5531600389371597, 0.33195765879304845, 0.8644085813185088], 0.74: [0.41827126183152535, 0.5398925622814291, 0.3413708404333529, 0.8644085813185088], 0.75: [0.42170248387143333, 0.5267062047085121, 0.3516064981949458, 0.8644085813185088], 0.76: [0.42499216336035106, 0.5132404369614594, 0.3626388322804157, 0.8644085813185088], 0.77: [0.4279857969144222, 0.499197822403288, 0.37455450432477394, 0.8644085813185088], 0.78: [0.43020016012810247, 0.4842989508598623, 0.38697318007662834, 0.8644085813185088], 0.79: [0.4315427774642276, 0.46863395464541946, 0.39989232425780646, 0.8644085813185088], 0.8: [0.4323828789085197, 0.4527436276453834, 0.4137746402299892, 0.8644085813185088]}
