2026-05-25 06:25:41,729 bp_transformer_v1 INFO #########bp###########
2026-05-25 06:25:41,729 bp_transformer_v1 INFO ########start training###########
2026-05-25 06:25:41,729 bp_transformer_v1 INFO epoch: 0
2026-05-25 06:25:41,730 bp_transformer_v1 INFO training
2026-05-25 06:25:47,785 bp_transformer_v1 INFO Epoch: 0 / 20, Step: 29 / 328, Loss(batch): 228.4183349609375
2026-05-25 06:25:53,388 bp_transformer_v1 INFO Epoch: 0 / 20, Step: 59 / 328, Loss(batch): 244.07974243164062
2026-05-25 06:25:58,834 bp_transformer_v1 INFO Epoch: 0 / 20, Step: 89 / 328, Loss(batch): 207.8760986328125
2026-05-25 06:26:04,279 bp_transformer_v1 INFO Epoch: 0 / 20, Step: 119 / 328, Loss(batch): 206.63198852539062
2026-05-25 06:26:09,905 bp_transformer_v1 INFO Epoch: 0 / 20, Step: 149 / 328, Loss(batch): 171.19537353515625
2026-05-25 06:26:15,309 bp_transformer_v1 INFO Epoch: 0 / 20, Step: 179 / 328, Loss(batch): 177.19265747070312
2026-05-25 06:26:20,518 bp_transformer_v1 INFO Epoch: 0 / 20, Step: 209 / 328, Loss(batch): 228.6993408203125
2026-05-25 06:26:26,635 bp_transformer_v1 INFO Epoch: 0 / 20, Step: 239 / 328, Loss(batch): 180.8477783203125
2026-05-25 06:26:32,282 bp_transformer_v1 INFO Epoch: 0 / 20, Step: 269 / 328, Loss(batch): 233.47921752929688
2026-05-25 06:26:37,351 bp_transformer_v1 INFO Epoch: 0 / 20, Step: 299 / 328, Loss(batch): 266.000732421875
2026-05-25 06:26:42,067 bp_transformer_v1 INFO epoch: 1
2026-05-25 06:26:42,070 bp_transformer_v1 INFO training
2026-05-25 06:26:47,067 bp_transformer_v1 INFO Epoch: 1 / 20, Step: 29 / 328, Loss(batch): 228.97384643554688
2026-05-25 06:26:51,933 bp_transformer_v1 INFO Epoch: 1 / 20, Step: 59 / 328, Loss(batch): 235.37364196777344
2026-05-25 06:26:56,790 bp_transformer_v1 INFO Epoch: 1 / 20, Step: 89 / 328, Loss(batch): 242.1685333251953
2026-05-25 06:27:01,650 bp_transformer_v1 INFO Epoch: 1 / 20, Step: 119 / 328, Loss(batch): 261.0542907714844
2026-05-25 06:27:06,544 bp_transformer_v1 INFO Epoch: 1 / 20, Step: 149 / 328, Loss(batch): 197.12677001953125
2026-05-25 06:27:11,470 bp_transformer_v1 INFO Epoch: 1 / 20, Step: 179 / 328, Loss(batch): 247.5637969970703
2026-05-25 06:27:16,390 bp_transformer_v1 INFO Epoch: 1 / 20, Step: 209 / 328, Loss(batch): 256.62335205078125
2026-05-25 06:27:21,452 bp_transformer_v1 INFO Epoch: 1 / 20, Step: 239 / 328, Loss(batch): 216.1651153564453
2026-05-25 06:27:26,422 bp_transformer_v1 INFO Epoch: 1 / 20, Step: 269 / 328, Loss(batch): 170.42416381835938
2026-05-25 06:27:31,221 bp_transformer_v1 INFO Epoch: 1 / 20, Step: 299 / 328, Loss(batch): 199.9643096923828
2026-05-25 06:27:35,618 bp_transformer_v1 INFO epoch: 2
2026-05-25 06:27:35,620 bp_transformer_v1 INFO training
2026-05-25 06:27:40,691 bp_transformer_v1 INFO Epoch: 2 / 20, Step: 29 / 328, Loss(batch): 182.53192138671875
2026-05-25 06:27:45,398 bp_transformer_v1 INFO Epoch: 2 / 20, Step: 59 / 328, Loss(batch): 145.70001220703125
2026-05-25 06:27:50,037 bp_transformer_v1 INFO Epoch: 2 / 20, Step: 89 / 328, Loss(batch): 169.83297729492188
2026-05-25 06:27:54,694 bp_transformer_v1 INFO Epoch: 2 / 20, Step: 119 / 328, Loss(batch): 180.29473876953125
2026-05-25 06:27:59,355 bp_transformer_v1 INFO Epoch: 2 / 20, Step: 149 / 328, Loss(batch): 133.8267822265625
2026-05-25 06:28:04,062 bp_transformer_v1 INFO Epoch: 2 / 20, Step: 179 / 328, Loss(batch): 196.69097900390625
2026-05-25 06:28:08,595 bp_transformer_v1 INFO Epoch: 2 / 20, Step: 209 / 328, Loss(batch): 156.021240234375
2026-05-25 06:28:13,218 bp_transformer_v1 INFO Epoch: 2 / 20, Step: 239 / 328, Loss(batch): 194.30174255371094
2026-05-25 06:28:18,172 bp_transformer_v1 INFO Epoch: 2 / 20, Step: 269 / 328, Loss(batch): 188.2061767578125
2026-05-25 06:28:23,340 bp_transformer_v1 INFO Epoch: 2 / 20, Step: 299 / 328, Loss(batch): 209.39378356933594
2026-05-25 06:28:27,917 bp_transformer_v1 INFO epoch: 3
2026-05-25 06:28:27,918 bp_transformer_v1 INFO training
2026-05-25 06:28:32,933 bp_transformer_v1 INFO Epoch: 3 / 20, Step: 29 / 328, Loss(batch): 185.16815185546875
2026-05-25 06:28:37,751 bp_transformer_v1 INFO Epoch: 3 / 20, Step: 59 / 328, Loss(batch): 205.66485595703125
2026-05-25 06:28:42,572 bp_transformer_v1 INFO Epoch: 3 / 20, Step: 89 / 328, Loss(batch): 216.36459350585938
2026-05-25 06:28:47,461 bp_transformer_v1 INFO Epoch: 3 / 20, Step: 119 / 328, Loss(batch): 163.76332092285156
2026-05-25 06:28:52,291 bp_transformer_v1 INFO Epoch: 3 / 20, Step: 149 / 328, Loss(batch): 164.52996826171875
2026-05-25 06:28:57,294 bp_transformer_v1 INFO Epoch: 3 / 20, Step: 179 / 328, Loss(batch): 204.0021514892578
2026-05-25 06:29:02,078 bp_transformer_v1 INFO Epoch: 3 / 20, Step: 209 / 328, Loss(batch): 217.1832275390625
2026-05-25 06:29:06,865 bp_transformer_v1 INFO Epoch: 3 / 20, Step: 239 / 328, Loss(batch): 227.51416015625
2026-05-25 06:29:11,744 bp_transformer_v1 INFO Epoch: 3 / 20, Step: 269 / 328, Loss(batch): 215.96560668945312
2026-05-25 06:29:16,555 bp_transformer_v1 INFO Epoch: 3 / 20, Step: 299 / 328, Loss(batch): 161.51220703125
2026-05-25 06:29:20,962 bp_transformer_v1 INFO validating
2026-05-25 06:29:21,973 bp_transformer_v1 INFO Valid Step: 9 / 94, Loss(batch): 217.0934600830078
2026-05-25 06:29:22,986 bp_transformer_v1 INFO Valid Step: 19 / 94, Loss(batch): 203.2040252685547
2026-05-25 06:29:23,981 bp_transformer_v1 INFO Valid Step: 29 / 94, Loss(batch): 198.34481811523438
2026-05-25 06:29:24,935 bp_transformer_v1 INFO Valid Step: 39 / 94, Loss(batch): 256.8496398925781
2026-05-25 06:29:25,866 bp_transformer_v1 INFO Valid Step: 49 / 94, Loss(batch): 236.25912475585938
2026-05-25 06:29:26,797 bp_transformer_v1 INFO Valid Step: 59 / 94, Loss(batch): 240.275146484375
2026-05-25 06:29:27,922 bp_transformer_v1 INFO Valid Step: 69 / 94, Loss(batch): 232.14181518554688
2026-05-25 06:29:28,920 bp_transformer_v1 INFO Valid Step: 79 / 94, Loss(batch): 254.5550537109375
2026-05-25 06:29:29,874 bp_transformer_v1 INFO Valid Step: 89 / 94, Loss(batch): 191.04434204101562
2026-05-25 06:37:31,039 bp_transformer_v1 INFO ########valid metric###########
2026-05-25 06:37:31,040 bp_transformer_v1 INFO epoch3, train_loss204.4682047774152, valid_loss:225.77551594186338
2026-05-25 06:37:31,040 bp_transformer_v1 INFO threshold:0.83, f_score0.43004785458639966, auc0.8620185980842968, recall0.43374373580416054, precision0.4264144255903593, aupr0.41858014671727073
2026-05-25 06:37:31,040 bp_transformer_v1 INFO epoch: 4
2026-05-25 06:37:31,041 bp_transformer_v1 INFO training
2026-05-25 06:37:36,201 bp_transformer_v1 INFO Epoch: 4 / 20, Step: 29 / 328, Loss(batch): 221.78846740722656
2026-05-25 06:37:41,358 bp_transformer_v1 INFO Epoch: 4 / 20, Step: 59 / 328, Loss(batch): 246.25534057617188
2026-05-25 06:37:46,426 bp_transformer_v1 INFO Epoch: 4 / 20, Step: 89 / 328, Loss(batch): 224.38046264648438
2026-05-25 06:37:51,777 bp_transformer_v1 INFO Epoch: 4 / 20, Step: 119 / 328, Loss(batch): 321.972412109375
2026-05-25 06:37:56,684 bp_transformer_v1 INFO Epoch: 4 / 20, Step: 149 / 328, Loss(batch): 177.979248046875
2026-05-25 06:38:01,447 bp_transformer_v1 INFO Epoch: 4 / 20, Step: 179 / 328, Loss(batch): 164.4108123779297
2026-05-25 06:38:06,508 bp_transformer_v1 INFO Epoch: 4 / 20, Step: 209 / 328, Loss(batch): 236.91026306152344
2026-05-25 06:38:11,661 bp_transformer_v1 INFO Epoch: 4 / 20, Step: 239 / 328, Loss(batch): 210.94508361816406
2026-05-25 06:38:16,835 bp_transformer_v1 INFO Epoch: 4 / 20, Step: 269 / 328, Loss(batch): 171.3251495361328
2026-05-25 06:38:21,516 bp_transformer_v1 INFO Epoch: 4 / 20, Step: 299 / 328, Loss(batch): 178.7494354248047
2026-05-25 06:38:25,924 bp_transformer_v1 INFO epoch: 5
2026-05-25 06:38:25,926 bp_transformer_v1 INFO training
2026-05-25 06:38:30,716 bp_transformer_v1 INFO Epoch: 5 / 20, Step: 29 / 328, Loss(batch): 216.52606201171875
2026-05-25 06:38:35,582 bp_transformer_v1 INFO Epoch: 5 / 20, Step: 59 / 328, Loss(batch): 212.40328979492188
2026-05-25 06:38:40,311 bp_transformer_v1 INFO Epoch: 5 / 20, Step: 89 / 328, Loss(batch): 166.26492309570312
2026-05-25 06:38:45,013 bp_transformer_v1 INFO Epoch: 5 / 20, Step: 119 / 328, Loss(batch): 315.36004638671875
2026-05-25 06:38:49,824 bp_transformer_v1 INFO Epoch: 5 / 20, Step: 149 / 328, Loss(batch): 169.26602172851562
2026-05-25 06:38:54,500 bp_transformer_v1 INFO Epoch: 5 / 20, Step: 179 / 328, Loss(batch): 224.44012451171875
2026-05-25 06:38:59,179 bp_transformer_v1 INFO Epoch: 5 / 20, Step: 209 / 328, Loss(batch): 169.8702850341797
2026-05-25 06:39:03,851 bp_transformer_v1 INFO Epoch: 5 / 20, Step: 239 / 328, Loss(batch): 184.14971923828125
2026-05-25 06:39:08,800 bp_transformer_v1 INFO Epoch: 5 / 20, Step: 269 / 328, Loss(batch): 266.0716552734375
2026-05-25 06:39:13,542 bp_transformer_v1 INFO Epoch: 5 / 20, Step: 299 / 328, Loss(batch): 204.52320861816406
2026-05-25 06:39:17,896 bp_transformer_v1 INFO epoch: 6
2026-05-25 06:39:17,897 bp_transformer_v1 INFO training
2026-05-25 06:39:22,514 bp_transformer_v1 INFO Epoch: 6 / 20, Step: 29 / 328, Loss(batch): 204.57867431640625
2026-05-25 06:39:27,663 bp_transformer_v1 INFO Epoch: 6 / 20, Step: 59 / 328, Loss(batch): 247.3776092529297
2026-05-25 06:39:33,027 bp_transformer_v1 INFO Epoch: 6 / 20, Step: 89 / 328, Loss(batch): 206.89926147460938
2026-05-25 06:39:38,091 bp_transformer_v1 INFO Epoch: 6 / 20, Step: 119 / 328, Loss(batch): 143.3492431640625
2026-05-25 06:39:42,802 bp_transformer_v1 INFO Epoch: 6 / 20, Step: 149 / 328, Loss(batch): 144.33145141601562
2026-05-25 06:39:47,522 bp_transformer_v1 INFO Epoch: 6 / 20, Step: 179 / 328, Loss(batch): 149.22283935546875
2026-05-25 06:39:52,233 bp_transformer_v1 INFO Epoch: 6 / 20, Step: 209 / 328, Loss(batch): 186.52122497558594
2026-05-25 06:39:57,282 bp_transformer_v1 INFO Epoch: 6 / 20, Step: 239 / 328, Loss(batch): 233.14892578125
2026-05-25 06:40:02,058 bp_transformer_v1 INFO Epoch: 6 / 20, Step: 269 / 328, Loss(batch): 251.07302856445312
2026-05-25 06:40:07,033 bp_transformer_v1 INFO Epoch: 6 / 20, Step: 299 / 328, Loss(batch): 215.3771514892578
2026-05-25 06:40:11,645 bp_transformer_v1 INFO epoch: 7
2026-05-25 06:40:11,647 bp_transformer_v1 INFO training
2026-05-25 06:40:16,356 bp_transformer_v1 INFO Epoch: 7 / 20, Step: 29 / 328, Loss(batch): 221.5829620361328
2026-05-25 06:40:20,994 bp_transformer_v1 INFO Epoch: 7 / 20, Step: 59 / 328, Loss(batch): 195.65676879882812
2026-05-25 06:40:25,827 bp_transformer_v1 INFO Epoch: 7 / 20, Step: 89 / 328, Loss(batch): 172.83135986328125
2026-05-25 06:40:30,483 bp_transformer_v1 INFO Epoch: 7 / 20, Step: 119 / 328, Loss(batch): 234.29122924804688
2026-05-25 06:40:35,085 bp_transformer_v1 INFO Epoch: 7 / 20, Step: 149 / 328, Loss(batch): 202.14569091796875
2026-05-25 06:40:39,724 bp_transformer_v1 INFO Epoch: 7 / 20, Step: 179 / 328, Loss(batch): 140.0355224609375
2026-05-25 06:40:44,387 bp_transformer_v1 INFO Epoch: 7 / 20, Step: 209 / 328, Loss(batch): 205.412841796875
2026-05-25 06:40:49,307 bp_transformer_v1 INFO Epoch: 7 / 20, Step: 239 / 328, Loss(batch): 185.86676025390625
2026-05-25 06:40:54,593 bp_transformer_v1 INFO Epoch: 7 / 20, Step: 269 / 328, Loss(batch): 241.2357177734375
2026-05-25 06:40:59,673 bp_transformer_v1 INFO Epoch: 7 / 20, Step: 299 / 328, Loss(batch): 222.36822509765625
2026-05-25 06:41:04,566 bp_transformer_v1 INFO validating
2026-05-25 06:41:05,635 bp_transformer_v1 INFO Valid Step: 9 / 94, Loss(batch): 211.0440673828125
2026-05-25 06:41:06,571 bp_transformer_v1 INFO Valid Step: 19 / 94, Loss(batch): 200.2568817138672
2026-05-25 06:41:07,570 bp_transformer_v1 INFO Valid Step: 29 / 94, Loss(batch): 213.8189697265625
2026-05-25 06:41:08,552 bp_transformer_v1 INFO Valid Step: 39 / 94, Loss(batch): 257.52288818359375
2026-05-25 06:41:09,525 bp_transformer_v1 INFO Valid Step: 49 / 94, Loss(batch): 246.507568359375
2026-05-25 06:41:10,518 bp_transformer_v1 INFO Valid Step: 59 / 94, Loss(batch): 211.23672485351562
2026-05-25 06:41:11,582 bp_transformer_v1 INFO Valid Step: 69 / 94, Loss(batch): 211.86691284179688
2026-05-25 06:41:12,525 bp_transformer_v1 INFO Valid Step: 79 / 94, Loss(batch): 250.68374633789062
2026-05-25 06:41:13,513 bp_transformer_v1 INFO Valid Step: 89 / 94, Loss(batch): 207.89151000976562
2026-05-25 06:49:11,546 bp_transformer_v1 INFO ########valid metric###########
2026-05-25 06:49:11,546 bp_transformer_v1 INFO epoch7, train_loss201.3026521264053, valid_loss:225.0842479949302
2026-05-25 06:49:11,547 bp_transformer_v1 INFO threshold:0.84, f_score0.4403347003456713, auc0.8694386429907373, recall0.4558171395608754, precision0.4258694736842105, aupr0.4306048709192768
2026-05-25 06:49:11,547 bp_transformer_v1 INFO epoch: 8
2026-05-25 06:49:11,549 bp_transformer_v1 INFO training
2026-05-25 06:49:16,457 bp_transformer_v1 INFO Epoch: 8 / 20, Step: 29 / 328, Loss(batch): 189.5034942626953
2026-05-25 06:49:21,226 bp_transformer_v1 INFO Epoch: 8 / 20, Step: 59 / 328, Loss(batch): 206.44564819335938
2026-05-25 06:49:26,056 bp_transformer_v1 INFO Epoch: 8 / 20, Step: 89 / 328, Loss(batch): 179.7635498046875
2026-05-25 06:49:30,933 bp_transformer_v1 INFO Epoch: 8 / 20, Step: 119 / 328, Loss(batch): 219.80575561523438
2026-05-25 06:49:35,644 bp_transformer_v1 INFO Epoch: 8 / 20, Step: 149 / 328, Loss(batch): 197.89935302734375
2026-05-25 06:49:40,412 bp_transformer_v1 INFO Epoch: 8 / 20, Step: 179 / 328, Loss(batch): 166.48387145996094
2026-05-25 06:49:45,103 bp_transformer_v1 INFO Epoch: 8 / 20, Step: 209 / 328, Loss(batch): 182.52468872070312
2026-05-25 06:49:50,386 bp_transformer_v1 INFO Epoch: 8 / 20, Step: 239 / 328, Loss(batch): 206.82937622070312
2026-05-25 06:49:55,470 bp_transformer_v1 INFO Epoch: 8 / 20, Step: 269 / 328, Loss(batch): 173.03695678710938
2026-05-25 06:50:00,317 bp_transformer_v1 INFO Epoch: 8 / 20, Step: 299 / 328, Loss(batch): 198.0779571533203
2026-05-25 06:50:04,785 bp_transformer_v1 INFO epoch: 9
2026-05-25 06:50:04,787 bp_transformer_v1 INFO training
2026-05-25 06:50:09,714 bp_transformer_v1 INFO Epoch: 9 / 20, Step: 29 / 328, Loss(batch): 219.39224243164062
2026-05-25 06:50:14,555 bp_transformer_v1 INFO Epoch: 9 / 20, Step: 59 / 328, Loss(batch): 170.43370056152344
2026-05-25 06:50:19,257 bp_transformer_v1 INFO Epoch: 9 / 20, Step: 89 / 328, Loss(batch): 165.71878051757812
2026-05-25 06:50:23,922 bp_transformer_v1 INFO Epoch: 9 / 20, Step: 119 / 328, Loss(batch): 204.27076721191406
2026-05-25 06:50:28,707 bp_transformer_v1 INFO Epoch: 9 / 20, Step: 149 / 328, Loss(batch): 157.99163818359375
2026-05-25 06:50:33,571 bp_transformer_v1 INFO Epoch: 9 / 20, Step: 179 / 328, Loss(batch): 227.1622314453125
2026-05-25 06:50:38,608 bp_transformer_v1 INFO Epoch: 9 / 20, Step: 209 / 328, Loss(batch): 159.88729858398438
2026-05-25 06:50:43,445 bp_transformer_v1 INFO Epoch: 9 / 20, Step: 239 / 328, Loss(batch): 208.9862060546875
2026-05-25 06:50:48,273 bp_transformer_v1 INFO Epoch: 9 / 20, Step: 269 / 328, Loss(batch): 183.00445556640625
2026-05-25 06:50:53,016 bp_transformer_v1 INFO Epoch: 9 / 20, Step: 299 / 328, Loss(batch): 165.78561401367188
2026-05-25 06:50:57,524 bp_transformer_v1 INFO epoch: 10
2026-05-25 06:50:57,525 bp_transformer_v1 INFO training
2026-05-25 06:51:02,298 bp_transformer_v1 INFO Epoch: 10 / 20, Step: 29 / 328, Loss(batch): 181.30300903320312
2026-05-25 06:51:06,598 bp_transformer_v1 INFO Epoch: 10 / 20, Step: 59 / 328, Loss(batch): 184.85877990722656
2026-05-25 06:51:10,834 bp_transformer_v1 INFO Epoch: 10 / 20, Step: 89 / 328, Loss(batch): 206.6190948486328
2026-05-25 06:51:15,264 bp_transformer_v1 INFO Epoch: 10 / 20, Step: 119 / 328, Loss(batch): 204.69381713867188
2026-05-25 06:51:19,936 bp_transformer_v1 INFO Epoch: 10 / 20, Step: 149 / 328, Loss(batch): 215.26412963867188
2026-05-25 06:51:24,831 bp_transformer_v1 INFO Epoch: 10 / 20, Step: 179 / 328, Loss(batch): 193.7424774169922
2026-05-25 06:51:29,482 bp_transformer_v1 INFO Epoch: 10 / 20, Step: 209 / 328, Loss(batch): 223.29568481445312
2026-05-25 06:51:34,179 bp_transformer_v1 INFO Epoch: 10 / 20, Step: 239 / 328, Loss(batch): 198.7091827392578
2026-05-25 06:51:38,778 bp_transformer_v1 INFO Epoch: 10 / 20, Step: 269 / 328, Loss(batch): 223.35452270507812
2026-05-25 06:51:43,363 bp_transformer_v1 INFO Epoch: 10 / 20, Step: 299 / 328, Loss(batch): 162.6138916015625
2026-05-25 06:51:47,795 bp_transformer_v1 INFO epoch: 11
2026-05-25 06:51:47,796 bp_transformer_v1 INFO training
2026-05-25 06:51:52,453 bp_transformer_v1 INFO Epoch: 11 / 20, Step: 29 / 328, Loss(batch): 206.07720947265625
2026-05-25 06:51:57,105 bp_transformer_v1 INFO Epoch: 11 / 20, Step: 59 / 328, Loss(batch): 220.86561584472656
2026-05-25 06:52:01,724 bp_transformer_v1 INFO Epoch: 11 / 20, Step: 89 / 328, Loss(batch): 255.44085693359375
2026-05-25 06:52:06,355 bp_transformer_v1 INFO Epoch: 11 / 20, Step: 119 / 328, Loss(batch): 179.1361083984375
2026-05-25 06:52:10,996 bp_transformer_v1 INFO Epoch: 11 / 20, Step: 149 / 328, Loss(batch): 225.619873046875
2026-05-25 06:52:15,669 bp_transformer_v1 INFO Epoch: 11 / 20, Step: 179 / 328, Loss(batch): 207.654296875
2026-05-25 06:52:20,334 bp_transformer_v1 INFO Epoch: 11 / 20, Step: 209 / 328, Loss(batch): 194.08468627929688
2026-05-25 06:52:25,202 bp_transformer_v1 INFO Epoch: 11 / 20, Step: 239 / 328, Loss(batch): 201.99703979492188
2026-05-25 06:52:29,942 bp_transformer_v1 INFO Epoch: 11 / 20, Step: 269 / 328, Loss(batch): 140.52175903320312
2026-05-25 06:52:34,667 bp_transformer_v1 INFO Epoch: 11 / 20, Step: 299 / 328, Loss(batch): 186.13609313964844
2026-05-25 06:52:39,086 bp_transformer_v1 INFO validating
2026-05-25 06:52:40,156 bp_transformer_v1 INFO Valid Step: 9 / 94, Loss(batch): 187.95956420898438
2026-05-25 06:52:41,183 bp_transformer_v1 INFO Valid Step: 19 / 94, Loss(batch): 231.046875
2026-05-25 06:52:42,147 bp_transformer_v1 INFO Valid Step: 29 / 94, Loss(batch): 273.17401123046875
2026-05-25 06:52:43,116 bp_transformer_v1 INFO Valid Step: 39 / 94, Loss(batch): 245.8870849609375
2026-05-25 06:52:44,112 bp_transformer_v1 INFO Valid Step: 49 / 94, Loss(batch): 240.4518585205078
2026-05-25 06:52:45,153 bp_transformer_v1 INFO Valid Step: 59 / 94, Loss(batch): 287.032470703125
2026-05-25 06:52:46,129 bp_transformer_v1 INFO Valid Step: 69 / 94, Loss(batch): 222.86614990234375
2026-05-25 06:52:47,104 bp_transformer_v1 INFO Valid Step: 79 / 94, Loss(batch): 241.61477661132812
2026-05-25 06:52:48,018 bp_transformer_v1 INFO Valid Step: 89 / 94, Loss(batch): 213.05288696289062
2026-05-25 07:00:42,179 bp_transformer_v1 INFO ########valid metric###########
2026-05-25 07:00:42,180 bp_transformer_v1 INFO epoch11, train_loss198.05329485637387, valid_loss:224.5115974913252
2026-05-25 07:00:42,181 bp_transformer_v1 INFO threshold:0.86, f_score0.44870057109809874, auc0.8724475847851778, recall0.44755200634531495, precision0.44985504620402245, aupr0.43818759284567393
2026-05-25 07:00:42,181 bp_transformer_v1 INFO epoch: 12
2026-05-25 07:00:42,182 bp_transformer_v1 INFO training
2026-05-25 07:00:47,782 bp_transformer_v1 INFO Epoch: 12 / 20, Step: 29 / 328, Loss(batch): 220.39495849609375
2026-05-25 07:00:53,294 bp_transformer_v1 INFO Epoch: 12 / 20, Step: 59 / 328, Loss(batch): 189.24490356445312
2026-05-25 07:00:57,743 bp_transformer_v1 INFO Epoch: 12 / 20, Step: 89 / 328, Loss(batch): 186.24905395507812
2026-05-25 07:01:02,683 bp_transformer_v1 INFO Epoch: 12 / 20, Step: 119 / 328, Loss(batch): 173.45700073242188
2026-05-25 07:01:07,618 bp_transformer_v1 INFO Epoch: 12 / 20, Step: 149 / 328, Loss(batch): 222.92605590820312
2026-05-25 07:01:12,373 bp_transformer_v1 INFO Epoch: 12 / 20, Step: 179 / 328, Loss(batch): 266.224853515625
2026-05-25 07:01:17,117 bp_transformer_v1 INFO Epoch: 12 / 20, Step: 209 / 328, Loss(batch): 212.05076599121094
2026-05-25 07:01:21,770 bp_transformer_v1 INFO Epoch: 12 / 20, Step: 239 / 328, Loss(batch): 188.9171905517578
2026-05-25 07:01:26,347 bp_transformer_v1 INFO Epoch: 12 / 20, Step: 269 / 328, Loss(batch): 218.25570678710938
2026-05-25 07:01:31,023 bp_transformer_v1 INFO Epoch: 12 / 20, Step: 299 / 328, Loss(batch): 167.06570434570312
2026-05-25 07:01:35,347 bp_transformer_v1 INFO epoch: 13
2026-05-25 07:01:35,349 bp_transformer_v1 INFO training
2026-05-25 07:01:39,957 bp_transformer_v1 INFO Epoch: 13 / 20, Step: 29 / 328, Loss(batch): 152.65158081054688
2026-05-25 07:01:44,628 bp_transformer_v1 INFO Epoch: 13 / 20, Step: 59 / 328, Loss(batch): 189.22225952148438
2026-05-25 07:01:49,316 bp_transformer_v1 INFO Epoch: 13 / 20, Step: 89 / 328, Loss(batch): 158.8855438232422
2026-05-25 07:01:53,922 bp_transformer_v1 INFO Epoch: 13 / 20, Step: 119 / 328, Loss(batch): 203.4453125
2026-05-25 07:01:59,077 bp_transformer_v1 INFO Epoch: 13 / 20, Step: 149 / 328, Loss(batch): 244.93812561035156
2026-05-25 07:02:04,123 bp_transformer_v1 INFO Epoch: 13 / 20, Step: 179 / 328, Loss(batch): 139.27130126953125
2026-05-25 07:02:09,270 bp_transformer_v1 INFO Epoch: 13 / 20, Step: 209 / 328, Loss(batch): 190.3086700439453
2026-05-25 07:02:14,162 bp_transformer_v1 INFO Epoch: 13 / 20, Step: 239 / 328, Loss(batch): 151.779296875
2026-05-25 07:02:19,317 bp_transformer_v1 INFO Epoch: 13 / 20, Step: 269 / 328, Loss(batch): 220.1485595703125
2026-05-25 07:02:24,397 bp_transformer_v1 INFO Epoch: 13 / 20, Step: 299 / 328, Loss(batch): 172.39646911621094
2026-05-25 07:02:29,178 bp_transformer_v1 INFO epoch: 14
2026-05-25 07:02:29,180 bp_transformer_v1 INFO training
2026-05-25 07:02:33,773 bp_transformer_v1 INFO Epoch: 14 / 20, Step: 29 / 328, Loss(batch): 158.81353759765625
2026-05-25 07:02:38,402 bp_transformer_v1 INFO Epoch: 14 / 20, Step: 59 / 328, Loss(batch): 193.12045288085938
2026-05-25 07:02:43,027 bp_transformer_v1 INFO Epoch: 14 / 20, Step: 89 / 328, Loss(batch): 197.54977416992188
2026-05-25 07:02:48,013 bp_transformer_v1 INFO Epoch: 14 / 20, Step: 119 / 328, Loss(batch): 209.1363983154297
2026-05-25 07:02:52,974 bp_transformer_v1 INFO Epoch: 14 / 20, Step: 149 / 328, Loss(batch): 226.94483947753906
2026-05-25 07:02:58,017 bp_transformer_v1 INFO Epoch: 14 / 20, Step: 179 / 328, Loss(batch): 147.62603759765625
2026-05-25 07:03:02,903 bp_transformer_v1 INFO Epoch: 14 / 20, Step: 209 / 328, Loss(batch): 178.28903198242188
2026-05-25 07:03:08,416 bp_transformer_v1 INFO Epoch: 14 / 20, Step: 239 / 328, Loss(batch): 197.9298858642578
2026-05-25 07:03:13,507 bp_transformer_v1 INFO Epoch: 14 / 20, Step: 269 / 328, Loss(batch): 169.23191833496094
2026-05-25 07:03:18,276 bp_transformer_v1 INFO Epoch: 14 / 20, Step: 299 / 328, Loss(batch): 167.06002807617188
2026-05-25 07:03:22,557 bp_transformer_v1 INFO epoch: 15
2026-05-25 07:03:22,558 bp_transformer_v1 INFO training
2026-05-25 07:03:27,166 bp_transformer_v1 INFO Epoch: 15 / 20, Step: 29 / 328, Loss(batch): 162.81048583984375
2026-05-25 07:03:32,020 bp_transformer_v1 INFO Epoch: 15 / 20, Step: 59 / 328, Loss(batch): 178.3402862548828
2026-05-25 07:03:36,779 bp_transformer_v1 INFO Epoch: 15 / 20, Step: 89 / 328, Loss(batch): 256.34832763671875
2026-05-25 07:03:41,354 bp_transformer_v1 INFO Epoch: 15 / 20, Step: 119 / 328, Loss(batch): 243.2812042236328
2026-05-25 07:03:46,065 bp_transformer_v1 INFO Epoch: 15 / 20, Step: 149 / 328, Loss(batch): 176.4720458984375
2026-05-25 07:03:50,706 bp_transformer_v1 INFO Epoch: 15 / 20, Step: 179 / 328, Loss(batch): 186.69639587402344
2026-05-25 07:03:55,405 bp_transformer_v1 INFO Epoch: 15 / 20, Step: 209 / 328, Loss(batch): 220.18780517578125
2026-05-25 07:04:00,046 bp_transformer_v1 INFO Epoch: 15 / 20, Step: 239 / 328, Loss(batch): 138.89352416992188
2026-05-25 07:04:04,702 bp_transformer_v1 INFO Epoch: 15 / 20, Step: 269 / 328, Loss(batch): 200.5220947265625
2026-05-25 07:04:09,346 bp_transformer_v1 INFO Epoch: 15 / 20, Step: 299 / 328, Loss(batch): 233.96505737304688
2026-05-25 07:04:14,191 bp_transformer_v1 INFO validating
2026-05-25 07:04:15,388 bp_transformer_v1 INFO Valid Step: 9 / 94, Loss(batch): 246.15237426757812
2026-05-25 07:04:16,422 bp_transformer_v1 INFO Valid Step: 19 / 94, Loss(batch): 269.8031921386719
2026-05-25 07:04:17,407 bp_transformer_v1 INFO Valid Step: 29 / 94, Loss(batch): 180.52816772460938
2026-05-25 07:04:18,385 bp_transformer_v1 INFO Valid Step: 39 / 94, Loss(batch): 259.59942626953125
2026-05-25 07:04:19,323 bp_transformer_v1 INFO Valid Step: 49 / 94, Loss(batch): 201.42562866210938
2026-05-25 07:04:20,267 bp_transformer_v1 INFO Valid Step: 59 / 94, Loss(batch): 251.38076782226562
2026-05-25 07:04:21,207 bp_transformer_v1 INFO Valid Step: 69 / 94, Loss(batch): 184.88143920898438
2026-05-25 07:04:22,157 bp_transformer_v1 INFO Valid Step: 79 / 94, Loss(batch): 236.43238830566406
2026-05-25 07:04:23,104 bp_transformer_v1 INFO Valid Step: 89 / 94, Loss(batch): 276.8711242675781
2026-05-25 07:12:08,890 bp_transformer_v1 INFO ########valid metric###########
2026-05-25 07:12:08,890 bp_transformer_v1 INFO epoch15, train_loss195.32405083353927, valid_loss:224.61159677708403
2026-05-25 07:12:08,890 bp_transformer_v1 INFO threshold:0.85, f_score0.4434812996488357, auc0.8713815918262012, recall0.4689674442080975, precision0.42062247372675826, aupr0.42994654433226986
2026-05-25 07:12:08,890 bp_transformer_v1 INFO epoch: 16
2026-05-25 07:12:08,891 bp_transformer_v1 INFO training
2026-05-25 07:12:14,336 bp_transformer_v1 INFO Epoch: 16 / 20, Step: 29 / 328, Loss(batch): 144.06336975097656
2026-05-25 07:12:19,582 bp_transformer_v1 INFO Epoch: 16 / 20, Step: 59 / 328, Loss(batch): 217.84422302246094
2026-05-25 07:12:24,299 bp_transformer_v1 INFO Epoch: 16 / 20, Step: 89 / 328, Loss(batch): 166.35836791992188
2026-05-25 07:12:29,330 bp_transformer_v1 INFO Epoch: 16 / 20, Step: 119 / 328, Loss(batch): 166.74209594726562
2026-05-25 07:12:34,382 bp_transformer_v1 INFO Epoch: 16 / 20, Step: 149 / 328, Loss(batch): 186.03407287597656
2026-05-25 07:12:39,263 bp_transformer_v1 INFO Epoch: 16 / 20, Step: 179 / 328, Loss(batch): 217.1687774658203
2026-05-25 07:12:44,234 bp_transformer_v1 INFO Epoch: 16 / 20, Step: 209 / 328, Loss(batch): 292.635498046875
2026-05-25 07:12:49,251 bp_transformer_v1 INFO Epoch: 16 / 20, Step: 239 / 328, Loss(batch): 161.3370819091797
2026-05-25 07:12:54,283 bp_transformer_v1 INFO Epoch: 16 / 20, Step: 269 / 328, Loss(batch): 226.66925048828125
2026-05-25 07:12:59,524 bp_transformer_v1 INFO Epoch: 16 / 20, Step: 299 / 328, Loss(batch): 216.60186767578125
2026-05-25 07:13:04,019 bp_transformer_v1 INFO epoch: 17
2026-05-25 07:13:04,021 bp_transformer_v1 INFO training
2026-05-25 07:13:09,009 bp_transformer_v1 INFO Epoch: 17 / 20, Step: 29 / 328, Loss(batch): 188.36056518554688
2026-05-25 07:13:14,137 bp_transformer_v1 INFO Epoch: 17 / 20, Step: 59 / 328, Loss(batch): 126.60060119628906
2026-05-25 07:13:18,870 bp_transformer_v1 INFO Epoch: 17 / 20, Step: 89 / 328, Loss(batch): 333.89892578125
2026-05-25 07:13:23,457 bp_transformer_v1 INFO Epoch: 17 / 20, Step: 119 / 328, Loss(batch): 211.09716796875
2026-05-25 07:13:28,049 bp_transformer_v1 INFO Epoch: 17 / 20, Step: 149 / 328, Loss(batch): 194.97293090820312
2026-05-25 07:13:32,634 bp_transformer_v1 INFO Epoch: 17 / 20, Step: 179 / 328, Loss(batch): 204.71031188964844
2026-05-25 07:13:37,213 bp_transformer_v1 INFO Epoch: 17 / 20, Step: 209 / 328, Loss(batch): 152.63601684570312
2026-05-25 07:13:41,781 bp_transformer_v1 INFO Epoch: 17 / 20, Step: 239 / 328, Loss(batch): 169.11285400390625
2026-05-25 07:13:46,285 bp_transformer_v1 INFO Epoch: 17 / 20, Step: 269 / 328, Loss(batch): 218.26715087890625
2026-05-25 07:13:50,920 bp_transformer_v1 INFO Epoch: 17 / 20, Step: 299 / 328, Loss(batch): 167.48077392578125
2026-05-25 07:13:55,232 bp_transformer_v1 INFO epoch: 18
2026-05-25 07:13:55,234 bp_transformer_v1 INFO training
2026-05-25 07:13:59,858 bp_transformer_v1 INFO Epoch: 18 / 20, Step: 29 / 328, Loss(batch): 178.74777221679688
2026-05-25 07:14:04,464 bp_transformer_v1 INFO Epoch: 18 / 20, Step: 59 / 328, Loss(batch): 224.8288116455078
2026-05-25 07:14:09,088 bp_transformer_v1 INFO Epoch: 18 / 20, Step: 89 / 328, Loss(batch): 193.2306671142578
2026-05-25 07:14:13,702 bp_transformer_v1 INFO Epoch: 18 / 20, Step: 119 / 328, Loss(batch): 170.26625061035156
2026-05-25 07:14:18,282 bp_transformer_v1 INFO Epoch: 18 / 20, Step: 149 / 328, Loss(batch): 212.20956420898438
2026-05-25 07:14:23,209 bp_transformer_v1 INFO Epoch: 18 / 20, Step: 179 / 328, Loss(batch): 160.61575317382812
2026-05-25 07:14:27,973 bp_transformer_v1 INFO Epoch: 18 / 20, Step: 209 / 328, Loss(batch): 186.36691284179688
2026-05-25 07:14:32,764 bp_transformer_v1 INFO Epoch: 18 / 20, Step: 239 / 328, Loss(batch): 141.45252990722656
2026-05-25 07:14:37,518 bp_transformer_v1 INFO Epoch: 18 / 20, Step: 269 / 328, Loss(batch): 179.47537231445312
2026-05-25 07:14:42,288 bp_transformer_v1 INFO Epoch: 18 / 20, Step: 299 / 328, Loss(batch): 189.7972869873047
2026-05-25 07:14:46,758 bp_transformer_v1 INFO epoch: 19
2026-05-25 07:14:46,760 bp_transformer_v1 INFO training
2026-05-25 07:14:51,865 bp_transformer_v1 INFO Epoch: 19 / 20, Step: 29 / 328, Loss(batch): 205.29010009765625
2026-05-25 07:14:56,601 bp_transformer_v1 INFO Epoch: 19 / 20, Step: 59 / 328, Loss(batch): 191.53286743164062
2026-05-25 07:15:01,405 bp_transformer_v1 INFO Epoch: 19 / 20, Step: 89 / 328, Loss(batch): 163.14889526367188
2026-05-25 07:15:06,182 bp_transformer_v1 INFO Epoch: 19 / 20, Step: 119 / 328, Loss(batch): 143.56362915039062
2026-05-25 07:15:10,961 bp_transformer_v1 INFO Epoch: 19 / 20, Step: 149 / 328, Loss(batch): 165.48873901367188
2026-05-25 07:15:15,758 bp_transformer_v1 INFO Epoch: 19 / 20, Step: 179 / 328, Loss(batch): 186.9046173095703
2026-05-25 07:15:21,298 bp_transformer_v1 INFO Epoch: 19 / 20, Step: 209 / 328, Loss(batch): 258.1658630371094
2026-05-25 07:15:26,719 bp_transformer_v1 INFO Epoch: 19 / 20, Step: 239 / 328, Loss(batch): 225.39230346679688
2026-05-25 07:15:31,995 bp_transformer_v1 INFO Epoch: 19 / 20, Step: 269 / 328, Loss(batch): 167.88131713867188
2026-05-25 07:15:36,521 bp_transformer_v1 INFO Epoch: 19 / 20, Step: 299 / 328, Loss(batch): 184.72247314453125
2026-05-25 07:15:41,554 bp_transformer_v1 INFO validating
2026-05-25 07:15:42,815 bp_transformer_v1 INFO Valid Step: 9 / 94, Loss(batch): 243.21420288085938
2026-05-25 07:15:43,779 bp_transformer_v1 INFO Valid Step: 19 / 94, Loss(batch): 287.1923828125
2026-05-25 07:15:44,687 bp_transformer_v1 INFO Valid Step: 29 / 94, Loss(batch): 220.59503173828125
2026-05-25 07:15:45,593 bp_transformer_v1 INFO Valid Step: 39 / 94, Loss(batch): 197.92202758789062
2026-05-25 07:15:46,500 bp_transformer_v1 INFO Valid Step: 49 / 94, Loss(batch): 189.51461791992188
2026-05-25 07:15:47,409 bp_transformer_v1 INFO Valid Step: 59 / 94, Loss(batch): 194.42041015625
2026-05-25 07:15:48,313 bp_transformer_v1 INFO Valid Step: 69 / 94, Loss(batch): 240.71530151367188
2026-05-25 07:15:49,223 bp_transformer_v1 INFO Valid Step: 79 / 94, Loss(batch): 204.7028350830078
2026-05-25 07:15:50,141 bp_transformer_v1 INFO Valid Step: 89 / 94, Loss(batch): 245.0660400390625
2026-05-25 07:23:39,503 bp_transformer_v1 INFO ########valid metric###########
2026-05-25 07:23:39,503 bp_transformer_v1 INFO epoch19, train_loss194.4507845204051, valid_loss:224.4819401680155
2026-05-25 07:23:39,503 bp_transformer_v1 INFO threshold:0.86, f_score0.44186205774844417, auc0.8709639245867298, recall0.46523596639867326, precision0.4207244510376082, aupr0.4273720801965671
2026-05-25 07:23:39,504 bp_transformer_v1 INFO best_fscore: 0.44870057109809874
2026-05-25 07:23:39,504 bp_transformer_v1 INFO best_scores[thresh,fmax,recall,precision,auc]: [0.86, 0.44870057109809874, 0.44755200634531495, 0.44985504620402245, 0.8724475847851778]
2026-05-25 07:23:39,504 bp_transformer_v1 INFO best_aupr: 0.43818759284567393
2026-05-25 07:23:39,504 bp_transformer_v1 INFO best_score_dict: {0.01: [0.12302294463662251, 0.9989815048491185, 0.06554750663991186, 0.8724475847851778], 0.02: [0.1271240503392681, 0.99772866568122, 0.06788687564968615, 0.8724475847851778], 0.03: [0.1305384151673296, 0.9963766809676605, 0.06984447905379577, 0.8724475847851778], 0.04: [0.13375118717655496, 0.9951508814940332, 0.0716935016765929, 0.8724475847851778], 0.05: [0.13676593987046792, 0.9938169232433212, 0.07343598377857448, 0.8724475847851778], 0.06: [0.1397289649659303, 0.9925280311497278, 0.07515465127706739, 0.8724475847851778], 0.07: [0.1425342183281069, 0.9905991996250496, 0.07679177310356007, 0.8724475847851778], 0.08: [0.1453473502311781, 0.9885802357861341, 0.07844005269338429, 0.8724475847851778], 0.09: [0.14817641673551496, 0.9868947615098965, 0.08010159926668271, 0.8724475847851778], 0.1: [0.15088608084326977, 0.9849298770595234, 0.08170113247836089, 0.8724475847851778], 0.11: [0.15354636250829248, 0.9825774236579299, 0.08328023993631849, 0.8724475847851778], 0.12: [0.15629599777594355, 0.9805133936618957, 0.08491588888637369, 0.8724475847851778], 0.13: [0.15896474991927212, 0.9783772578144716, 0.08651039130472898, 0.8724475847851778], 0.14: [0.16169355139698582, 0.9762050690413527, 0.08814687130205205, 0.8724475847851778], 0.15: [0.16431376098088143, 0.9736813642427083, 0.0897279042087261, 0.8724475847851778], 0.16: [0.1669965605271275, 0.9710765403612504, 0.0913533203433031, 0.8724475847851778], 0.17: [0.16971607886005036, 0.9683635577027075, 0.09300839809443506, 0.8724475847851778], 0.18: [0.1725197071641409, 0.965677614738436, 0.09472086343274279, 0.8724475847851778], 0.19: [0.17538814325660337, 0.9630547643941306, 0.0964793075456825, 0.8724475847851778], 0.2: [0.17826719580039843, 0.9601705303385369, 0.09825467873932521, 0.8724475847851778], 0.21: [0.18122213189361092, 0.9573854418286044, 0.10008338711881015, 0.8724475847851778], 0.22: [0.18423788186805778, 0.9544831813101633, 0.10195921361869614, 0.8724475847851778], 0.23: [0.1872256544372567, 0.9511032195262645, 0.10383260518754674, 0.8724475847851778], 0.24: [0.190304715908217, 0.9479035223708404, 0.1057697239596062, 0.8724475847851778], 0.25: [0.19337742967359542, 0.9445415870497891, 0.10771504721495008, 0.8724475847851778], 0.26: [0.19639369800231038, 0.9408551753974835, 0.10963994622300648, 0.8724475847851778], 0.27: [0.19953188999414861, 0.9374211342250424, 0.11164821339241816, 0.8724475847851778], 0.28: [0.2026323407451453, 0.9337437358041605, 0.11364753325054522, 0.8724475847851778], 0.29: [0.20582116850194565, 0.9301114035403973, 0.11571350719775376, 0.8724475847851778], 0.3: [0.2090298962782184, 0.926379925730973, 0.11780590794679822, 0.8724475847851778], 0.31: [0.21238681036002863, 0.922774633161481, 0.12000346952793321, 0.8724475847851778], 0.32: [0.21571998895328107, 0.9187727584093449, 0.12220651721736087, 0.8724475847851778], 0.33: [0.21901683225489615, 0.9144734470202257, 0.12440607346970806, 0.8724475847851778], 0.34: [0.22236563592351694, 0.9099397916140894, 0.12665888817795176, 0.8724475847851778], 0.35: [0.22572632009428484, 0.9054331759022245, 0.1289350434656491, 0.8724475847851778], 0.36: [0.22924201589541537, 0.9012059703644951, 0.1313235589634072, 0.8724475847851778], 0.37: [0.23279567564531212, 0.8964830370984606, 0.13376575694529433, 0.8724475847851778], 0.38: [0.23640662503419924, 0.8917420773695786, 0.13626578556288124, 0.8724475847851778], 0.39: [0.24004789934309123, 0.8871363161120525, 0.13880313916838832, 0.8724475847851778], 0.4: [0.2437656093206475, 0.8823683166888993, 0.14141692837063638, 0.8724475847851778], 0.41: [0.24751203933952717, 0.8773930129430003, 0.14407820732934698, 0.8724475847851778], 0.42: [0.2512866398538237, 0.8720211270144572, 0.1467937931756491, 0.8724475847851778], 0.43: [0.2550565449540676, 0.8664779896888632, 0.14953715874109666, 0.8724475847851778], 0.44: [0.2589632472308722, 0.8612322890002524, 0.15239310377824916, 0.8724475847851778], 0.45: [0.2628592465061435, 0.8559415221545228, 0.15527153101833532, 0.8724475847851778], 0.46: [0.266827096414791, 0.8504795039117424, 0.15823577648875853, 0.8724475847851778], 0.47: [0.27102031380934494, 0.8453690016944875, 0.16137868380844883, 0.8724475847851778], 0.48: [0.2751124592768935, 0.8395284277319105, 0.16451130900446143, 0.8724475847851778], 0.49: [0.27942732507679185, 0.8342737138118759, 0.16781765075957697, 0.8724475847851778], 0.5: [0.2837322812038362, 0.828361033997909, 0.17118318584565295, 0.8724475847851778], 0.51: [0.28817637548628305, 0.8225655261924505, 0.17468818669749708, 0.8724475847851778], 0.52: [0.29249965286635515, 0.8164275155928904, 0.17816526032139415, 0.8724475847851778], 0.53: [0.29697920299352604, 0.8097667375707539, 0.1818329012266971, 0.8724475847851778], 0.54: [0.30139099372158473, 0.8030428669286512, 0.1855069084125226, 0.8724475847851778], 0.55: [0.3059027609464915, 0.7963099830551249, 0.18931387674637867, 0.8724475847851778], 0.56: [0.31051416237060875, 0.789631178570141, 0.19325478846488975, 0.8724475847851778], 0.57: [0.31526363939996804, 0.7827090168367163, 0.19738337470110648, 0.8724475847851778], 0.58: [0.3199124067509262, 0.7755615243176984, 0.2015185260648301, 0.8724475847851778], 0.59: [0.3247400383773288, 0.7680174496160364, 0.20590033370304053, 0.8724475847851778], 0.6: [0.3295388612676675, 0.7602029779716624, 0.21036472064189635, 0.8724475847851778], 0.61: [0.3343713554003198, 0.7519738976817969, 0.21498255505336555, 0.8724475847851778], 0.62: [0.33919608327162015, 0.7430958647294228, 0.21975254016824283, 0.8724475847851778], 0.63: [0.34410491786657993, 0.7341817788513538, 0.22471302577457522, 0.8724475847851778], 0.64: [0.3490851937721972, 0.7246818329307423, 0.22991970168374817, 0.8724475847851778], 0.65: [0.3543702539698129, 0.7154703104156902, 0.2355084288164055, 0.8724475847851778], 0.66: [0.3597236884380594, 0.7063939863719941, 0.2413021256681199, 0.8724475847851778], 0.67: [0.36523561000009436, 0.6976241121967047, 0.24737286185472118, 0.8724475847851778], 0.68: [0.3703108812061599, 0.6878177164076865, 0.25335737027851646, 0.8724475847851778], 0.69: [0.3756864977133385, 0.678218624941414, 0.2597985057106161, 0.8724475847851778], 0.7: [0.38101155327342745, 0.6687997981036161, 0.26638473247364947, 0.8724475847851778], 0.71: [0.3864855296461276, 0.6592457727944623, 0.2733769388899271, 0.8724475847851778], 0.72: [0.39168803761649773, 0.6490788477484948, 0.2804687591280675, 0.8724475847851778], 0.73: [0.39734297485916087, 0.6388938962396798, 0.28833153000707773, 0.8724475847851778], 0.74: [0.4024549241581073, 0.6273930129430003, 0.2962433342270683, 0.8724475847851778], 0.75: [0.4079450509102958, 0.615883116414897, 0.30497694741869114, 0.8724475847851778], 0.76: [0.41298537141800135, 0.6036972275300141, 0.313840977991444, 0.8724475847851778], 0.77: [0.4178692449179314, 0.5907542272055377, 0.32326525378169496, 0.8724475847851778], 0.78: [0.423142655413832, 0.5779824782781122, 0.3337358050648986, 0.8724475847851778], 0.79: [0.42819943273075217, 0.5646969751595342, 0.3448442883719906, 0.8724475847851778], 0.8: [0.4327719482212571, 0.5505371885928543, 0.3565108270588922, 0.8724475847851778], 0.81: [0.43681266102318733, 0.534854165915564, 0.3691462625659401, 0.8724475847851778], 0.82: [0.4407378050414891, 0.5187114684356635, 0.383143037848274, 0.8724475847851778], 0.83: [0.44498584473065117, 0.5029293002127123, 0.39901460219390456, 0.8724475847851778], 0.84: [0.44724346644843155, 0.4851822475393878, 0.4148076226583751, 0.8724475847851778], 0.85: [0.44867186891038685, 0.4669304539063345, 0.4317874943739686, 0.8724475847851778], 0.86: [0.44870057109809874, 0.44755200634531495, 0.44985504620402245, 0.8724475847851778]}
