2026-06-23 03:22:09,531 bp_transformer_v4 INFO #########bp###########
2026-06-23 03:22:09,531 bp_transformer_v4 INFO ########start training###########
2026-06-23 03:22:09,531 bp_transformer_v4 INFO epoch: 0
2026-06-23 03:22:09,532 bp_transformer_v4 INFO training
2026-06-23 03:22:49,645 bp_transformer_v4 INFO Epoch: 0 / 50, Step: 29 / 82, Loss(batch): 0.23411279916763306
2026-06-23 03:23:01,448 bp_transformer_v4 INFO Epoch: 0 / 50, Step: 59 / 82, Loss(batch): 0.19309267401695251
2026-06-23 03:23:09,327 bp_transformer_v4 INFO epoch: 1
2026-06-23 03:23:09,329 bp_transformer_v4 INFO training
2026-06-23 03:23:19,599 bp_transformer_v4 INFO Epoch: 1 / 50, Step: 29 / 82, Loss(batch): 0.2021353542804718
2026-06-23 03:23:29,749 bp_transformer_v4 INFO Epoch: 1 / 50, Step: 59 / 82, Loss(batch): 0.1718950867652893
2026-06-23 03:23:37,163 bp_transformer_v4 INFO epoch: 2
2026-06-23 03:23:37,165 bp_transformer_v4 INFO training
2026-06-23 03:23:47,237 bp_transformer_v4 INFO Epoch: 2 / 50, Step: 29 / 82, Loss(batch): 0.2048613280057907
2026-06-23 03:23:57,256 bp_transformer_v4 INFO Epoch: 2 / 50, Step: 59 / 82, Loss(batch): 0.17982269823551178
2026-06-23 03:24:04,746 bp_transformer_v4 INFO epoch: 3
2026-06-23 03:24:04,748 bp_transformer_v4 INFO training
2026-06-23 03:24:15,897 bp_transformer_v4 INFO Epoch: 3 / 50, Step: 29 / 82, Loss(batch): 0.2119322270154953
2026-06-23 03:24:25,916 bp_transformer_v4 INFO Epoch: 3 / 50, Step: 59 / 82, Loss(batch): 0.17815227806568146
2026-06-23 03:24:33,135 bp_transformer_v4 INFO validating
2026-06-23 03:24:35,519 bp_transformer_v4 INFO Valid Step: 9 / 24, Loss(batch): 0.18271327018737793
2026-06-23 03:24:37,918 bp_transformer_v4 INFO Valid Step: 19 / 24, Loss(batch): 0.19135047495365143
2026-06-23 03:31:44,802 bp_transformer_v4 INFO ########valid metric###########
2026-06-23 03:31:44,803 bp_transformer_v4 INFO epoch3, train_loss0.19034519991496715, valid_loss:0.18794385467966399
2026-06-23 03:31:44,803 bp_transformer_v4 INFO threshold:0.16, f_score0.35216160781009015, auc0.7833793729609353, recall0.39925911237696937, precision0.3150031289111389, aupr0.3265542037239172
2026-06-23 03:31:44,803 bp_transformer_v4 INFO epoch: 4
2026-06-23 03:31:44,804 bp_transformer_v4 INFO training
2026-06-23 03:31:54,890 bp_transformer_v4 INFO Epoch: 4 / 50, Step: 29 / 82, Loss(batch): 0.18482519686222076
2026-06-23 03:32:04,762 bp_transformer_v4 INFO Epoch: 4 / 50, Step: 59 / 82, Loss(batch): 0.2119506299495697
2026-06-23 03:32:11,900 bp_transformer_v4 INFO epoch: 5
2026-06-23 03:32:11,901 bp_transformer_v4 INFO training
2026-06-23 03:32:21,455 bp_transformer_v4 INFO Epoch: 5 / 50, Step: 29 / 82, Loss(batch): 0.18143337965011597
2026-06-23 03:32:31,159 bp_transformer_v4 INFO Epoch: 5 / 50, Step: 59 / 82, Loss(batch): 0.19069519639015198
2026-06-23 03:32:38,111 bp_transformer_v4 INFO epoch: 6
2026-06-23 03:32:38,112 bp_transformer_v4 INFO training
2026-06-23 03:32:47,871 bp_transformer_v4 INFO Epoch: 6 / 50, Step: 29 / 82, Loss(batch): 0.18808016180992126
2026-06-23 03:32:57,939 bp_transformer_v4 INFO Epoch: 6 / 50, Step: 59 / 82, Loss(batch): 0.20804277062416077
2026-06-23 03:33:05,037 bp_transformer_v4 INFO epoch: 7
2026-06-23 03:33:05,038 bp_transformer_v4 INFO training
2026-06-23 03:33:14,871 bp_transformer_v4 INFO Epoch: 7 / 50, Step: 29 / 82, Loss(batch): 0.17764990031719208
2026-06-23 03:33:24,669 bp_transformer_v4 INFO Epoch: 7 / 50, Step: 59 / 82, Loss(batch): 0.18875272572040558
2026-06-23 03:33:31,793 bp_transformer_v4 INFO validating
2026-06-23 03:33:34,045 bp_transformer_v4 INFO Valid Step: 9 / 24, Loss(batch): 0.2065289318561554
2026-06-23 03:33:36,264 bp_transformer_v4 INFO Valid Step: 19 / 24, Loss(batch): 0.1920599788427353
2026-06-23 03:40:47,852 bp_transformer_v4 INFO ########valid metric###########
2026-06-23 03:40:47,852 bp_transformer_v4 INFO epoch7, train_loss0.19010235696304134, valid_loss:0.18811473871270815
2026-06-23 03:40:47,852 bp_transformer_v4 INFO threshold:0.17, f_score0.35196407405552493, auc0.7838933389706928, recall0.38005191621300066, precision0.3277421962442482, aupr0.32599586970464095
2026-06-23 03:40:47,853 bp_transformer_v4 INFO epoch: 8
2026-06-23 03:40:47,854 bp_transformer_v4 INFO training
2026-06-23 03:40:58,064 bp_transformer_v4 INFO Epoch: 8 / 50, Step: 29 / 82, Loss(batch): 0.17562036216259003
2026-06-23 03:41:08,127 bp_transformer_v4 INFO Epoch: 8 / 50, Step: 59 / 82, Loss(batch): 0.2180350422859192
2026-06-23 03:41:15,314 bp_transformer_v4 INFO epoch: 9
2026-06-23 03:41:15,316 bp_transformer_v4 INFO training
2026-06-23 03:41:25,096 bp_transformer_v4 INFO Epoch: 9 / 50, Step: 29 / 82, Loss(batch): 0.1813577562570572
2026-06-23 03:41:34,909 bp_transformer_v4 INFO Epoch: 9 / 50, Step: 59 / 82, Loss(batch): 0.21351464092731476
2026-06-23 03:41:42,041 bp_transformer_v4 INFO epoch: 10
2026-06-23 03:41:42,043 bp_transformer_v4 INFO training
2026-06-23 03:41:51,984 bp_transformer_v4 INFO Epoch: 10 / 50, Step: 29 / 82, Loss(batch): 0.20979827642440796
2026-06-23 03:42:02,024 bp_transformer_v4 INFO Epoch: 10 / 50, Step: 59 / 82, Loss(batch): 0.21531081199645996
2026-06-23 03:42:09,281 bp_transformer_v4 INFO epoch: 11
2026-06-23 03:42:09,283 bp_transformer_v4 INFO training
2026-06-23 03:42:19,080 bp_transformer_v4 INFO Epoch: 11 / 50, Step: 29 / 82, Loss(batch): 0.19535714387893677
2026-06-23 03:42:29,057 bp_transformer_v4 INFO Epoch: 11 / 50, Step: 59 / 82, Loss(batch): 0.19279134273529053
2026-06-23 03:42:36,377 bp_transformer_v4 INFO validating
2026-06-23 03:42:38,646 bp_transformer_v4 INFO Valid Step: 9 / 24, Loss(batch): 0.2030901461839676
2026-06-23 03:42:40,871 bp_transformer_v4 INFO Valid Step: 19 / 24, Loss(batch): 0.20501436293125153
2026-06-23 03:49:55,445 bp_transformer_v4 INFO ########valid metric###########
2026-06-23 03:49:55,446 bp_transformer_v4 INFO epoch11, train_loss0.18956575233761858, valid_loss:0.18666379215816656
2026-06-23 03:49:55,446 bp_transformer_v4 INFO threshold:0.16, f_score0.3524338241210073, auc0.7851281474850643, recall0.3948155892850705, precision0.31826900720762613, aupr0.3280151999614584
2026-06-23 03:49:55,446 bp_transformer_v4 INFO epoch: 12
2026-06-23 03:49:55,448 bp_transformer_v4 INFO training
2026-06-23 03:50:05,549 bp_transformer_v4 INFO Epoch: 12 / 50, Step: 29 / 82, Loss(batch): 0.19411854445934296
2026-06-23 03:50:15,440 bp_transformer_v4 INFO Epoch: 12 / 50, Step: 59 / 82, Loss(batch): 0.2050822526216507
2026-06-23 03:50:22,757 bp_transformer_v4 INFdO epoch: 13
2026-06-23 03:50:22,758 bp_transformer_v4 INFO training
2026-06-23 03:50:32,565 bp_transformer_v4 INFO Epoch: 13 / 50, Step: 29 / 82, Loss(batch): 0.1859283447265625
2026-06-23 03:50:42,292 bp_transformer_v4 INFO Epoch: 13 / 50, Step: 59 / 82, Loss(batch): 0.19832848012447357
2026-06-23 03:50:49,405 bp_transformer_v4 INFO epoch: 14
2026-06-23 03:50:49,406 bp_transformer_v4 INFO training
2026-06-23 03:50:59,325 bp_transformer_v4 INFO Epoch: 14 / 50, Step: 29 / 82, Loss(batch): 0.19047780334949493
2026-06-23 03:51:09,044 bp_transformer_v4 INFO Epoch: 14 / 50, Step: 59 / 82, Loss(batch): 0.18500544130802155
2026-06-23 03:51:16,158 bp_transformer_v4 INFO epoch: 15
2026-06-23 03:51:16,159 bp_transformer_v4 INFO training
2026-06-23 03:51:26,070 bp_transformer_v4 INFO Epoch: 15 / 50, Step: 29 / 82, Loss(batch): 0.19943226873874664
2026-06-23 03:51:36,299 bp_transformer_v4 INFO Epoch: 15 / 50, Step: 59 / 82, Loss(batch): 0.18414416909217834
2026-06-23 03:51:43,682 bp_transformer_v4 INFO validating
2026-06-23 03:51:46,112 bp_transformer_v4 INFO Valid Step: 9 / 24, Loss(batch): 0.20817936956882477
2026-06-23 03:51:48,414 bp_transformer_v4 INFO Valid Step: 19 / 24, Loss(batch): 0.18431824445724487
2026-06-23 03:59:08,728 bp_transformer_v4 INFO ########valid metric###########
2026-06-23 03:59:08,729 bp_transformer_v4 INFO epoch15, train_loss0.1894557336118163, valid_loss:0.18776876914004484
2026-06-23 03:59:08,730 bp_transformer_v4 INFO threshold:0.18, f_score0.35262741347755117, auc0.784132790839735, recall0.3855229476872048, precision0.3249042902284881, aupr0.32758007218531726
2026-06-23 03:59:08,730 bp_transformer_v4 INFO epoch: 16
2026-06-23 03:59:08,732 bp_transformer_v4 INFO training
2026-06-23 03:59:19,124 bp_transformer_v4 INFO Epoch: 16 / 50, Step: 29 / 82, Loss(batch): 0.17913509905338287
2026-06-23 03:59:29,515 bp_transformer_v4 INFO Epoch: 16 / 50, Step: 59 / 82, Loss(batch): 0.18965448439121246
2026-06-23 03:59:36,810 bp_transformer_v4 INFO epoch: 17
2026-06-23 03:59:36,812 bp_transformer_v4 INFO training
2026-06-23 03:59:47,219 bp_transformer_v4 INFO Epoch: 17 / 50, Step: 29 / 82, Loss(batch): 0.16816209256649017
2026-06-23 03:59:57,612 bp_transformer_v4 INFO Epoch: 17 / 50, Step: 59 / 82, Loss(batch): 0.19237306714057922
2026-06-23 04:00:04,908 bp_transformer_v4 INFO epoch: 18
2026-06-23 04:00:04,909 bp_transformer_v4 INFO training
2026-06-23 04:00:14,791 bp_transformer_v4 INFO Epoch: 18 / 50, Step: 29 / 82, Loss(batch): 0.18791653215885162
2026-06-23 04:00:24,822 bp_transformer_v4 INFO Epoch: 18 / 50, Step: 59 / 82, Loss(batch): 0.19075502455234528
2026-06-23 04:00:31,996 bp_transformer_v4 INFO epoch: 19
2026-06-23 04:00:31,998 bp_transformer_v4 INFO training
2026-06-23 04:00:41,756 bp_transformer_v4 INFO Epoch: 19 / 50, Step: 29 / 82, Loss(batch): 0.2014283686876297
2026-06-23 04:00:51,586 bp_transformer_v4 INFO Epoch: 19 / 50, Step: 59 / 82, Loss(batch): 0.18483966588974
2026-06-23 04:00:58,678 bp_transformer_v4 INFO validating
2026-06-23 04:01:01,009 bp_transformer_v4 INFO Valid Step: 9 / 24, Loss(batch): 0.19201527535915375
2026-06-23 04:01:03,245 bp_transformer_v4 INFO Valid Step: 19 / 24, Loss(batch): 0.1774756759405136
2026-06-23 04:08:16,622 bp_transformer_v4 INFO ########valid metric###########
2026-06-23 04:08:16,623 bp_transformer_v4 INFO epoch19, train_loss0.18919748885602486, valid_loss:0.18689391886194548
2026-06-23 04:08:16,623 bp_transformer_v4 INFO threshold:0.16, f_score0.35269716063543943, auc0.7848295724581473, recall0.40462198507408875, precision0.3125835561497326, aupr0.3275804943832952
2026-06-23 04:08:16,623 bp_transformer_v4 INFO epoch: 20
2026-06-23 04:08:16,625 bp_transformer_v4 INFO training
2026-06-23 04:08:26,870 bp_transformer_v4 INFO Epoch: 20 / 50, Step: 29 / 82, Loss(batch): 0.178463414311409
2026-06-23 04:08:36,918 bp_transformer_v4 INFO Epoch: 20 / 50, Step: 59 / 82, Loss(batch): 0.19044099748134613
2026-06-23 04:08:44,135 bp_transformer_v4 INFO epoch: 21
2026-06-23 04:08:44,136 bp_transformer_v4 INFO training
2026-06-23 04:08:53,918 bp_transformer_v4 INFO Epoch: 21 / 50, Step: 29 / 82, Loss(batch): 0.19301384687423706
2026-06-23 04:09:03,679 bp_transformer_v4 INFO Epoch: 21 / 50, Step: 59 / 82, Loss(batch): 0.19157160818576813
2026-06-23 04:09:10,802 bp_transformer_v4 INFO epoch: 22
2026-06-23 04:09:10,803 bp_transformer_v4 INFO training
2026-06-23 04:09:20,512 bp_transformer_v4 INFO Epoch: 22 / 50, Step: 29 / 82, Loss(batch): 0.19196654856204987
2026-06-23 04:09:30,305 bp_transformer_v4 INFO Epoch: 22 / 50, Step: 59 / 82, Loss(batch): 0.19860845804214478
2026-06-23 04:09:37,426 bp_transformer_v4 INFO epoch: 23
2026-06-23 04:09:37,427 bp_transformer_v4 INFO training
2026-06-23 04:09:47,257 bp_transformer_v4 INFO Epoch: 23 / 50, Step: 29 / 82, Loss(batch): 0.18582943081855774
2026-06-23 04:09:56,983 bp_transformer_v4 INFO Epoch: 23 / 50, Step: 59 / 82, Loss(batch): 0.18663057684898376
2026-06-23 04:10:04,221 bp_transformer_v4 INFO validating
2026-06-23 04:10:06,475 bp_transformer_v4 INFO Valid Step: 9 / 24, Loss(batch): 0.1809457540512085
2026-06-23 04:10:08,700 bp_transformer_v4 INFO Valid Step: 19 / 24, Loss(batch): 0.18492908775806427
2026-06-23 04:17:27,246 bp_transformer_v4 INFO ########valid metric###########
2026-06-23 04:17:27,247 bp_transformer_v4 INFO epoch23, train_loss0.18917099404625776, valid_loss:0.18740657034019628
2026-06-23 04:17:27,248 bp_transformer_v4 INFO threshold:0.15, f_score0.3530302783523625, auc0.785656693476078, recall0.3907235822186971, precision0.32196969696969696, aupr0.3283921134474418
2026-06-23 04:17:27,248 bp_transformer_v4 INFO epoch: 24
2026-06-23 04:17:27,250 bp_transformer_v4 INFO training
2026-06-23 04:17:38,124 bp_transformer_v4 INFO Epoch: 24 / 50, Step: 29 / 82, Loss(batch): 0.19507001340389252
2026-06-23 04:17:49,240 bp_transformer_v4 INFO Epoch: 24 / 50, Step: 59 / 82, Loss(batch): 0.1858798712491989
2026-06-23 04:17:56,812 bp_transformer_v4 INFO epoch: 25
2026-06-23 04:17:56,814 bp_transformer_v4 INFO training
2026-06-23 04:18:07,565 bp_transformer_v4 INFO Epoch: 25 / 50, Step: 29 / 82, Loss(batch): 0.1907191425561905
2026-06-23 04:18:18,078 bp_transformer_v4 INFO Epoch: 25 / 50, Step: 59 / 82, Loss(batch): 0.19788779318332672
2026-06-23 04:18:25,726 bp_transformer_v4 INFO epoch: 26
2026-06-23 04:18:25,728 bp_transformer_v4 INFO training
2026-06-23 04:18:36,194 bp_transformer_v4 INFO Epoch: 26 / 50, Step: 29 / 82, Loss(batch): 0.2095310539007187
2026-06-23 04:18:47,161 bp_transformer_v4 INFO Epoch: 26 / 50, Step: 59 / 82, Loss(batch): 0.19457992911338806
2026-06-23 04:18:54,752 bp_transformer_v4 INFO epoch: 27
2026-06-23 04:18:54,753 bp_transformer_v4 INFO training
2026-06-23 04:19:04,940 bp_transformer_v4 INFO Epoch: 27 / 50, Step: 29 / 82, Loss(batch): 0.19104786217212677
2026-06-23 04:19:15,191 bp_transformer_v4 INFO Epoch: 27 / 50, Step: 59 / 82, Loss(batch): 0.20750053226947784
2026-06-23 04:19:22,655 bp_transformer_v4 INFO validating
2026-06-23 04:19:25,017 bp_transformer_v4 INFO Valid Step: 9 / 24, Loss(batch): 0.18789097666740417
2026-06-23 04:19:27,363 bp_transformer_v4 INFO Valid Step: 19 / 24, Loss(batch): 0.19854238629341125
2026-06-23 04:26:56,628 bp_transformer_v4 INFO ########valid metric###########
2026-06-23 04:26:56,629 bp_transformer_v4 INFO epoch27, train_loss0.1891685978668492, valid_loss:0.1874618666867415
2026-06-23 04:26:56,629 bp_transformer_v4 INFO threshold:0.18, f_score0.35340975943268726, auc0.7856324191018353, recall0.400674189710495, precision0.31611958129480033, aupr0.32861795700150076
2026-06-23 04:26:56,629 bp_transformer_v4 INFO epoch: 28
2026-06-23 04:26:56,631 bp_transformer_v4 INFO training
2026-06-23 04:27:06,809 bp_transformer_v4 INFO Epoch: 28 / 50, Step: 29 / 82, Loss(batch): 0.18445828557014465
2026-06-23 04:27:17,257 bp_transformer_v4 INFO Epoch: 28 / 50, Step: 59 / 82, Loss(batch): 0.1812184900045395
2026-06-23 04:27:24,427 bp_transformer_v4 INFO epoch: 29
2026-06-23 04:27:24,428 bp_transformer_v4 INFO training
2026-06-23 04:27:34,294 bp_transformer_v4 INFO Epoch: 29 / 50, Step: 29 / 82, Loss(batch): 0.1870718151330948
2026-06-23 04:27:44,051 bp_transformer_v4 INFO Epoch: 29 / 50, Step: 59 / 82, Loss(batch): 0.1743016541004181
2026-06-23 04:27:51,316 bp_transformer_v4 INFO epoch: 30
2026-06-23 04:27:51,317 bp_transformer_v4 INFO training
2026-06-23 04:28:01,410 bp_transformer_v4 INFO Epoch: 30 / 50, Step: 29 / 82, Loss(batch): 0.1948973834514618
2026-06-23 04:28:11,440 bp_transformer_v4 INFO Epoch: 30 / 50, Step: 59 / 82, Loss(batch): 0.19877567887306213
2026-06-23 04:28:18,463 bp_transformer_v4 INFO epoch: 31
2026-06-23 04:28:18,465 bp_transformer_v4 INFO training
2026-06-23 04:28:28,117 bp_transformer_v4 INFO Epoch: 31 / 50, Step: 29 / 82, Loss(batch): 0.18264223635196686
2026-06-23 04:28:37,965 bp_transformer_v4 INFO Epoch: 31 / 50, Step: 59 / 82, Loss(batch): 0.1955249160528183
2026-06-23 04:28:45,106 bp_transformer_v4 INFO validating
2026-06-23 04:28:47,357 bp_transformer_v4 INFO Valid Step: 9 / 24, Loss(batch): 0.19777390360832214
2026-06-23 04:28:49,562 bp_transformer_v4 INFO Valid Step: 19 / 24, Loss(batch): 0.17585352063179016
2026-06-23 04:36:08,876 bp_transformer_v4 INFO ########valid metric###########
2026-06-23 04:36:08,877 bp_transformer_v4 INFO epoch31, train_loss0.18905553221702576, valid_loss:0.18787581597765288
2026-06-23 04:36:08,877 bp_transformer_v4 INFO threshold:0.15, f_score0.3534018094223523, auc0.7857760240157827, recall0.4006651764790713, precision0.31611247013312094, aupr0.328460212568057
2026-06-23 04:36:08,877 bp_transformer_v4 INFO epoch: 32
2026-06-23 04:36:08,878 bp_transformer_v4 INFO training
2026-06-23 04:36:18,997 bp_transformer_v4 INFO Epoch: 32 / 50, Step: 29 / 82, Loss(batch): 0.18618474900722504
2026-06-23 04:36:28,975 bp_transformer_v4 INFO Epoch: 32 / 50, Step: 59 / 82, Loss(batch): 0.1701589673757553
2026-06-23 04:36:36,202 bp_transformer_v4 INFO epoch: 33
2026-06-23 04:36:36,204 bp_transformer_v4 INFO training
2026-06-23 04:36:45,945 bp_transformer_v4 INFO Epoch: 33 / 50, Step: 29 / 82, Loss(batch): 0.17802859842777252
2026-06-23 04:36:55,695 bp_transformer_v4 INFO Epoch: 33 / 50, Step: 59 / 82, Loss(batch): 0.19016936421394348
2026-06-23 04:37:03,096 bp_transformer_v4 INFO epoch: 34
2026-06-23 04:37:03,098 bp_transformer_v4 INFO training
2026-06-23 04:37:12,877 bp_transformer_v4 INFO Epoch: 34 / 50, Step: 29 / 82, Loss(batch): 0.2209526151418686
2026-06-23 04:37:22,679 bp_transformer_v4 INFO Epoch: 34 / 50, Step: 59 / 82, Loss(batch): 0.17986774444580078
2026-06-23 04:37:29,872 bp_transformer_v4 INFO epoch: 35
2026-06-23 04:37:29,874 bp_transformer_v4 INFO training
2026-06-23 04:37:39,885 bp_transformer_v4 INFO Epoch: 35 / 50, Step: 29 / 82, Loss(batch): 0.17809975147247314
2026-06-23 04:37:49,937 bp_transformer_v4 INFO Epoch: 35 / 50, Step: 59 / 82, Loss(batch): 0.2040499448776245
2026-06-23 04:37:57,284 bp_transformer_v4 INFO validating
2026-06-23 04:37:59,619 bp_transformer_v4 INFO Valid Step: 9 / 24, Loss(batch): 0.21316446363925934
2026-06-23 04:38:01,918 bp_transformer_v4 INFO Valid Step: 19 / 24, Loss(batch): 0.17895449697971344
2026-06-23 04:45:20,969 bp_transformer_v4 INFO ########valid metric###########
2026-06-23 04:45:20,970 bp_transformer_v4 INFO epoch35, train_loss0.18893507086649175, valid_loss:0.18686750531196594
2026-06-23 04:45:20,970 bp_transformer_v4 INFO threshold:0.16, f_score0.35347171936599886, auc0.7861262034222442, recall0.39597829613873164, precision0.3192062892350616, aupr0.32857584753583136
2026-06-23 04:45:20,970 bp_transformer_v4 INFO epoch: 36
2026-06-23 04:45:20,972 bp_transformer_v4 INFO training
2026-06-23 04:45:31,095 bp_transformer_v4 INFO Epoch: 36 / 50, Step: 29 / 82, Loss(batch): 0.1874821037054062
2026-06-23 04:45:41,307 bp_transformer_v4 INFO Epoch: 36 / 50, Step: 59 / 82, Loss(batch): 0.18399648368358612
2026-06-23 04:45:48,542 bp_transformer_v4 INFO epoch: 37
2026-06-23 04:45:48,543 bp_transformer_v4 INFO training
2026-06-23 04:45:58,373 bp_transformer_v4 INFO Epoch: 37 / 50, Step: 29 / 82, Loss(batch): 0.1966652125120163
2026-06-23 04:46:08,307 bp_transformer_v4 INFO Epoch: 37 / 50, Step: 59 / 82, Loss(batch): 0.18106146156787872
2026-06-23 04:46:15,317 bp_transformer_v4 INFO epoch: 38
2026-06-23 04:46:15,318 bp_transformer_v4 INFO training
2026-06-23 04:46:25,062 bp_transformer_v4 INFO Epoch: 38 / 50, Step: 29 / 82, Loss(batch): 0.1939736157655716
2026-06-23 04:46:34,731 bp_transformer_v4 INFO Epoch: 38 / 50, Step: 59 / 82, Loss(batch): 0.1962616741657257
2026-06-23 04:46:41,934 bp_transformer_v4 INFO epoch: 39
2026-06-23 04:46:41,935 bp_transformer_v4 INFO training
2026-06-23 04:46:51,677 bp_transformer_v4 INFO Epoch: 39 / 50, Step: 29 / 82, Loss(batch): 0.1971794068813324
2026-06-23 04:47:01,356 bp_transformer_v4 INFO Epoch: 39 / 50, Step: 59 / 82, Loss(batch): 0.18156573176383972
2026-06-23 04:47:08,672 bp_transformer_v4 INFO validating
2026-06-23 04:47:10,956 bp_transformer_v4 INFO Valid Step: 9 / 24, Loss(batch): 0.17983658611774445
2026-06-23 04:47:13,179 bp_transformer_v4 INFO Valid Step: 19 / 24, Loss(batch): 0.1875143051147461
2026-06-23 04:54:50,068 bp_transformer_v4 INFO ########valid metric###########
2026-06-23 04:54:50,070 bp_transformer_v4 INFO epoch39, train_loss0.18871253692522283, valid_loss:0.18841851688921452
2026-06-23 04:54:50,070 bp_transformer_v4 INFO threshold:0.17, f_score0.3536654885417854, auc0.7866703690405769, recall0.391426614269748, precision0.32254901960784316, aupr0.3289777296999027
2026-06-23 04:54:50,070 bp_transformer_v4 INFO epoch: 40
2026-06-23 04:54:50,072 bp_transformer_v4 INFO training
2026-06-23 04:55:01,250 bp_transformer_v4 INFO Epoch: 40 / 50, Step: 29 / 82, Loss(batch): 0.19859954714775085
2026-06-23 04:55:11,486 bp_transformer_v4 INFO Epoch: 40 / 50, Step: 59 / 82, Loss(batch): 0.18624913692474365
2026-06-23 04:55:18,946 bp_transformer_v4 INFO epoch: 41
2026-06-23 04:55:18,947 bp_transformer_v4 INFO training
2026-06-23 04:55:29,093 bp_transformer_v4 INFO Epoch: 41 / 50, Step: 29 / 82, Loss(batch): 0.21316185593605042
2026-06-23 04:55:40,349 bp_transformer_v4 INFO Epoch: 41 / 50, Step: 59 / 82, Loss(batch): 0.20259152352809906
2026-06-23 04:55:47,724 bp_transformer_v4 INFO epoch: 42
2026-06-23 04:55:47,726 bp_transformer_v4 INFO training
2026-06-23 04:55:57,422 bp_transformer_v4 INFO Epoch: 42 / 50, Step: 29 / 82, Loss(batch): 0.1982891857624054
2026-06-23 04:56:07,289 bp_transformer_v4 INFO Epoch: 42 / 50, Step: 59 / 82, Loss(batch): 0.18976958096027374
2026-06-23 04:56:14,439 bp_transformer_v4 INFO epoch: 43
2026-06-23 04:56:14,440 bp_transformer_v4 INFO training
2026-06-23 04:56:24,319 bp_transformer_v4 INFO Epoch: 43 / 50, Step: 29 / 82, Loss(batch): 0.1852230578660965
2026-06-23 04:56:34,206 bp_transformer_v4 INFO Epoch: 43 / 50, Step: 59 / 82, Loss(batch): 0.19547811150550842
2026-06-23 04:56:41,726 bp_transformer_v4 INFO validating
2026-06-23 04:56:43,993 bp_transformer_v4 INFO Valid Step: 9 / 24, Loss(batch): 0.17009727656841278
2026-06-23 04:56:46,278 bp_transformer_v4 INFO Valid Step: 19 / 24, Loss(batch): 0.1836695671081543
2026-06-23 05:04:04,751 bp_transformer_v4 INFO ########valid metric###########
2026-06-23 05:04:04,752 bp_transformer_v4 INFO epoch43, train_loss0.18860467705057887, valid_loss:0.1868309322744608
2026-06-23 05:04:04,752 bp_transformer_v4 INFO threshold:0.17, f_score0.3536654885417854, auc0.7866652198285956, recall0.391426614269748, precision0.32254901960784316, aupr0.3289670558655098
2026-06-23 05:04:04,752 bp_transformer_v4 INFO epoch: 44
2026-06-23 05:04:04,754 bp_transformer_v4 INFO training
2026-06-23 05:04:14,984 bp_transformer_v4 INFO Epoch: 44 / 50, Step: 29 / 82, Loss(batch): 0.18210254609584808
2026-06-23 05:04:25,038 bp_transformer_v4 INFO Epoch: 44 / 50, Step: 59 / 82, Loss(batch): 0.185027614235878
2026-06-23 05:04:32,349 bp_transformer_v4 INFO epoch: 45
2026-06-23 05:04:32,351 bp_transformer_v4 INFO training
2026-06-23 05:04:42,119 bp_transformer_v4 INFO Epoch: 45 / 50, Step: 29 / 82, Loss(batch): 0.20715667307376862
2026-06-23 05:04:51,926 bp_transformer_v4 INFO Epoch: 45 / 50, Step: 59 / 82, Loss(batch): 0.17430534958839417
2026-06-23 05:04:59,196 bp_transformer_v4 INFO epoch: 46
2026-06-23 05:04:59,197 bp_transformer_v4 INFO training
2026-06-23 05:05:08,962 bp_transformer_v4 INFO Epoch: 46 / 50, Step: 29 / 82, Loss(batch): 0.17607231438159943
2026-06-23 05:05:18,829 bp_transformer_v4 INFO Epoch: 46 / 50, Step: 59 / 82, Loss(batch): 0.1885920614004135
2026-06-23 05:05:25,980 bp_transformer_v4 INFO epoch: 47
2026-06-23 05:05:25,981 bp_transformer_v4 INFO training
2026-06-23 05:05:35,791 bp_transformer_v4 INFO Epoch: 47 / 50, Step: 29 / 82, Loss(batch): 0.20198942720890045
2026-06-23 05:05:45,501 bp_transformer_v4 INFO Epoch: 47 / 50, Step: 59 / 82, Loss(batch): 0.1844756156206131
2026-06-23 05:05:52,773 bp_transformer_v4 INFO validating
2026-06-23 05:05:55,008 bp_transformer_v4 INFO Valid Step: 9 / 24, Loss(batch): 0.19775696098804474
2026-06-23 05:05:57,263 bp_transformer_v4 INFO Valid Step: 19 / 24, Loss(batch): 0.1698925793170929
2026-06-23 05:13:09,909 bp_transformer_v4 INFO ########valid metric###########
2026-06-23 05:13:09,910 bp_transformer_v4 INFO epoch47, train_loss0.1886250954575655, valid_loss:0.18735175083080927
2026-06-23 05:13:09,910 bp_transformer_v4 INFO threshold:0.17, f_score0.3536654885417854, auc0.7866842637484621, recall0.391426614269748, precision0.32254901960784316, aupr0.32895034599161777
2026-06-23 05:13:09,910 bp_transformer_v4 INFO epoch: 48
2026-06-23 05:13:09,912 bp_transformer_v4 INFO training
2026-06-23 05:13:19,944 bp_transformer_v4 INFO Epoch: 48 / 50, Step: 29 / 82, Loss(batch): 0.18962505459785461
2026-06-23 05:13:29,906 bp_transformer_v4 INFO Epoch: 48 / 50, Step: 59 / 82, Loss(batch): 0.1825760006904602
2026-06-23 05:13:37,074 bp_transformer_v4 INFO epoch: 49
2026-06-23 05:13:37,076 bp_transformer_v4 INFO training
2026-06-23 05:13:46,670 bp_transformer_v4 INFO Epoch: 49 / 50, Step: 29 / 82, Loss(batch): 0.21271637082099915
2026-06-23 05:13:56,483 bp_transformer_v4 INFO Epoch: 49 / 50, Step: 59 / 82, Loss(batch): 0.1994609385728836
2026-06-23 05:14:03,562 bp_transformer_v4 INFO best_fscore: 0.3536654885417854
2026-06-23 05:14:03,563 bp_transformer_v4 INFO best_scores[thresh,fmax,recall,precision,auc]: [0.17, 0.3536654885417854, 0.391426614269748, 0.32254901960784316, 0.7866842637484621]
2026-06-23 05:14:03,563 bp_transformer_v4 INFO best_aupr: 0.32895034599161777
2026-06-23 05:14:03,563 bp_transformer_v4 INFO best_score_dict: {0.01: [0.11461167686258954, 1.0, 0.060789427544490224, 0.7866842637484621], 0.02: [0.15240094631172874, 0.9022875581353427, 0.0832294077739644, 0.7866842637484621], 0.03: [0.2004764803617772, 0.7895500594873274, 0.1148146691831813, 0.7866842637484621], 0.04: [0.2292048472681956, 0.7327126221292858, 0.1358506016042781, 0.7866842637484621], 0.05: [0.25623342355917067, 0.6774615135018207, 0.15799574546799852, 0.7866842637484621], 0.06: [0.2722718977405487, 0.6427695857518838, 0.17271661629078508, 0.7866842637484621], 0.07: [0.2890707838725528, 0.6044723654324549, 0.18995570107858242, 0.7866842637484621], 0.08: [0.3052379338722951, 0.5683112809604499, 0.20865211521152116, 0.7866842637484621], 0.09: [0.3218677792743958, 0.5298337960125464, 0.23114186851211072, 0.7866842637484621], 0.1: [0.3328599453597949, 0.4985578829722032, 0.24982837115190057, 0.7866842637484621], 0.11: [0.34035297291048516, 0.47765619930057324, 0.26436168090031126, 0.7866842637484621], 0.12: [0.34337182081498235, 0.46800302844575836, 0.2711605949197861, 0.7866842637484621], 0.13: [0.3457234376064881, 0.45722320366297725, 0.2779433681073025, 0.7866842637484621], 0.14: [0.3499644293450644, 0.4345188737066013, 0.2929569761789013, 0.7866842637484621], 0.15: [0.3530328384788983, 0.41452752640876805, 0.3074264705882353, 0.7866842637484621], 0.16: [0.35322355085558055, 0.40522587157947865, 0.31305007798573975, 0.7866842637484621], 0.17: [0.3536654885417854, 0.391426614269748, 0.32254901960784316, 0.7866842637484621]}
