2026-06-23 10:52:13,010 bp_v4_lr5e4_do01 INFO #########bp###########
2026-06-23 10:52:13,010 bp_v4_lr5e4_do01 INFO ########start training###########
2026-06-23 10:52:13,010 bp_v4_lr5e4_do01 INFO epoch: 0
2026-06-23 10:52:13,011 bp_v4_lr5e4_do01 INFO training
2026-06-23 10:52:24,681 bp_v4_lr5e4_do01 INFO Epoch: 0 / 20, Step: 29 / 82, Loss(batch): 0.22245971858501434
2026-06-23 10:52:37,088 bp_v4_lr5e4_do01 INFO Epoch: 0 / 20, Step: 59 / 82, Loss(batch): 0.18636932969093323
2026-06-23 10:52:45,183 bp_v4_lr5e4_do01 INFO epoch: 1
2026-06-23 10:52:45,184 bp_v4_lr5e4_do01 INFO training
2026-06-23 10:52:55,650 bp_v4_lr5e4_do01 INFO Epoch: 1 / 20, Step: 29 / 82, Loss(batch): 0.18775048851966858
2026-06-23 10:53:06,234 bp_v4_lr5e4_do01 INFO Epoch: 1 / 20, Step: 59 / 82, Loss(batch): 0.17868417501449585
2026-06-23 10:53:14,138 bp_v4_lr5e4_do01 INFO epoch: 2
2026-06-23 10:53:14,140 bp_v4_lr5e4_do01 INFO training
2026-06-23 10:53:24,463 bp_v4_lr5e4_do01 INFO Epoch: 2 / 20, Step: 29 / 82, Loss(batch): 0.1914403885602951
2026-06-23 10:53:34,956 bp_v4_lr5e4_do01 INFO Epoch: 2 / 20, Step: 59 / 82, Loss(batch): 0.17616939544677734
2026-06-23 10:53:42,375 bp_v4_lr5e4_do01 INFO epoch: 3
2026-06-23 10:53:42,377 bp_v4_lr5e4_do01 INFO training
2026-06-23 10:53:52,306 bp_v4_lr5e4_do01 INFO Epoch: 3 / 20, Step: 29 / 82, Loss(batch): 0.1850968599319458
2026-06-23 10:54:02,292 bp_v4_lr5e4_do01 INFO Epoch: 3 / 20, Step: 59 / 82, Loss(batch): 0.19082511961460114
2026-06-23 10:54:09,646 bp_v4_lr5e4_do01 INFO validating
2026-06-23 10:54:12,027 bp_v4_lr5e4_do01 INFO Valid Step: 9 / 24, Loss(batch): 0.1906312108039856
2026-06-23 10:54:14,454 bp_v4_lr5e4_do01 INFO Valid Step: 19 / 24, Loss(batch): 0.19047977030277252
2026-06-23 11:01:29,521 bp_v4_lr5e4_do01 INFO ########valid metric###########
2026-06-23 11:01:29,521 bp_v4_lr5e4_do01 INFO epoch3, train_loss0.1902698238448399, valid_loss:0.1890657190233469
2026-06-23 11:01:29,522 bp_v4_lr5e4_do01 INFO threshold:0.62, f_score0.18345140896527623, auc0.7836005817847167, recall0.10409380971265818, precision0.7719919786096257, aupr0.32650549793689676
2026-06-23 11:01:29,522 bp_v4_lr5e4_do01 INFO epoch: 4
2026-06-23 11:01:29,523 bp_v4_lr5e4_do01 INFO training
2026-06-23 11:01:39,473 bp_v4_lr5e4_do01 INFO Epoch: 4 / 20, Step: 29 / 82, Loss(batch): 0.19667856395244598
2026-06-23 11:01:50,568 bp_v4_lr5e4_do01 INFO Epoch: 4 / 20, Step: 59 / 82, Loss(batch): 0.19870810210704803
2026-06-23 11:01:58,687 bp_v4_lr5e4_do01 INFO epoch: 5
2026-06-23 11:01:58,689 bp_v4_lr5e4_do01 INFO training
2026-06-23 11:02:09,568 bp_v4_lr5e4_do01 INFO Epoch: 5 / 20, Step: 29 / 82, Loss(batch): 0.18178518116474152
2026-06-23 11:02:19,719 bp_v4_lr5e4_do01 INFO Epoch: 5 / 20, Step: 59 / 82, Loss(batch): 0.17663997411727905
2026-06-23 11:02:27,046 bp_v4_lr5e4_do01 INFO epoch: 6
2026-06-23 11:02:27,049 bp_v4_lr5e4_do01 INFO training
2026-06-23 11:02:36,711 bp_v4_lr5e4_do01 INFO Epoch: 6 / 20, Step: 29 / 82, Loss(batch): 0.18261654675006866
2026-06-23 11:02:47,002 bp_v4_lr5e4_do01 INFO Epoch: 6 / 20, Step: 59 / 82, Loss(batch): 0.18270842730998993
2026-06-23 11:02:54,819 bp_v4_lr5e4_do01 INFO epoch: 7
2026-06-23 11:02:54,821 bp_v4_lr5e4_do01 INFO training
2026-06-23 11:03:05,922 bp_v4_lr5e4_do01 INFO Epoch: 7 / 20, Step: 29 / 82, Loss(batch): 0.19635765254497528
2026-06-23 11:03:16,385 bp_v4_lr5e4_do01 INFO Epoch: 7 / 20, Step: 59 / 82, Loss(batch): 0.1935611218214035
2026-06-23 11:03:23,822 bp_v4_lr5e4_do01 INFO validating
2026-06-23 11:03:26,201 bp_v4_lr5e4_do01 INFO Valid Step: 9 / 24, Loss(batch): 0.17410683631896973
2026-06-23 11:03:28,601 bp_v4_lr5e4_do01 INFO Valid Step: 19 / 24, Loss(batch): 0.19544526934623718
2026-06-23 11:10:51,846 bp_v4_lr5e4_do01 INFO ########valid metric###########
2026-06-23 11:10:51,847 bp_v4_lr5e4_do01 INFO epoch7, train_loss0.18957847702067074, valid_loss:0.18783647504945597
2026-06-23 11:10:51,847 bp_v4_lr5e4_do01 INFO threshold:0.55, f_score0.18345140896527623, auc0.7842381876724704, recall0.10409380971265818, precision0.7719919786096257, aupr0.32750575552006606
2026-06-23 11:10:51,847 bp_v4_lr5e4_do01 INFO epoch: 8
2026-06-23 11:10:51,848 bp_v4_lr5e4_do01 INFO training
2026-06-23 11:11:01,906 bp_v4_lr5e4_do01 INFO Epoch: 8 / 20, Step: 29 / 82, Loss(batch): 0.1902567446231842
2026-06-23 11:11:11,410 bp_v4_lr5e4_do01 INFO Epoch: 8 / 20, Step: 59 / 82, Loss(batch): 0.1987098604440689
2026-06-23 11:11:18,440 bp_v4_lr5e4_do01 INFO epoch: 9
2026-06-23 11:11:18,441 bp_v4_lr5e4_do01 INFO training
2026-06-23 11:11:27,945 bp_v4_lr5e4_do01 INFO Epoch: 9 / 20, Step: 29 / 82, Loss(batch): 0.1978401094675064
2026-06-23 11:11:37,574 bp_v4_lr5e4_do01 INFO Epoch: 9 / 20, Step: 59 / 82, Loss(batch): 0.18643081188201904
2026-06-23 11:11:44,603 bp_v4_lr5e4_do01 INFO epoch: 10
2026-06-23 11:11:44,605 bp_v4_lr5e4_do01 INFO training
2026-06-23 11:11:54,569 bp_v4_lr5e4_do01 INFO Epoch: 10 / 20, Step: 29 / 82, Loss(batch): 0.16939081251621246
2026-06-23 11:12:04,862 bp_v4_lr5e4_do01 INFO Epoch: 10 / 20, Step: 59 / 82, Loss(batch): 0.17655710875988007
2026-06-23 11:12:11,833 bp_v4_lr5e4_do01 INFO epoch: 11
2026-06-23 11:12:11,834 bp_v4_lr5e4_do01 INFO training
2026-06-23 11:12:21,228 bp_v4_lr5e4_do01 INFO Epoch: 11 / 20, Step: 29 / 82, Loss(batch): 0.17690753936767578
2026-06-23 11:12:30,884 bp_v4_lr5e4_do01 INFO Epoch: 11 / 20, Step: 59 / 82, Loss(batch): 0.18117843568325043
2026-06-23 11:12:37,809 bp_v4_lr5e4_do01 INFO validating
2026-06-23 11:12:40,039 bp_v4_lr5e4_do01 INFO Valid Step: 9 / 24, Loss(batch): 0.20629046857357025
2026-06-23 11:12:42,180 bp_v4_lr5e4_do01 INFO Valid Step: 19 / 24, Loss(batch): 0.20278792083263397
2026-06-23 11:19:53,937 bp_v4_lr5e4_do01 INFO ########valid metric###########
2026-06-23 11:19:53,937 bp_v4_lr5e4_do01 INFO epoch11, train_loss0.18925962415410252, valid_loss:0.18692106443146864
2026-06-23 11:19:53,937 bp_v4_lr5e4_do01 INFO threshold:0.74, f_score0.18345140896527623, auc0.7844450214297578, recall0.10409380971265818, precision0.7719919786096257, aupr0.32708350116165713
2026-06-23 11:19:53,937 bp_v4_lr5e4_do01 INFO epoch: 12
2026-06-23 11:19:53,939 bp_v4_lr5e4_do01 INFO training
2026-06-23 11:20:03,754 bp_v4_lr5e4_do01 INFO Epoch: 12 / 20, Step: 29 / 82, Loss(batch): 0.18338489532470703
2026-06-23 11:20:14,454 bp_v4_lr5e4_do01 INFO Epoch: 12 / 20, Step: 59 / 82, Loss(batch): 0.21641890704631805
2026-06-23 11:20:21,864 bp_v4_lr5e4_do01 INFO epoch: 13
2026-06-23 11:20:21,866 bp_v4_lr5e4_do01 INFO training
2026-06-23 11:20:31,975 bp_v4_lr5e4_do01 INFO Epoch: 13 / 20, Step: 29 / 82, Loss(batch): 0.18854370713233948
2026-06-23 11:20:42,184 bp_v4_lr5e4_do01 INFO Epoch: 13 / 20, Step: 59 / 82, Loss(batch): 0.18850752711296082
2026-06-23 11:20:49,592 bp_v4_lr5e4_do01 INFO epoch: 14
2026-06-23 11:20:49,594 bp_v4_lr5e4_do01 INFO training
2026-06-23 11:20:59,459 bp_v4_lr5e4_do01 INFO Epoch: 14 / 20, Step: 29 / 82, Loss(batch): 0.19823230803012848
2026-06-23 11:21:09,376 bp_v4_lr5e4_do01 INFO Epoch: 14 / 20, Step: 59 / 82, Loss(batch): 0.1595037430524826
2026-06-23 11:21:16,707 bp_v4_lr5e4_do01 INFO epoch: 15
2026-06-23 11:21:16,710 bp_v4_lr5e4_do01 INFO training
2026-06-23 11:21:26,339 bp_v4_lr5e4_do01 INFO Epoch: 15 / 20, Step: 29 / 82, Loss(batch): 0.19474390149116516
2026-06-23 11:21:36,218 bp_v4_lr5e4_do01 INFO Epoch: 15 / 20, Step: 59 / 82, Loss(batch): 0.1849052608013153
2026-06-23 11:21:43,553 bp_v4_lr5e4_do01 INFO validating
2026-06-23 11:21:46,084 bp_v4_lr5e4_do01 INFO Valid Step: 9 / 24, Loss(batch): 0.19671796262264252
2026-06-23 11:21:48,479 bp_v4_lr5e4_do01 INFO Valid Step: 19 / 24, Loss(batch): 0.18624429404735565
2026-06-23 11:29:02,180 bp_v4_lr5e4_do01 INFO ########valid metric###########
2026-06-23 11:29:02,181 bp_v4_lr5e4_do01 INFO epoch15, train_loss0.18877724121983458, valid_loss:0.18727677625914416
2026-06-23 11:29:02,181 bp_v4_lr5e4_do01 INFO threshold:0.55, f_score0.18345140896527623, auc0.7864802106148077, recall0.10409380971265818, precision0.7719919786096257, aupr0.32876717590674015
2026-06-23 11:29:02,182 bp_v4_lr5e4_do01 INFO epoch: 16
2026-06-23 11:29:02,183 bp_v4_lr5e4_do01 INFO training
2026-06-23 11:29:12,414 bp_v4_lr5e4_do01 INFO Epoch: 16 / 20, Step: 29 / 82, Loss(batch): 0.17722660303115845
2026-06-23 11:29:22,566 bp_v4_lr5e4_do01 INFO Epoch: 16 / 20, Step: 59 / 82, Loss(batch): 0.1780892014503479
2026-06-23 11:29:29,655 bp_v4_lr5e4_do01 INFO epoch: 17
2026-06-23 11:29:29,656 bp_v4_lr5e4_do01 INFO training
2026-06-23 11:29:39,661 bp_v4_lr5e4_do01 INFO Epoch: 17 / 20, Step: 29 / 82, Loss(batch): 0.19683590531349182
2026-06-23 11:29:49,814 bp_v4_lr5e4_do01 INFO Epoch: 17 / 20, Step: 59 / 82, Loss(batch): 0.18125922977924347
2026-06-23 11:29:57,121 bp_v4_lr5e4_do01 INFO epoch: 18
2026-06-23 11:29:57,123 bp_v4_lr5e4_do01 INFO training
2026-06-23 11:30:07,006 bp_v4_lr5e4_do01 INFO Epoch: 18 / 20, Step: 29 / 82, Loss(batch): 0.19781000912189484
2026-06-23 11:30:17,002 bp_v4_lr5e4_do01 INFO Epoch: 18 / 20, Step: 59 / 82, Loss(batch): 0.18673065304756165
2026-06-23 11:30:24,180 bp_v4_lr5e4_do01 INFO epoch: 19
2026-06-23 11:30:24,182 bp_v4_lr5e4_do01 INFO training
2026-06-23 11:30:34,464 bp_v4_lr5e4_do01 INFO Epoch: 19 / 20, Step: 29 / 82, Loss(batch): 0.18274784088134766
2026-06-23 11:30:44,403 bp_v4_lr5e4_do01 INFO Epoch: 19 / 20, Step: 59 / 82, Loss(batch): 0.1991438865661621
2026-06-23 11:30:51,679 bp_v4_lr5e4_do01 INFO validating
2026-06-23 11:30:54,122 bp_v4_lr5e4_do01 INFO Valid Step: 9 / 24, Loss(batch): 0.18456070125102997
2026-06-23 11:30:56,444 bp_v4_lr5e4_do01 INFO Valid Step: 19 / 24, Loss(batch): 0.20353156328201294
2026-06-23 11:38:07,261 bp_v4_lr5e4_do01 INFO ########valid metric###########
2026-06-23 11:38:07,262 bp_v4_lr5e4_do01 INFO epoch19, train_loss0.1886503916324639, valid_loss:0.18733318336308002
2026-06-23 11:38:07,262 bp_v4_lr5e4_do01 INFO threshold:0.6, f_score0.18345140896527623, auc0.7866710763531364, recall0.10409380971265818, precision0.7719919786096257, aupr0.32897576661184635
2026-06-23 11:38:07,262 bp_v4_lr5e4_do01 INFO best_fscore: 0.18345140896527623
2026-06-23 11:38:07,262 bp_v4_lr5e4_do01 INFO best_scores[thresh,fmax,recall,precision,auc]: [0.6, 0.18345140896527623, 0.10409380971265818, 0.7719919786096257, 0.7866710763531364]
2026-06-23 11:38:07,262 bp_v4_lr5e4_do01 INFO best_aupr: 0.32897576661184635
2026-06-23 11:38:07,263 bp_v4_lr5e4_do01 INFO best_score_dict: {0.01: [0.18345140896527623, 0.10409380971265818, 0.7719919786096257, 0.7866710763531364], 0.02: [0.18345140896527623, 0.10409380971265818, 0.7719919786096257, 0.7866710763531364], 0.03: [0.18345140896527623, 0.10409380971265818, 0.7719919786096257, 0.7866710763531364], 0.04: [0.18345140896527623, 0.10409380971265818, 0.7719919786096257, 0.7866710763531364], 0.05: [0.18345140896527623, 0.10409380971265818, 0.7719919786096257, 0.7866710763531364], 0.06: [0.18345140896527623, 0.10409380971265818, 0.7719919786096257, 0.7866710763531364], 0.07: [0.18345140896527623, 0.10409380971265818, 0.7719919786096257, 0.7866710763531364], 0.08: [0.18345140896527623, 0.10409380971265818, 0.7719919786096257, 0.7866710763531364], 0.09: [0.18345140896527623, 0.10409380971265818, 0.7719919786096257, 0.7866710763531364], 0.1: [0.18345140896527623, 0.10409380971265818, 0.7719919786096257, 0.7866710763531364], 0.11: [0.18345140896527623, 0.10409380971265818, 0.7719919786096257, 0.7866710763531364], 0.12: [0.18345140896527623, 0.10409380971265818, 0.7719919786096257, 0.7866710763531364], 0.13: [0.18345140896527623, 0.10409380971265818, 0.7719919786096257, 0.7866710763531364], 0.14: [0.18345140896527623, 0.10409380971265818, 0.7719919786096257, 0.7866710763531364], 0.15: [0.18345140896527623, 0.10409380971265818, 0.7719919786096257, 0.7866710763531364], 0.16: [0.18345140896527623, 0.10409380971265818, 0.7719919786096257, 0.7866710763531364], 0.17: [0.18345140896527623, 0.10409380971265818, 0.7719919786096257, 0.7866710763531364], 0.18: [0.18345140896527623, 0.10409380971265818, 0.7719919786096257, 0.7866710763531364], 0.19: [0.18345140896527623, 0.10409380971265818, 0.7719919786096257, 0.7866710763531364], 0.2: [0.18345140896527623, 0.10409380971265818, 0.7719919786096257, 0.7866710763531364], 0.21: [0.18345140896527623, 0.10409380971265818, 0.7719919786096257, 0.7866710763531364], 0.22: [0.18345140896527623, 0.10409380971265818, 0.7719919786096257, 0.7866710763531364], 0.23: [0.18345140896527623, 0.10409380971265818, 0.7719919786096257, 0.7866710763531364], 0.24: [0.18345140896527623, 0.10409380971265818, 0.7719919786096257, 0.7866710763531364], 0.25: [0.18345140896527623, 0.10409380971265818, 0.7719919786096257, 0.7866710763531364], 0.26: [0.18345140896527623, 0.10409380971265818, 0.7719919786096257, 0.7866710763531364], 0.27: [0.18345140896527623, 0.10409380971265818, 0.7719919786096257, 0.7866710763531364], 0.28: [0.18345140896527623, 0.10409380971265818, 0.7719919786096257, 0.7866710763531364], 0.29: [0.18345140896527623, 0.10409380971265818, 0.7719919786096257, 0.7866710763531364], 0.3: [0.18345140896527623, 0.10409380971265818, 0.7719919786096257, 0.7866710763531364], 0.31: [0.18345140896527623, 0.10409380971265818, 0.7719919786096257, 0.7866710763531364], 0.32: [0.18345140896527623, 0.10409380971265818, 0.7719919786096257, 0.7866710763531364], 0.33: [0.18345140896527623, 0.10409380971265818, 0.7719919786096257, 0.7866710763531364], 0.34: [0.18345140896527623, 0.10409380971265818, 0.7719919786096257, 0.7866710763531364], 0.35: [0.18345140896527623, 0.10409380971265818, 0.7719919786096257, 0.7866710763531364], 0.36: [0.18345140896527623, 0.10409380971265818, 0.7719919786096257, 0.7866710763531364], 0.37: [0.18345140896527623, 0.10409380971265818, 0.7719919786096257, 0.7866710763531364], 0.38: [0.18345140896527623, 0.10409380971265818, 0.7719919786096257, 0.7866710763531364], 0.39: [0.18345140896527623, 0.10409380971265818, 0.7719919786096257, 0.7866710763531364], 0.4: [0.18345140896527623, 0.10409380971265818, 0.7719919786096257, 0.7866710763531364], 0.41: [0.18345140896527623, 0.10409380971265818, 0.7719919786096257, 0.7866710763531364], 0.42: [0.18345140896527623, 0.10409380971265818, 0.7719919786096257, 0.7866710763531364], 0.43: [0.18345140896527623, 0.10409380971265818, 0.7719919786096257, 0.7866710763531364], 0.44: [0.18345140896527623, 0.10409380971265818, 0.7719919786096257, 0.7866710763531364], 0.45: [0.18345140896527623, 0.10409380971265818, 0.7719919786096257, 0.7866710763531364], 0.46: [0.18345140896527623, 0.10409380971265818, 0.7719919786096257, 0.7866710763531364], 0.47: [0.18345140896527623, 0.10409380971265818, 0.7719919786096257, 0.7866710763531364], 0.48: [0.18345140896527623, 0.10409380971265818, 0.7719919786096257, 0.7866710763531364], 0.49: [0.18345140896527623, 0.10409380971265818, 0.7719919786096257, 0.7866710763531364], 0.5: [0.18345140896527623, 0.10409380971265818, 0.7719919786096257, 0.7866710763531364], 0.51: [0.18345140896527623, 0.10409380971265818, 0.7719919786096257, 0.7866710763531364], 0.52: [0.18345140896527623, 0.10409380971265818, 0.7719919786096257, 0.7866710763531364], 0.53: [0.18345140896527623, 0.10409380971265818, 0.7719919786096257, 0.7866710763531364], 0.54: [0.18345140896527623, 0.10409380971265818, 0.7719919786096257, 0.7866710763531364], 0.55: [0.18345140896527623, 0.10409380971265818, 0.7719919786096257, 0.7866710763531364], 0.56: [0.18345140896527623, 0.10409380971265818, 0.7719919786096257, 0.7866710763531364], 0.57: [0.18345140896527623, 0.10409380971265818, 0.7719919786096257, 0.7866710763531364], 0.58: [0.18345140896527623, 0.10409380971265818, 0.7719919786096257, 0.7866710763531364], 0.59: [0.18345140896527623, 0.10409380971265818, 0.7719919786096257, 0.7866710763531364], 0.6: [0.18345140896527623, 0.10409380971265818, 0.7719919786096257, 0.7866710763531364]}
