2026-05-20 04:36:03,601 cc INFO #########cc###########
2026-05-20 04:36:03,602 cc INFO ########start training###########
2026-05-20 04:36:03,602 cc INFO epoch: 0
2026-05-20 04:36:03,602 cc INFO training
2026-05-20 04:36:10,129 cc INFO Epoch: 0 / 20, Step: 29 / 355, Loss(batch): 106.89820861816406
2026-05-20 04:36:15,304 cc INFO Epoch: 0 / 20, Step: 59 / 355, Loss(batch): 101.43170166015625
2026-05-20 04:36:20,535 cc INFO Epoch: 0 / 20, Step: 89 / 355, Loss(batch): 90.70217895507812
2026-05-20 04:36:25,454 cc INFO Epoch: 0 / 20, Step: 119 / 355, Loss(batch): 80.23330688476562
2026-05-20 04:36:30,250 cc INFO Epoch: 0 / 20, Step: 149 / 355, Loss(batch): 78.22067260742188
2026-05-20 04:36:34,793 cc INFO Epoch: 0 / 20, Step: 179 / 355, Loss(batch): 94.58946228027344
2026-05-20 04:36:39,105 cc INFO Epoch: 0 / 20, Step: 209 / 355, Loss(batch): 95.04144287109375
2026-05-20 04:36:43,345 cc INFO Epoch: 0 / 20, Step: 239 / 355, Loss(batch): 90.16474914550781
2026-05-20 04:36:47,940 cc INFO Epoch: 0 / 20, Step: 269 / 355, Loss(batch): 81.22972106933594
2026-05-20 04:36:52,123 cc INFO Epoch: 0 / 20, Step: 299 / 355, Loss(batch): 72.14579772949219
2026-05-20 04:36:56,710 cc INFO Epoch: 0 / 20, Step: 329 / 355, Loss(batch): 104.10210418701172
2026-05-20 04:37:00,274 cc INFO epoch: 1
2026-05-20 04:37:00,275 cc INFO training
2026-05-20 04:37:04,329 cc INFO Epoch: 1 / 20, Step: 29 / 355, Loss(batch): 71.84935760498047
2026-05-20 04:37:08,715 cc INFO Epoch: 1 / 20, Step: 59 / 355, Loss(batch): 89.10383605957031
2026-05-20 04:37:13,345 cc INFO Epoch: 1 / 20, Step: 89 / 355, Loss(batch): 97.33853149414062
2026-05-20 04:37:17,962 cc INFO Epoch: 1 / 20, Step: 119 / 355, Loss(batch): 96.8263168334961
2026-05-20 04:37:22,829 cc INFO Epoch: 1 / 20, Step: 149 / 355, Loss(batch): 101.57740020751953
2026-05-20 04:37:27,114 cc INFO Epoch: 1 / 20, Step: 179 / 355, Loss(batch): 83.1329574584961
2026-05-20 04:37:31,642 cc INFO Epoch: 1 / 20, Step: 209 / 355, Loss(batch): 93.52729797363281
2026-05-20 04:37:36,677 cc INFO Epoch: 1 / 20, Step: 239 / 355, Loss(batch): 77.31181335449219
2026-05-20 04:37:40,785 cc INFO Epoch: 1 / 20, Step: 269 / 355, Loss(batch): 104.0360336303711
2026-05-20 04:37:45,439 cc INFO Epoch: 1 / 20, Step: 299 / 355, Loss(batch): 86.18750762939453
2026-05-20 04:37:50,177 cc INFO Epoch: 1 / 20, Step: 329 / 355, Loss(batch): 85.62419128417969
2026-05-20 04:37:54,171 cc INFO epoch: 2
2026-05-20 04:37:54,172 cc INFO training
2026-05-20 04:37:58,869 cc INFO Epoch: 2 / 20, Step: 29 / 355, Loss(batch): 116.91795349121094
2026-05-20 04:38:03,380 cc INFO Epoch: 2 / 20, Step: 59 / 355, Loss(batch): 109.21708679199219
2026-05-20 04:38:07,974 cc INFO Epoch: 2 / 20, Step: 89 / 355, Loss(batch): 98.74247741699219
2026-05-20 04:38:12,670 cc INFO Epoch: 2 / 20, Step: 119 / 355, Loss(batch): 101.49650573730469
2026-05-20 04:38:16,860 cc INFO Epoch: 2 / 20, Step: 149 / 355, Loss(batch): 67.50753784179688
2026-05-20 04:38:21,145 cc INFO Epoch: 2 / 20, Step: 179 / 355, Loss(batch): 96.55397033691406
2026-05-20 04:38:25,969 cc INFO Epoch: 2 / 20, Step: 209 / 355, Loss(batch): 85.50738525390625
2026-05-20 04:38:30,784 cc INFO Epoch: 2 / 20, Step: 239 / 355, Loss(batch): 106.36393737792969
2026-05-20 04:38:35,335 cc INFO Epoch: 2 / 20, Step: 269 / 355, Loss(batch): 93.83482360839844
2026-05-20 04:38:39,941 cc INFO Epoch: 2 / 20, Step: 299 / 355, Loss(batch): 91.49931335449219
2026-05-20 04:38:44,376 cc INFO Epoch: 2 / 20, Step: 329 / 355, Loss(batch): 76.14874267578125
2026-05-20 04:38:47,973 cc INFO epoch: 3
2026-05-20 04:38:47,975 cc INFO training
2026-05-20 04:38:52,304 cc INFO Epoch: 3 / 20, Step: 29 / 355, Loss(batch): 78.22854614257812
2026-05-20 04:38:56,582 cc INFO Epoch: 3 / 20, Step: 59 / 355, Loss(batch): 82.99854278564453
2026-05-20 04:39:00,861 cc INFO Epoch: 3 / 20, Step: 89 / 355, Loss(batch): 102.34564971923828
2026-05-20 04:39:05,141 cc INFO Epoch: 3 / 20, Step: 119 / 355, Loss(batch): 96.89192199707031
2026-05-20 04:39:09,759 cc INFO Epoch: 3 / 20, Step: 149 / 355, Loss(batch): 78.05619812011719
2026-05-20 04:39:14,747 cc INFO Epoch: 3 / 20, Step: 179 / 355, Loss(batch): 101.229736328125
2026-05-20 04:39:19,219 cc INFO Epoch: 3 / 20, Step: 209 / 355, Loss(batch): 81.69515991210938
2026-05-20 04:39:23,666 cc INFO Epoch: 3 / 20, Step: 239 / 355, Loss(batch): 93.1877212524414
2026-05-20 04:39:28,008 cc INFO Epoch: 3 / 20, Step: 269 / 355, Loss(batch): 71.90338134765625
2026-05-20 04:39:32,399 cc INFO Epoch: 3 / 20, Step: 299 / 355, Loss(batch): 104.34092712402344
2026-05-20 04:39:36,948 cc INFO Epoch: 3 / 20, Step: 329 / 355, Loss(batch): 91.2440185546875
2026-05-20 04:39:40,876 cc INFO validating
2026-05-20 04:39:41,823 cc INFO Valid Step: 9 / 102, Loss(batch): 100.96846008300781
2026-05-20 04:39:42,754 cc INFO Valid Step: 19 / 102, Loss(batch): 116.86488342285156
2026-05-20 04:39:43,682 cc INFO Valid Step: 29 / 102, Loss(batch): 97.51591491699219
2026-05-20 04:39:44,607 cc INFO Valid Step: 39 / 102, Loss(batch): 96.99836730957031
2026-05-20 04:39:45,519 cc INFO Valid Step: 49 / 102, Loss(batch): 114.10176086425781
2026-05-20 04:39:46,448 cc INFO Valid Step: 59 / 102, Loss(batch): 85.73603820800781
2026-05-20 04:39:47,380 cc INFO Valid Step: 69 / 102, Loss(batch): 97.84878540039062
2026-05-20 04:39:48,314 cc INFO Valid Step: 79 / 102, Loss(batch): 109.96509552001953
2026-05-20 04:39:49,262 cc INFO Valid Step: 89 / 102, Loss(batch): 78.33833312988281
2026-05-20 04:39:50,225 cc INFO Valid Step: 99 / 102, Loss(batch): 125.802734375
2026-05-20 04:44:12,316 cc INFO ########valid metric###########
2026-05-20 04:44:12,316 cc INFO epoch3, train_loss83.71443082782584, valid_loss:103.06471237481809
2026-05-20 04:44:12,316 cc INFO threshold:0.86, f_score0.601338805824294, auc0.926740801222749, recall0.5852394312615912, precision0.6183489926141787, aupr0.5956200852084569
2026-05-20 04:44:12,317 cc INFO epoch: 4
2026-05-20 04:44:12,317 cc INFO training
2026-05-20 04:44:17,008 cc INFO Epoch: 4 / 20, Step: 29 / 355, Loss(batch): 77.97762298583984
2026-05-20 04:44:21,704 cc INFO Epoch: 4 / 20, Step: 59 / 355, Loss(batch): 89.61997985839844
2026-05-20 04:44:25,990 cc INFO Epoch: 4 / 20, Step: 89 / 355, Loss(batch): 88.26426696777344
2026-05-20 04:44:30,454 cc INFO Epoch: 4 / 20, Step: 119 / 355, Loss(batch): 92.54006958007812
2026-05-20 04:44:34,727 cc INFO Epoch: 4 / 20, Step: 149 / 355, Loss(batch): 83.11372375488281
2026-05-20 04:44:39,038 cc INFO Epoch: 4 / 20, Step: 179 / 355, Loss(batch): 89.37190246582031
2026-05-20 04:44:43,682 cc INFO Epoch: 4 / 20, Step: 209 / 355, Loss(batch): 60.11260986328125
2026-05-20 04:44:47,782 cc INFO Epoch: 4 / 20, Step: 239 / 355, Loss(batch): 81.05923461914062
2026-05-20 04:44:51,863 cc INFO Epoch: 4 / 20, Step: 269 / 355, Loss(batch): 81.57268524169922
2026-05-20 04:44:56,696 cc INFO Epoch: 4 / 20, Step: 299 / 355, Loss(batch): 93.90048217773438
2026-05-20 04:45:01,247 cc INFO Epoch: 4 / 20, Step: 329 / 355, Loss(batch): 89.25886535644531
2026-05-20 04:45:05,273 cc INFO epoch: 5
2026-05-20 04:45:05,275 cc INFO training
2026-05-20 04:45:09,754 cc INFO Epoch: 5 / 20, Step: 29 / 355, Loss(batch): 95.52164459228516
2026-05-20 04:45:14,098 cc INFO Epoch: 5 / 20, Step: 59 / 355, Loss(batch): 76.19971466064453
2026-05-20 04:45:18,522 cc INFO Epoch: 5 / 20, Step: 89 / 355, Loss(batch): 69.60074615478516
2026-05-20 04:45:22,919 cc INFO Epoch: 5 / 20, Step: 119 / 355, Loss(batch): 55.1508674621582
2026-05-20 04:45:27,343 cc INFO Epoch: 5 / 20, Step: 149 / 355, Loss(batch): 97.03506469726562
2026-05-20 04:45:31,775 cc INFO Epoch: 5 / 20, Step: 179 / 355, Loss(batch): 93.49407958984375
2026-05-20 04:45:36,136 cc INFO Epoch: 5 / 20, Step: 209 / 355, Loss(batch): 87.239990234375
2026-05-20 04:45:40,629 cc INFO Epoch: 5 / 20, Step: 239 / 355, Loss(batch): 120.5303955078125
2026-05-20 04:45:44,860 cc INFO Epoch: 5 / 20, Step: 269 / 355, Loss(batch): 77.08056640625
2026-05-20 04:45:48,877 cc INFO Epoch: 5 / 20, Step: 299 / 355, Loss(batch): 97.09535217285156
2026-05-20 04:45:52,929 cc INFO Epoch: 5 / 20, Step: 329 / 355, Loss(batch): 88.0219955444336
2026-05-20 04:45:56,264 cc INFO epoch: 6
2026-05-20 04:45:56,265 cc INFO training
2026-05-20 04:46:00,282 cc INFO Epoch: 6 / 20, Step: 29 / 355, Loss(batch): 68.515380859375
2026-05-20 04:46:04,712 cc INFO Epoch: 6 / 20, Step: 59 / 355, Loss(batch): 80.62098693847656
2026-05-20 04:46:08,719 cc INFO Epoch: 6 / 20, Step: 89 / 355, Loss(batch): 63.88591003417969
2026-05-20 04:46:13,019 cc INFO Epoch: 6 / 20, Step: 119 / 355, Loss(batch): 83.19190979003906
2026-05-20 04:46:17,052 cc INFO Epoch: 6 / 20, Step: 149 / 355, Loss(batch): 75.38562774658203
2026-05-20 04:46:21,045 cc INFO Epoch: 6 / 20, Step: 179 / 355, Loss(batch): 85.7608642578125
2026-05-20 04:46:25,100 cc INFO Epoch: 6 / 20, Step: 209 / 355, Loss(batch): 72.76814270019531
2026-05-20 04:46:29,682 cc INFO Epoch: 6 / 20, Step: 239 / 355, Loss(batch): 77.25105285644531
2026-05-20 04:46:34,119 cc INFO Epoch: 6 / 20, Step: 269 / 355, Loss(batch): 89.63773345947266
2026-05-20 04:46:39,301 cc INFO Epoch: 6 / 20, Step: 299 / 355, Loss(batch): 58.7130241394043
2026-05-20 04:46:44,409 cc INFO Epoch: 6 / 20, Step: 329 / 355, Loss(batch): 73.1917495727539
2026-05-20 04:46:48,601 cc INFO epoch: 7
2026-05-20 04:46:48,602 cc INFO training
2026-05-20 04:46:53,126 cc INFO Epoch: 7 / 20, Step: 29 / 355, Loss(batch): 65.9500732421875
2026-05-20 04:46:57,212 cc INFO Epoch: 7 / 20, Step: 59 / 355, Loss(batch): 84.08399963378906
2026-05-20 04:47:01,229 cc INFO Epoch: 7 / 20, Step: 89 / 355, Loss(batch): 73.10089111328125
2026-05-20 04:47:05,181 cc INFO Epoch: 7 / 20, Step: 119 / 355, Loss(batch): 86.01904296875
2026-05-20 04:47:09,144 cc INFO Epoch: 7 / 20, Step: 149 / 355, Loss(batch): 113.47586822509766
2026-05-20 04:47:13,522 cc INFO Epoch: 7 / 20, Step: 179 / 355, Loss(batch): 116.50804138183594
2026-05-20 04:47:17,791 cc INFO Epoch: 7 / 20, Step: 209 / 355, Loss(batch): 68.21439361572266
2026-05-20 04:47:22,504 cc INFO Epoch: 7 / 20, Step: 239 / 355, Loss(batch): 74.58161926269531
2026-05-20 04:47:26,560 cc INFO Epoch: 7 / 20, Step: 269 / 355, Loss(batch): 71.43948364257812
2026-05-20 04:47:30,834 cc INFO Epoch: 7 / 20, Step: 299 / 355, Loss(batch): 81.34803771972656
2026-05-20 04:47:35,288 cc INFO Epoch: 7 / 20, Step: 329 / 355, Loss(batch): 82.48260498046875
2026-05-20 04:47:38,857 cc INFO validating
2026-05-20 04:47:39,878 cc INFO Valid Step: 9 / 102, Loss(batch): 108.06999206542969
2026-05-20 04:47:40,822 cc INFO Valid Step: 19 / 102, Loss(batch): 115.32818603515625
2026-05-20 04:47:41,781 cc INFO Valid Step: 29 / 102, Loss(batch): 89.50434875488281
2026-05-20 04:47:42,731 cc INFO Valid Step: 39 / 102, Loss(batch): 105.81307983398438
2026-05-20 04:47:43,824 cc INFO Valid Step: 49 / 102, Loss(batch): 104.14231872558594
2026-05-20 04:47:44,831 cc INFO Valid Step: 59 / 102, Loss(batch): 101.03345489501953
2026-05-20 04:47:45,797 cc INFO Valid Step: 69 / 102, Loss(batch): 110.34585571289062
2026-05-20 04:47:46,780 cc INFO Valid Step: 79 / 102, Loss(batch): 95.5635986328125
2026-05-20 04:47:47,712 cc INFO Valid Step: 89 / 102, Loss(batch): 91.9202880859375
2026-05-20 04:47:48,636 cc INFO Valid Step: 99 / 102, Loss(batch): 78.45671081542969
2026-05-20 04:52:11,878 cc INFO ########valid metric###########
2026-05-20 04:52:11,878 cc INFO epoch7, train_loss80.90435672813737, valid_loss:102.3381810281791
2026-05-20 04:52:11,879 cc INFO threshold:0.88, f_score0.601477939229578, auc0.9328137603005011, recall0.5941319130724237, precision0.6090078965326747, aupr0.6021576838297463
2026-05-20 04:52:11,879 cc INFO epoch: 8
2026-05-20 04:52:11,880 cc INFO training
2026-05-20 04:52:16,262 cc INFO Epoch: 8 / 20, Step: 29 / 355, Loss(batch): 77.83517456054688
2026-05-20 04:52:20,322 cc INFO Epoch: 8 / 20, Step: 59 / 355, Loss(batch): 61.119930267333984
2026-05-20 04:52:24,416 cc INFO Epoch: 8 / 20, Step: 89 / 355, Loss(batch): 84.70658111572266
2026-05-20 04:52:28,484 cc INFO Epoch: 8 / 20, Step: 119 / 355, Loss(batch): 68.82424926757812
2026-05-20 04:52:32,612 cc INFO Epoch: 8 / 20, Step: 149 / 355, Loss(batch): 76.81464385986328
2026-05-20 04:52:36,642 cc INFO Epoch: 8 / 20, Step: 179 / 355, Loss(batch): 80.68046569824219
2026-05-20 04:52:40,720 cc INFO Epoch: 8 / 20, Step: 209 / 355, Loss(batch): 71.10173034667969
2026-05-20 04:52:44,732 cc INFO Epoch: 8 / 20, Step: 239 / 355, Loss(batch): 82.99916076660156
2026-05-20 04:52:48,724 cc INFO Epoch: 8 / 20, Step: 269 / 355, Loss(batch): 92.28469848632812
2026-05-20 04:52:52,712 cc INFO Epoch: 8 / 20, Step: 299 / 355, Loss(batch): 90.93822479248047
2026-05-20 04:52:56,715 cc INFO Epoch: 8 / 20, Step: 329 / 355, Loss(batch): 65.9703369140625
2026-05-20 04:53:00,335 cc INFO epoch: 9
2026-05-20 04:53:00,336 cc INFO training
2026-05-20 04:53:04,244 cc INFO Epoch: 9 / 20, Step: 29 / 355, Loss(batch): 79.39659118652344
2026-05-20 04:53:08,235 cc INFO Epoch: 9 / 20, Step: 59 / 355, Loss(batch): 64.24212646484375
2026-05-20 04:53:12,651 cc INFO Epoch: 9 / 20, Step: 89 / 355, Loss(batch): 79.29158020019531
2026-05-20 04:53:16,582 cc INFO Epoch: 9 / 20, Step: 119 / 355, Loss(batch): 69.13431549072266
2026-05-20 04:53:20,498 cc INFO Epoch: 9 / 20, Step: 149 / 355, Loss(batch): 72.31535339355469
2026-05-20 04:53:24,407 cc INFO Epoch: 9 / 20, Step: 179 / 355, Loss(batch): 72.7785415649414
2026-05-20 04:53:28,380 cc INFO Epoch: 9 / 20, Step: 209 / 355, Loss(batch): 78.93756103515625
2026-05-20 04:53:32,337 cc INFO Epoch: 9 / 20, Step: 239 / 355, Loss(batch): 77.98235321044922
2026-05-20 04:53:36,305 cc INFO Epoch: 9 / 20, Step: 269 / 355, Loss(batch): 109.06832122802734
2026-05-20 04:53:40,356 cc INFO Epoch: 9 / 20, Step: 299 / 355, Loss(batch): 78.89540100097656
2026-05-20 04:53:44,608 cc INFO Epoch: 9 / 20, Step: 329 / 355, Loss(batch): 66.20091247558594
2026-05-20 04:53:48,195 cc INFO epoch: 10
2026-05-20 04:53:48,197 cc INFO training
2026-05-20 04:53:52,366 cc INFO Epoch: 10 / 20, Step: 29 / 355, Loss(batch): 80.31031799316406
2026-05-20 04:53:56,476 cc INFO Epoch: 10 / 20, Step: 59 / 355, Loss(batch): 83.66675567626953
2026-05-20 04:54:00,650 cc INFO Epoch: 10 / 20, Step: 89 / 355, Loss(batch): 104.59146118164062
2026-05-20 04:54:05,474 cc INFO Epoch: 10 / 20, Step: 119 / 355, Loss(batch): 99.5504150390625
2026-05-20 04:54:09,778 cc INFO Epoch: 10 / 20, Step: 149 / 355, Loss(batch): 62.19022750854492
2026-05-20 04:54:14,055 cc INFO Epoch: 10 / 20, Step: 179 / 355, Loss(batch): 75.14469909667969
2026-05-20 04:54:18,326 cc INFO Epoch: 10 / 20, Step: 209 / 355, Loss(batch): 66.9857177734375
2026-05-20 04:54:22,853 cc INFO Epoch: 10 / 20, Step: 239 / 355, Loss(batch): 87.13069915771484
2026-05-20 04:54:27,288 cc INFO Epoch: 10 / 20, Step: 269 / 355, Loss(batch): 107.43060302734375
2026-05-20 04:54:31,334 cc INFO Epoch: 10 / 20, Step: 299 / 355, Loss(batch): 85.21040344238281
2026-05-20 04:54:35,510 cc INFO Epoch: 10 / 20, Step: 329 / 355, Loss(batch): 78.01349639892578
2026-05-20 04:54:39,164 cc INFO epoch: 11
2026-05-20 04:54:39,165 cc INFO training
2026-05-20 04:54:43,341 cc INFO Epoch: 11 / 20, Step: 29 / 355, Loss(batch): 76.19187927246094
2026-05-20 04:54:47,640 cc INFO Epoch: 11 / 20, Step: 59 / 355, Loss(batch): 65.17311096191406
2026-05-20 04:54:51,849 cc INFO Epoch: 11 / 20, Step: 89 / 355, Loss(batch): 61.71736145019531
2026-05-20 04:54:56,032 cc INFO Epoch: 11 / 20, Step: 119 / 355, Loss(batch): 97.13610076904297
2026-05-20 04:55:00,212 cc INFO Epoch: 11 / 20, Step: 149 / 355, Loss(batch): 75.78069305419922
2026-05-20 04:55:04,209 cc INFO Epoch: 11 / 20, Step: 179 / 355, Loss(batch): 57.09044647216797
2026-05-20 04:55:08,256 cc INFO Epoch: 11 / 20, Step: 209 / 355, Loss(batch): 86.22301483154297
2026-05-20 04:55:12,474 cc INFO Epoch: 11 / 20, Step: 239 / 355, Loss(batch): 97.26997375488281
2026-05-20 04:55:17,186 cc INFO Epoch: 11 / 20, Step: 269 / 355, Loss(batch): 67.63819885253906
2026-05-20 04:55:22,023 cc INFO Epoch: 11 / 20, Step: 299 / 355, Loss(batch): 65.32839965820312
2026-05-20 04:55:26,193 cc INFO Epoch: 11 / 20, Step: 329 / 355, Loss(batch): 71.26091003417969
2026-05-20 04:55:29,661 cc INFO validating
2026-05-20 04:55:30,680 cc INFO Valid Step: 9 / 102, Loss(batch): 88.19281768798828
2026-05-20 04:55:31,572 cc INFO Valid Step: 19 / 102, Loss(batch): 119.54742431640625
2026-05-20 04:55:32,454 cc INFO Valid Step: 29 / 102, Loss(batch): 120.64654541015625
2026-05-20 04:55:33,337 cc INFO Valid Step: 39 / 102, Loss(batch): 109.13421630859375
2026-05-20 04:55:34,220 cc INFO Valid Step: 49 / 102, Loss(batch): 111.25460815429688
2026-05-20 04:55:35,105 cc INFO Valid Step: 59 / 102, Loss(batch): 92.7485580444336
2026-05-20 04:55:36,009 cc INFO Valid Step: 69 / 102, Loss(batch): 93.37609100341797
2026-05-20 04:55:36,901 cc INFO Valid Step: 79 / 102, Loss(batch): 106.291015625
2026-05-20 04:55:37,798 cc INFO Valid Step: 89 / 102, Loss(batch): 81.39985656738281
2026-05-20 04:55:38,680 cc INFO Valid Step: 99 / 102, Loss(batch): 78.61243438720703
2026-05-20 04:59:55,511 cc INFO ########valid metric###########
2026-05-20 04:59:55,511 cc INFO epoch11, train_loss78.21676684097505, valid_loss:101.9585122501149
2026-05-20 04:59:55,511 cc INFO threshold:0.89, f_score0.589802353303084, auc0.9272511543403504, recall0.6078272861286794, precision0.5728156790105015, aupr0.5832655424895626
2026-05-20 04:59:55,511 cc INFO epoch: 12
2026-05-20 04:59:55,512 cc INFO training
2026-05-20 05:00:00,313 cc INFO Epoch: 12 / 20, Step: 29 / 355, Loss(batch): 73.45450592041016
2026-05-20 05:00:04,613 cc INFO Epoch: 12 / 20, Step: 59 / 355, Loss(batch): 76.33296203613281
2026-05-20 05:00:08,972 cc INFO Epoch: 12 / 20, Step: 89 / 355, Loss(batch): 81.21288299560547
2026-05-20 05:00:13,609 cc INFO Epoch: 12 / 20, Step: 119 / 355, Loss(batch): 59.619728088378906
2026-05-20 05:00:18,626 cc INFO Epoch: 12 / 20, Step: 149 / 355, Loss(batch): 78.25614929199219
2026-05-20 05:00:23,626 cc INFO Epoch: 12 / 20, Step: 179 / 355, Loss(batch): 65.48992919921875
2026-05-20 05:00:28,595 cc INFO Epoch: 12 / 20, Step: 209 / 355, Loss(batch): 96.14558410644531
2026-05-20 05:00:33,573 cc INFO Epoch: 12 / 20, Step: 239 / 355, Loss(batch): 85.707763671875
2026-05-20 05:00:38,576 cc INFO Epoch: 12 / 20, Step: 269 / 355, Loss(batch): 86.4341812133789
2026-05-20 05:00:42,767 cc INFO Epoch: 12 / 20, Step: 299 / 355, Loss(batch): 89.37872314453125
2026-05-20 05:00:46,771 cc INFO Epoch: 12 / 20, Step: 329 / 355, Loss(batch): 65.48921203613281
2026-05-20 05:00:50,098 cc INFO epoch: 13
2026-05-20 05:00:50,099 cc INFO training
2026-05-20 05:00:54,119 cc INFO Epoch: 13 / 20, Step: 29 / 355, Loss(batch): 69.52790832519531
2026-05-20 05:00:58,900 cc INFO Epoch: 13 / 20, Step: 59 / 355, Loss(batch): 68.78831481933594
2026-05-20 05:01:03,179 cc INFO Epoch: 13 / 20, Step: 89 / 355, Loss(batch): 83.06224060058594
2026-05-20 05:01:07,376 cc INFO Epoch: 13 / 20, Step: 119 / 355, Loss(batch): 85.46414184570312
2026-05-20 05:01:11,348 cc INFO Epoch: 13 / 20, Step: 149 / 355, Loss(batch): 91.456298828125
2026-05-20 05:01:15,394 cc INFO Epoch: 13 / 20, Step: 179 / 355, Loss(batch): 76.35867309570312
2026-05-20 05:01:19,378 cc INFO Epoch: 13 / 20, Step: 209 / 355, Loss(batch): 83.0271224975586
2026-05-20 05:01:23,321 cc INFO Epoch: 13 / 20, Step: 239 / 355, Loss(batch): 78.46882629394531
2026-05-20 05:01:27,535 cc INFO Epoch: 13 / 20, Step: 269 / 355, Loss(batch): 67.19397735595703
2026-05-20 05:01:32,000 cc INFO Epoch: 13 / 20, Step: 299 / 355, Loss(batch): 100.9700927734375
2026-05-20 05:01:36,328 cc INFO Epoch: 13 / 20, Step: 329 / 355, Loss(batch): 73.940673828125
2026-05-20 05:01:39,936 cc INFO epoch: 14
2026-05-20 05:01:39,937 cc INFO training
2026-05-20 05:01:44,274 cc INFO Epoch: 14 / 20, Step: 29 / 355, Loss(batch): 60.977264404296875
2026-05-20 05:01:48,774 cc INFO Epoch: 14 / 20, Step: 59 / 355, Loss(batch): 67.1907958984375
2026-05-20 05:01:52,786 cc INFO Epoch: 14 / 20, Step: 89 / 355, Loss(batch): 65.71369171142578
2026-05-20 05:01:56,815 cc INFO Epoch: 14 / 20, Step: 119 / 355, Loss(batch): 87.41184997558594
2026-05-20 05:02:00,841 cc INFO Epoch: 14 / 20, Step: 149 / 355, Loss(batch): 61.24089813232422
2026-05-20 05:02:04,887 cc INFO Epoch: 14 / 20, Step: 179 / 355, Loss(batch): 85.69535827636719
2026-05-20 05:02:08,893 cc INFO Epoch: 14 / 20, Step: 209 / 355, Loss(batch): 80.0301284790039
2026-05-20 05:02:12,893 cc INFO Epoch: 14 / 20, Step: 239 / 355, Loss(batch): 72.89201354980469
2026-05-20 05:02:16,928 cc INFO Epoch: 14 / 20, Step: 269 / 355, Loss(batch): 78.69003295898438
2026-05-20 05:02:21,122 cc INFO Epoch: 14 / 20, Step: 299 / 355, Loss(batch): 71.09663391113281
2026-05-20 05:02:25,680 cc INFO Epoch: 14 / 20, Step: 329 / 355, Loss(batch): 101.78816223144531
2026-05-20 05:02:29,459 cc INFO epoch: 15
2026-05-20 05:02:29,460 cc INFO training
2026-05-20 05:02:33,760 cc INFO Epoch: 15 / 20, Step: 29 / 355, Loss(batch): 78.47996520996094
2026-05-20 05:02:37,985 cc INFO Epoch: 15 / 20, Step: 59 / 355, Loss(batch): 70.6280517578125
2026-05-20 05:02:41,996 cc INFO Epoch: 15 / 20, Step: 89 / 355, Loss(batch): 78.92088317871094
2026-05-20 05:02:45,971 cc INFO Epoch: 15 / 20, Step: 119 / 355, Loss(batch): 65.060302734375
2026-05-20 05:02:49,991 cc INFO Epoch: 15 / 20, Step: 149 / 355, Loss(batch): 68.1671142578125
2026-05-20 05:02:53,957 cc INFO Epoch: 15 / 20, Step: 179 / 355, Loss(batch): 83.19015502929688
2026-05-20 05:02:57,971 cc INFO Epoch: 15 / 20, Step: 209 / 355, Loss(batch): 69.37355041503906
2026-05-20 05:03:01,974 cc INFO Epoch: 15 / 20, Step: 239 / 355, Loss(batch): 47.40096664428711
2026-05-20 05:03:05,985 cc INFO Epoch: 15 / 20, Step: 269 / 355, Loss(batch): 80.83598327636719
2026-05-20 05:03:10,034 cc INFO Epoch: 15 / 20, Step: 299 / 355, Loss(batch): 60.773284912109375
2026-05-20 05:03:14,065 cc INFO Epoch: 15 / 20, Step: 329 / 355, Loss(batch): 63.00341033935547
2026-05-20 05:03:17,619 cc INFO validating
2026-05-20 05:03:18,612 cc INFO Valid Step: 9 / 102, Loss(batch): 124.09092712402344
2026-05-20 05:03:19,554 cc INFO Valid Step: 19 / 102, Loss(batch): 112.17868041992188
2026-05-20 05:03:20,502 cc INFO Valid Step: 29 / 102, Loss(batch): 112.33319091796875
2026-05-20 05:03:21,443 cc INFO Valid Step: 39 / 102, Loss(batch): 99.82371520996094
2026-05-20 05:03:22,410 cc INFO Valid Step: 49 / 102, Loss(batch): 91.47540283203125
2026-05-20 05:03:23,348 cc INFO Valid Step: 59 / 102, Loss(batch): 84.70780944824219
2026-05-20 05:03:24,295 cc INFO Valid Step: 69 / 102, Loss(batch): 93.67756652832031
2026-05-20 05:03:25,233 cc INFO Valid Step: 79 / 102, Loss(batch): 118.63264465332031
2026-05-20 05:03:26,169 cc INFO Valid Step: 89 / 102, Loss(batch): 104.9357681274414
2026-05-20 05:03:27,107 cc INFO Valid Step: 99 / 102, Loss(batch): 105.50890350341797
2026-05-20 05:07:51,827 cc INFO ########valid metric###########
2026-05-20 05:07:51,827 cc INFO epoch15, train_loss76.7719358094981, valid_loss:102.30237220315372
2026-05-20 05:07:51,828 cc INFO threshold:0.89, f_score0.5768429883301125, auc0.9228631786961146, recall0.6103634663242823, precision0.5468126499950298, aupr0.5648962594522571
2026-05-20 05:07:51,828 cc INFO epoch: 16
2026-05-20 05:07:51,829 cc INFO training
2026-05-20 05:07:56,209 cc INFO Epoch: 16 / 20, Step: 29 / 355, Loss(batch): 65.26998901367188
2026-05-20 05:08:00,239 cc INFO Epoch: 16 / 20, Step: 59 / 355, Loss(batch): 77.94815826416016
2026-05-20 05:08:04,281 cc INFO Epoch: 16 / 20, Step: 89 / 355, Loss(batch): 84.90155792236328
2026-05-20 05:08:08,299 cc INFO Epoch: 16 / 20, Step: 119 / 355, Loss(batch): 73.18785095214844
2026-05-20 05:08:12,288 cc INFO Epoch: 16 / 20, Step: 149 / 355, Loss(batch): 73.68960571289062
2026-05-20 05:08:16,489 cc INFO Epoch: 16 / 20, Step: 179 / 355, Loss(batch): 80.34278869628906
2026-05-20 05:08:20,464 cc INFO Epoch: 16 / 20, Step: 209 / 355, Loss(batch): 84.94275665283203
2026-05-20 05:08:24,506 cc INFO Epoch: 16 / 20, Step: 239 / 355, Loss(batch): 88.05455780029297
2026-05-20 05:08:28,509 cc INFO Epoch: 16 / 20, Step: 269 / 355, Loss(batch): 78.5443344116211
2026-05-20 05:08:32,570 cc INFO Epoch: 16 / 20, Step: 299 / 355, Loss(batch): 66.35852813720703
2026-05-20 05:08:36,655 cc INFO Epoch: 16 / 20, Step: 329 / 355, Loss(batch): 58.689247131347656
2026-05-20 05:08:39,979 cc INFO epoch: 17
2026-05-20 05:08:39,980 cc INFO training
2026-05-20 05:08:43,925 cc INFO Epoch: 17 / 20, Step: 29 / 355, Loss(batch): 90.74769592285156
2026-05-20 05:08:48,130 cc INFO Epoch: 17 / 20, Step: 59 / 355, Loss(batch): 57.09263229370117
2026-05-20 05:08:52,402 cc INFO Epoch: 17 / 20, Step: 89 / 355, Loss(batch): 66.54695892333984
2026-05-20 05:08:56,858 cc INFO Epoch: 17 / 20, Step: 119 / 355, Loss(batch): 60.0404052734375
2026-05-20 05:09:01,098 cc INFO Epoch: 17 / 20, Step: 149 / 355, Loss(batch): 71.5072021484375
2026-05-20 05:09:05,384 cc INFO Epoch: 17 / 20, Step: 179 / 355, Loss(batch): 86.90603637695312
2026-05-20 05:09:09,688 cc INFO Epoch: 17 / 20, Step: 209 / 355, Loss(batch): 69.86819458007812
2026-05-20 05:09:13,991 cc INFO Epoch: 17 / 20, Step: 239 / 355, Loss(batch): 68.95630645751953
2026-05-20 05:09:18,347 cc INFO Epoch: 17 / 20, Step: 269 / 355, Loss(batch): 75.51256561279297
2026-05-20 05:09:22,618 cc INFO Epoch: 17 / 20, Step: 299 / 355, Loss(batch): 86.10623168945312
2026-05-20 05:09:27,109 cc INFO Epoch: 17 / 20, Step: 329 / 355, Loss(batch): 74.72032165527344
2026-05-20 05:09:30,778 cc INFO epoch: 18
2026-05-20 05:09:30,779 cc INFO training
2026-05-20 05:09:35,055 cc INFO Epoch: 18 / 20, Step: 29 / 355, Loss(batch): 71.84278869628906
2026-05-20 05:09:39,307 cc INFO Epoch: 18 / 20, Step: 59 / 355, Loss(batch): 72.14845275878906
2026-05-20 05:09:43,571 cc INFO Epoch: 18 / 20, Step: 89 / 355, Loss(batch): 86.09033203125
2026-05-20 05:09:47,864 cc INFO Epoch: 18 / 20, Step: 119 / 355, Loss(batch): 63.314369201660156
2026-05-20 05:09:52,141 cc INFO Epoch: 18 / 20, Step: 149 / 355, Loss(batch): 82.25025177001953
2026-05-20 05:09:56,434 cc INFO Epoch: 18 / 20, Step: 179 / 355, Loss(batch): 76.28367614746094
2026-05-20 05:10:00,696 cc INFO Epoch: 18 / 20, Step: 209 / 355, Loss(batch): 84.85235595703125
2026-05-20 05:10:04,927 cc INFO Epoch: 18 / 20, Step: 239 / 355, Loss(batch): 89.79169464111328
2026-05-20 05:10:09,184 cc INFO Epoch: 18 / 20, Step: 269 / 355, Loss(batch): 85.34868621826172
2026-05-20 05:10:13,442 cc INFO Epoch: 18 / 20, Step: 299 / 355, Loss(batch): 80.9017105102539
2026-05-20 05:10:17,964 cc INFO Epoch: 18 / 20, Step: 329 / 355, Loss(batch): 75.07090759277344
2026-05-20 05:10:21,559 cc INFO epoch: 19
2026-05-20 05:10:21,560 cc INFO training
2026-05-20 05:10:25,879 cc INFO Epoch: 19 / 20, Step: 29 / 355, Loss(batch): 69.4081039428711
2026-05-20 05:10:30,158 cc INFO Epoch: 19 / 20, Step: 59 / 355, Loss(batch): 76.20613098144531
2026-05-20 05:10:34,520 cc INFO Epoch: 19 / 20, Step: 89 / 355, Loss(batch): 55.9371452331543
2026-05-20 05:10:38,872 cc INFO Epoch: 19 / 20, Step: 119 / 355, Loss(batch): 68.62560272216797
2026-05-20 05:10:43,200 cc INFO Epoch: 19 / 20, Step: 149 / 355, Loss(batch): 78.21318054199219
2026-05-20 05:10:47,515 cc INFO Epoch: 19 / 20, Step: 179 / 355, Loss(batch): 58.498287200927734
2026-05-20 05:10:51,871 cc INFO Epoch: 19 / 20, Step: 209 / 355, Loss(batch): 92.78744506835938
2026-05-20 05:10:56,343 cc INFO Epoch: 19 / 20, Step: 239 / 355, Loss(batch): 82.18666076660156
2026-05-20 05:11:00,839 cc INFO Epoch: 19 / 20, Step: 269 / 355, Loss(batch): 60.95171356201172
2026-05-20 05:11:05,363 cc INFO Epoch: 19 / 20, Step: 299 / 355, Loss(batch): 68.52898406982422
2026-05-20 05:11:09,026 cc INFO Epoch: 19 / 20, Step: 329 / 355, Loss(batch): 75.3131103515625
2026-05-20 05:11:12,019 cc INFO validating
2026-05-20 05:11:12,940 cc INFO Valid Step: 9 / 102, Loss(batch): 93.92021179199219
2026-05-20 05:11:13,825 cc INFO Valid Step: 19 / 102, Loss(batch): 110.95982360839844
2026-05-20 05:11:14,705 cc INFO Valid Step: 29 / 102, Loss(batch): 106.33993530273438
2026-05-20 05:11:15,589 cc INFO Valid Step: 39 / 102, Loss(batch): 111.11517333984375
2026-05-20 05:11:16,467 cc INFO Valid Step: 49 / 102, Loss(batch): 101.707763671875
2026-05-20 05:11:17,354 cc INFO Valid Step: 59 / 102, Loss(batch): 96.20439147949219
2026-05-20 05:11:18,233 cc INFO Valid Step: 69 / 102, Loss(batch): 98.1985855102539
2026-05-20 05:11:19,146 cc INFO Valid Step: 79 / 102, Loss(batch): 95.9840087890625
2026-05-20 05:11:20,034 cc INFO Valid Step: 89 / 102, Loss(batch): 103.45449829101562
2026-05-20 05:11:20,912 cc INFO Valid Step: 99 / 102, Loss(batch): 80.15240478515625
2026-05-20 05:15:38,225 cc INFO ########valid metric###########
2026-05-20 05:15:38,226 cc INFO epoch19, train_loss76.41241772074095, valid_loss:101.76191494511623
2026-05-20 05:15:38,226 cc INFO threshold:0.89, f_score0.576887957488212, auc0.922196289247059, recall0.6108865534896254, precision0.5464741999064135, aupr0.5630908197233381
2026-05-20 05:15:38,226 cc INFO best_fscore: 0.601477939229578
2026-05-20 05:15:38,226 cc INFO best_scores[thresh,fmax,recall,precision,auc]: [0.88, 0.601477939229578, 0.5941319130724237, 0.6090078965326747, 0.9328137603005011]
2026-05-20 05:15:38,226 cc INFO best_aupr: 0.6021576838297463
2026-05-20 05:15:38,226 cc INFO best_score_dict: {0.01: [0.1313837584744306, 0.9994293594559893, 0.07031354548617616, 0.9328137603005011], 0.02: [0.13882901092122726, 0.9989221234168688, 0.07459829683064663, 0.9328137603005011], 0.03: [0.1456927439386279, 0.9980820137270753, 0.07858176916932907, 0.9328137603005011], 0.04: [0.152307113048721, 0.9970675416488342, 0.08245095700365185, 0.9328137603005011], 0.05: [0.15851352254935727, 0.9957994515510327, 0.08611038006886418, 0.9328137603005011], 0.06: [0.16450711465404985, 0.9942618923074484, 0.0896719628760218, 0.9328137603005011], 0.07: [0.17023786869647956, 0.9926292263065291, 0.09310257161250228, 0.9328137603005011], 0.08: [0.17582504131359658, 0.990822197917162, 0.09647219332713933, 0.9328137603005011], 0.09: [0.18130868003248238, 0.9891736807900201, 0.09980073118540955, 0.9328137603005011], 0.1: [0.18677802435074672, 0.9872556945170955, 0.1031460685321935, 0.9328137603005011], 0.11: [0.19224067961690386, 0.985527921758841, 0.10650828782282766, 0.9328137603005011], 0.12: [0.19762128425175537, 0.9837208933694739, 0.10984401300570105, 0.9328137603005011], 0.13: [0.20286631870804395, 0.9817553537178817, 0.11312056867121321, 0.9328137603005011], 0.14: [0.20819355186397748, 0.9797739629400669, 0.11647135747893808, 0.9328137603005011], 0.15: [0.2134647530515977, 0.977697465404917, 0.1198118906697073, 0.9328137603005011], 0.16: [0.21869486029052462, 0.9754466054813195, 0.1231528473767631, 0.9328137603005011], 0.17: [0.22379440213210444, 0.9729896809168291, 0.1264380127667726, 0.9328137603005011], 0.18: [0.2290251595256391, 0.9708656300030117, 0.12982534232057316, 0.9328137603005011], 0.19: [0.2342306431923713, 0.9687098768367493, 0.13322157599644235, 0.9328137603005011], 0.2: [0.23936614008602497, 0.9663639101558166, 0.13660094107102846, 0.9328137603005011], 0.21: [0.24452968565293962, 0.9640020923486614, 0.1400241754446555, 0.9328137603005011], 0.22: [0.24967793184914452, 0.9615610189103936, 0.14346494495488785, 0.9328137603005011], 0.23: [0.2548086134980176, 0.9591199454721258, 0.14692042093812677, 0.9328137603005011], 0.24: [0.2599871647435318, 0.9568056810436382, 0.15043151680086927, 0.9328137603005011], 0.25: [0.26501361522087036, 0.9541426918382551, 0.15387643666407624, 0.9328137603005011], 0.26: [0.27020895925463323, 0.9515906605164297, 0.15746030247234155, 0.9328137603005011], 0.27: [0.2753182604216491, 0.9488959690586016, 0.16101856758217964, 0.9328137603005011], 0.28: [0.28050533714199805, 0.9463914911154437, 0.16465393853985974, 0.9328137603005011], 0.29: [0.285727307399847, 0.9440613755607336, 0.16833804409270775, 0.9328137603005011], 0.3: [0.2910078700426447, 0.9416044509962432, 0.17209780687777038, 0.9328137603005011], 0.31: [0.29612758542238043, 0.93875124827619, 0.17579015482522797, 0.9328137603005011], 0.32: [0.3014048205376852, 0.936088259070807, 0.1796196825821679, 0.9328137603005011], 0.33: [0.3065845871808092, 0.9331082473409735, 0.18342572079356623, 0.9328137603005011], 0.34: [0.3117829910465209, 0.9300806822324726, 0.18728196027487767, 0.9328137603005011], 0.35: [0.3170859297286016, 0.9271799261337518, 0.19124484231038338, 0.9328137603005011], 0.36: [0.3223343799752344, 0.9242633189088084, 0.19520597244773272, 0.9328137603005011], 0.37: [0.3276470521912665, 0.9212674560527525, 0.19925604676277492, 0.9328137603005011], 0.38: [0.3330821878414908, 0.9179862729246913, 0.2034512195550372, 0.9328137603005011], 0.39: [0.3384090289323446, 0.9146892386704075, 0.2076092822450081, 0.9328137603005011], 0.4: [0.34382258252549075, 0.9115982690570165, 0.21186534338321433, 0.9328137603005011], 0.41: [0.3490963818715802, 0.9081585746667301, 0.21607850680183596, 0.9328137603005011], 0.42: [0.35466440460987286, 0.9046396246453311, 0.22056936585969142, 0.9328137603005011], 0.43: [0.3601195375517595, 0.901580357284385, 0.22499475864033197, 0.9328137603005011], 0.44: [0.36561346446733267, 0.898029705010541, 0.22953104426212903, 0.9328137603005011], 0.45: [0.3712940820441635, 0.894605861746477, 0.23426033538103935, 0.9328137603005011], 0.46: [0.37697261886003, 0.8911503162299681, 0.23904687393700252, 0.9328137603005011], 0.47: [0.38273423588159095, 0.887504557198789, 0.24397364614017047, 0.9328137603005011], 0.48: [0.3884073107049608, 0.8842550763231728, 0.24885908914495256, 0.9328137603005011], 0.49: [0.39440819601133126, 0.8805617639133261, 0.2541134709598328, 0.9328137603005011], 0.5: [0.40027645700804043, 0.8767099402412541, 0.2593415765214496, 0.9328137603005011], 0.51: [0.4058957334090331, 0.8725886474233995, 0.2644552267486549, 0.9328137603005011], 0.52: [0.4118095595830594, 0.8689111861397752, 0.26985103722592524, 0.9328137603005011], 0.53: [0.41783730181520234, 0.8649325534579232, 0.2754523059526694, 0.9328137603005011], 0.54: [0.42371631559850653, 0.8607478561351785, 0.28102843302661135, 0.9328137603005011], 0.55: [0.42971499469119456, 0.8564363498026535, 0.28681084180017197, 0.9328137603005011], 0.56: [0.435617726197037, 0.8519980344603484, 0.29261414673714814, 0.9328137603005011], 0.57: [0.44184269755724875, 0.8479559972736063, 0.29875794435322633, 0.9328137603005011], 0.58: [0.4479002701997458, 0.8434542774264111, 0.304907887574134, 0.9328137603005011], 0.59: [0.45443346053303685, 0.8390635154627736, 0.311596421003061, 0.9328137603005011], 0.6: [0.4605875019138651, 0.8344666888582434, 0.3180752592019721, 0.9328137603005011], 0.61: [0.46680814259346776, 0.8298540111274906, 0.3247402536984772, 0.9328137603005011], 0.62: [0.4730538649988864, 0.8248767574936199, 0.33161490129105436, 0.9328137603005011], 0.63: [0.4790463531994313, 0.8198202482286366, 0.3383886628021094, 0.9328137603005011], 0.64: [0.4851787147646253, 0.8143991630605355, 0.3455074880802674, 0.9328137603005011], 0.65: [0.4912686146779715, 0.8086927576204289, 0.3527922993942411, 0.9328137603005011], 0.66: [0.497509165779128, 0.8033826303358854, 0.3603227641120432, 0.9328137603005011], 0.67: [0.5036552963016708, 0.7977396294006689, 0.3679950277859023, 0.9328137603005011], 0.68: [0.5098479436677212, 0.7919222660770048, 0.37594154695883153, 0.9328137603005011], 0.69: [0.516237448623901, 0.786421925277791, 0.38423053987283445, 0.9328137603005011], 0.7: [0.5222774509439868, 0.780303390555899, 0.39249095055094, 0.9328137603005011], 0.71: [0.5281689378605678, 0.7734874062802162, 0.40099103466977837, 0.9328137603005011], 0.72: [0.5340354595835817, 0.7667823798880911, 0.40968181779686136, 0.9328137603005011], 0.73: [0.5400174613456502, 0.7598395866026281, 0.41884523975954147, 0.9328137603005011], 0.74: [0.5454869249505951, 0.7525639196664923, 0.42777852862999505, 0.9328137603005011], 0.75: [0.5518669035848537, 0.7458430421481447, 0.4379630663837075, 0.9328137603005011], 0.76: [0.5576576630496586, 0.7384564173284511, 0.44797776794815086, 0.9328137603005011], 0.77: [0.5631141530188218, 0.7303247895762994, 0.45820612015553985, 0.9328137603005011], 0.78: [0.5680774605709723, 0.7216700746588045, 0.4683902428987356, 0.9328137603005011], 0.79: [0.5735855307166474, 0.7135701491590978, 0.47951640391989775, 0.9328137603005011], 0.8: [0.578237585833974, 0.7034412795029087, 0.49086906987290807, 0.9328137603005011], 0.81: [0.5832777970303628, 0.693661134623615, 0.5032024377623182, 0.9328137603005011], 0.82: [0.5876790830945559, 0.6827238575300775, 0.5158636053321836, 0.9328137603005011], 0.83: [0.5913635188665405, 0.670867215115634, 0.5287070580886946, 0.9328137603005011], 0.84: [0.5950177630071052, 0.6584082299047347, 0.5427615675103555, 0.9328137603005011], 0.85: [0.5980213447799371, 0.6448396658582592, 0.5575412869183856, 0.9328137603005011], 0.86: [0.6002402592987148, 0.6296542869370869, 0.5734517106972715, 0.9328137603005011], 0.87: [0.6013827214259606, 0.6128837953936627, 0.5903053435114504, 0.9328137603005011], 0.88: [0.601477939229578, 0.5941319130724237, 0.6090078965326747, 0.9328137603005011]}
