2026-06-23 14:45:51,130 cc_v4_lr5e4_do01 INFO #########cc###########
2026-06-23 14:45:51,130 cc_v4_lr5e4_do01 INFO ########start training###########
2026-06-23 14:45:51,130 cc_v4_lr5e4_do01 INFO epoch: 0
2026-06-23 14:45:51,131 cc_v4_lr5e4_do01 INFO training
2026-06-23 14:46:02,030 cc_v4_lr5e4_do01 INFO Epoch: 0 / 20, Step: 29 / 89, Loss(batch): 0.15333496034145355
2026-06-23 14:46:12,011 cc_v4_lr5e4_do01 INFO Epoch: 0 / 20, Step: 59 / 89, Loss(batch): 0.1546425074338913
2026-06-23 14:46:21,446 cc_v4_lr5e4_do01 INFO epoch: 1
2026-06-23 14:46:21,447 cc_v4_lr5e4_do01 INFO training
2026-06-23 14:46:31,173 cc_v4_lr5e4_do01 INFO Epoch: 1 / 20, Step: 29 / 89, Loss(batch): 0.14216002821922302
2026-06-23 14:46:40,959 cc_v4_lr5e4_do01 INFO Epoch: 1 / 20, Step: 59 / 89, Loss(batch): 0.13921888172626495
2026-06-23 14:46:50,099 cc_v4_lr5e4_do01 INFO epoch: 2
2026-06-23 14:46:50,100 cc_v4_lr5e4_do01 INFO training
2026-06-23 14:46:59,698 cc_v4_lr5e4_do01 INFO Epoch: 2 / 20, Step: 29 / 89, Loss(batch): 0.12160354107618332
2026-06-23 14:47:09,995 cc_v4_lr5e4_do01 INFO Epoch: 2 / 20, Step: 59 / 89, Loss(batch): 0.1411508023738861
2026-06-23 14:47:19,551 cc_v4_lr5e4_do01 INFO epoch: 3
2026-06-23 14:47:19,552 cc_v4_lr5e4_do01 INFO training
2026-06-23 14:47:29,010 cc_v4_lr5e4_do01 INFO Epoch: 3 / 20, Step: 29 / 89, Loss(batch): 0.16005031764507294
2026-06-23 14:47:38,433 cc_v4_lr5e4_do01 INFO Epoch: 3 / 20, Step: 59 / 89, Loss(batch): 0.14865437150001526
2026-06-23 14:47:47,619 cc_v4_lr5e4_do01 INFO validating
2026-06-23 14:47:50,530 cc_v4_lr5e4_do01 INFO Valid Step: 9 / 26, Loss(batch): 0.14913827180862427
2026-06-23 14:47:53,354 cc_v4_lr5e4_do01 INFO Valid Step: 19 / 26, Loss(batch): 0.13806180655956268
2026-06-23 14:51:56,033 cc_v4_lr5e4_do01 INFO ########valid metric###########
2026-06-23 14:51:56,033 cc_v4_lr5e4_do01 INFO epoch3, train_loss0.14587149275152872, valid_loss:0.14422150414723617
2026-06-23 14:51:56,033 cc_v4_lr5e4_do01 INFO threshold:0.64, f_score0.502390321636476, auc0.8900496138603874, recall0.36730229682818966, precision0.7946502057613168, aupr0.5882508018294602
2026-06-23 14:51:56,033 cc_v4_lr5e4_do01 INFO epoch: 4
2026-06-23 14:51:56,034 cc_v4_lr5e4_do01 INFO training
2026-06-23 14:52:05,853 cc_v4_lr5e4_do01 INFO Epoch: 4 / 20, Step: 29 / 89, Loss(batch): 0.14907443523406982
2026-06-23 14:52:15,819 cc_v4_lr5e4_do01 INFO Epoch: 4 / 20, Step: 59 / 89, Loss(batch): 0.14754606783390045
2026-06-23 14:52:25,270 cc_v4_lr5e4_do01 INFO epoch: 5
2026-06-23 14:52:25,271 cc_v4_lr5e4_do01 INFO training
2026-06-23 14:52:35,216 cc_v4_lr5e4_do01 INFO Epoch: 5 / 20, Step: 29 / 89, Loss(batch): 0.13419577479362488
2026-06-23 14:52:44,899 cc_v4_lr5e4_do01 INFO Epoch: 5 / 20, Step: 59 / 89, Loss(batch): 0.16020621359348297
2026-06-23 14:52:53,993 cc_v4_lr5e4_do01 INFO epoch: 6
2026-06-23 14:52:53,994 cc_v4_lr5e4_do01 INFO training
2026-06-23 14:53:03,492 cc_v4_lr5e4_do01 INFO Epoch: 6 / 20, Step: 29 / 89, Loss(batch): 0.16164866089820862
2026-06-23 14:53:13,759 cc_v4_lr5e4_do01 INFO Epoch: 6 / 20, Step: 59 / 89, Loss(batch): 0.14206983149051666
2026-06-23 14:53:23,229 cc_v4_lr5e4_do01 INFO epoch: 7
2026-06-23 14:53:23,230 cc_v4_lr5e4_do01 INFO training
2026-06-23 14:53:33,332 cc_v4_lr5e4_do01 INFO Epoch: 7 / 20, Step: 29 / 89, Loss(batch): 0.15197791159152985
2026-06-23 14:53:43,559 cc_v4_lr5e4_do01 INFO Epoch: 7 / 20, Step: 59 / 89, Loss(batch): 0.13358674943447113
2026-06-23 14:53:53,340 cc_v4_lr5e4_do01 INFO validating
2026-06-23 14:53:55,737 cc_v4_lr5e4_do01 INFO Valid Step: 9 / 26, Loss(batch): 0.15055613219738007
2026-06-23 14:53:58,190 cc_v4_lr5e4_do01 INFO Valid Step: 19 / 26, Loss(batch): 0.15164223313331604
2026-06-23 14:58:05,934 cc_v4_lr5e4_do01 INFO ########valid metric###########
2026-06-23 14:58:05,935 cc_v4_lr5e4_do01 INFO epoch7, train_loss0.14503894620731975, valid_loss:0.1428614086829699
2026-06-23 14:58:05,935 cc_v4_lr5e4_do01 INFO threshold:0.46, f_score0.502390321636476, auc0.8910524581959789, recall0.36730229682818966, precision0.7946502057613168, aupr0.5883252725890614
2026-06-23 14:58:05,935 cc_v4_lr5e4_do01 INFO epoch: 8
2026-06-23 14:58:05,937 cc_v4_lr5e4_do01 INFO training
2026-06-23 14:58:15,966 cc_v4_lr5e4_do01 INFO Epoch: 8 / 20, Step: 29 / 89, Loss(batch): 0.14636148512363434
2026-06-23 14:58:26,134 cc_v4_lr5e4_do01 INFO Epoch: 8 / 20, Step: 59 / 89, Loss(batch): 0.14927543699741364
2026-06-23 14:58:36,956 cc_v4_lr5e4_do01 INFO epoch: 9
2026-06-23 14:58:36,958 cc_v4_lr5e4_do01 INFO training
2026-06-23 14:58:47,966 cc_v4_lr5e4_do01 INFO Epoch: 9 / 20, Step: 29 / 89, Loss(batch): 0.15656934678554535
2026-06-23 14:58:59,003 cc_v4_lr5e4_do01 INFO Epoch: 9 / 20, Step: 59 / 89, Loss(batch): 0.15269261598587036
2026-06-23 14:59:09,435 cc_v4_lr5e4_do01 INFO epoch: 10
2026-06-23 14:59:09,436 cc_v4_lr5e4_do01 INFO training
2026-06-23 14:59:20,388 cc_v4_lr5e4_do01 INFO Epoch: 10 / 20, Step: 29 / 89, Loss(batch): 0.1451357901096344
2026-06-23 14:59:31,309 cc_v4_lr5e4_do01 INFO Epoch: 10 / 20, Step: 59 / 89, Loss(batch): 0.14667434990406036
2026-06-23 14:59:41,745 cc_v4_lr5e4_do01 INFO epoch: 11
2026-06-23 14:59:41,746 cc_v4_lr5e4_do01 INFO training
2026-06-23 14:59:52,567 cc_v4_lr5e4_do01 INFO Epoch: 11 / 20, Step: 29 / 89, Loss(batch): 0.14977674186229706
2026-06-23 15:00:03,415 cc_v4_lr5e4_do01 INFO Epoch: 11 / 20, Step: 59 / 89, Loss(batch): 0.14150021970272064
2026-06-23 15:00:13,317 cc_v4_lr5e4_do01 INFO validating
2026-06-23 15:00:15,536 cc_v4_lr5e4_do01 INFO Valid Step: 9 / 26, Loss(batch): 0.13636648654937744
2026-06-23 15:00:17,671 cc_v4_lr5e4_do01 INFO Valid Step: 19 / 26, Loss(batch): 0.15100526809692383
2026-06-23 15:04:21,795 cc_v4_lr5e4_do01 INFO ########valid metric###########
2026-06-23 15:04:21,796 cc_v4_lr5e4_do01 INFO epoch11, train_loss0.1447523059637359, valid_loss:0.14329936756537512
2026-06-23 15:04:21,796 cc_v4_lr5e4_do01 INFO threshold:0.62, f_score0.502390321636476, auc0.8916734210008818, recall0.36730229682818966, precision0.7946502057613168, aupr0.5893615625585015
2026-06-23 15:04:21,797 cc_v4_lr5e4_do01 INFO epoch: 12
2026-06-23 15:04:21,798 cc_v4_lr5e4_do01 INFO training
2026-06-23 15:04:31,679 cc_v4_lr5e4_do01 INFO Epoch: 12 / 20, Step: 29 / 89, Loss(batch): 0.1351071000099182
2026-06-23 15:04:41,188 cc_v4_lr5e4_do01 INFO Epoch: 12 / 20, Step: 59 / 89, Loss(batch): 0.15413644909858704
2026-06-23 15:04:50,493 cc_v4_lr5e4_do01 INFO epoch: 13
2026-06-23 15:04:50,495 cc_v4_lr5e4_do01 INFO training
2026-06-23 15:04:59,917 cc_v4_lr5e4_do01 INFO Epoch: 13 / 20, Step: 29 / 89, Loss(batch): 0.1350260078907013
2026-06-23 15:05:09,680 cc_v4_lr5e4_do01 INFO Epoch: 13 / 20, Step: 59 / 89, Loss(batch): 0.14792706072330475
2026-06-23 15:05:19,168 cc_v4_lr5e4_do01 INFO epoch: 14
2026-06-23 15:05:19,169 cc_v4_lr5e4_do01 INFO training
2026-06-23 15:05:28,746 cc_v4_lr5e4_do01 INFO Epoch: 14 / 20, Step: 29 / 89, Loss(batch): 0.1388867050409317
2026-06-23 15:05:38,578 cc_v4_lr5e4_do01 INFO Epoch: 14 / 20, Step: 59 / 89, Loss(batch): 0.15083682537078857
2026-06-23 15:05:48,345 cc_v4_lr5e4_do01 INFO epoch: 15
2026-06-23 15:05:48,346 cc_v4_lr5e4_do01 INFO training
2026-06-23 15:05:58,650 cc_v4_lr5e4_do01 INFO Epoch: 15 / 20, Step: 29 / 89, Loss(batch): 0.15135139226913452
2026-06-23 15:06:08,263 cc_v4_lr5e4_do01 INFO Epoch: 15 / 20, Step: 59 / 89, Loss(batch): 0.12795321643352509
2026-06-23 15:06:17,920 cc_v4_lr5e4_do01 INFO validating
2026-06-23 15:06:20,310 cc_v4_lr5e4_do01 INFO Valid Step: 9 / 26, Loss(batch): 0.1432151198387146
2026-06-23 15:06:22,677 cc_v4_lr5e4_do01 INFO Valid Step: 19 / 26, Loss(batch): 0.14553222060203552
2026-06-23 15:10:33,484 cc_v4_lr5e4_do01 INFO ########valid metric###########
2026-06-23 15:10:33,485 cc_v4_lr5e4_do01 INFO epoch15, train_loss0.1444157919522082, valid_loss:0.14326667327147263
2026-06-23 15:10:33,485 cc_v4_lr5e4_do01 INFO threshold:0.59, f_score0.502390321636476, auc0.8920423007545444, recall0.36730229682818966, precision0.7946502057613168, aupr0.5897197164468261
2026-06-23 15:10:33,485 cc_v4_lr5e4_do01 INFO epoch: 16
2026-06-23 15:10:33,487 cc_v4_lr5e4_do01 INFO training
2026-06-23 15:10:43,685 cc_v4_lr5e4_do01 INFO Epoch: 16 / 20, Step: 29 / 89, Loss(batch): 0.14740407466888428
2026-06-23 15:10:53,867 cc_v4_lr5e4_do01 INFO Epoch: 16 / 20, Step: 59 / 89, Loss(batch): 0.14505209028720856
2026-06-23 15:11:03,478 cc_v4_lr5e4_do01 INFO epoch: 17
2026-06-23 15:11:03,480 cc_v4_lr5e4_do01 INFO training
2026-06-23 15:11:13,481 cc_v4_lr5e4_do01 INFO Epoch: 17 / 20, Step: 29 / 89, Loss(batch): 0.14655353128910065
2026-06-23 15:11:23,335 cc_v4_lr5e4_do01 INFO Epoch: 17 / 20, Step: 59 / 89, Loss(batch): 0.1362280398607254
2026-06-23 15:11:32,905 cc_v4_lr5e4_do01 INFO epoch: 18
2026-06-23 15:11:32,907 cc_v4_lr5e4_do01 INFO training
2026-06-23 15:11:43,154 cc_v4_lr5e4_do01 INFO Epoch: 18 / 20, Step: 29 / 89, Loss(batch): 0.14394578337669373
2026-06-23 15:11:53,179 cc_v4_lr5e4_do01 INFO Epoch: 18 / 20, Step: 59 / 89, Loss(batch): 0.12665879726409912
2026-06-23 15:12:03,142 cc_v4_lr5e4_do01 INFO epoch: 19
2026-06-23 15:12:03,144 cc_v4_lr5e4_do01 INFO training
2026-06-23 15:12:12,698 cc_v4_lr5e4_do01 INFO Epoch: 19 / 20, Step: 29 / 89, Loss(batch): 0.14081229269504547
2026-06-23 15:12:22,236 cc_v4_lr5e4_do01 INFO Epoch: 19 / 20, Step: 59 / 89, Loss(batch): 0.14638695120811462
2026-06-23 15:12:31,607 cc_v4_lr5e4_do01 INFO validating
2026-06-23 15:12:33,941 cc_v4_lr5e4_do01 INFO Valid Step: 9 / 26, Loss(batch): 0.13549672067165375
2026-06-23 15:12:36,200 cc_v4_lr5e4_do01 INFO Valid Step: 19 / 26, Loss(batch): 0.13034053146839142
2026-06-23 15:16:46,703 cc_v4_lr5e4_do01 INFO ########valid metric###########
2026-06-23 15:16:46,703 cc_v4_lr5e4_do01 INFO epoch19, train_loss0.14421070291754906, valid_loss:0.14283355554709068
2026-06-23 15:16:46,704 cc_v4_lr5e4_do01 INFO threshold:0.61, f_score0.502390321636476, auc0.8920933761398164, recall0.36730229682818966, precision0.7946502057613168, aupr0.589930687125613
2026-06-23 15:16:46,704 cc_v4_lr5e4_do01 INFO best_fscore: 0.502390321636476
2026-06-23 15:16:46,704 cc_v4_lr5e4_do01 INFO best_scores[thresh,fmax,recall,precision,auc]: [0.61, 0.502390321636476, 0.36730229682818966, 0.7946502057613168, 0.8920933761398164]
2026-06-23 15:16:46,704 cc_v4_lr5e4_do01 INFO best_aupr: 0.589930687125613
2026-06-23 15:16:46,705 cc_v4_lr5e4_do01 INFO best_score_dict: {0.01: [0.502390321636476, 0.36730229682818966, 0.7946502057613168, 0.8920933761398164], 0.02: [0.502390321636476, 0.36730229682818966, 0.7946502057613168, 0.8920933761398164], 0.03: [0.502390321636476, 0.36730229682818966, 0.7946502057613168, 0.8920933761398164], 0.04: [0.502390321636476, 0.36730229682818966, 0.7946502057613168, 0.8920933761398164], 0.05: [0.502390321636476, 0.36730229682818966, 0.7946502057613168, 0.8920933761398164], 0.06: [0.502390321636476, 0.36730229682818966, 0.7946502057613168, 0.8920933761398164], 0.07: [0.502390321636476, 0.36730229682818966, 0.7946502057613168, 0.8920933761398164], 0.08: [0.502390321636476, 0.36730229682818966, 0.7946502057613168, 0.8920933761398164], 0.09: [0.502390321636476, 0.36730229682818966, 0.7946502057613168, 0.8920933761398164], 0.1: [0.502390321636476, 0.36730229682818966, 0.7946502057613168, 0.8920933761398164], 0.11: [0.502390321636476, 0.36730229682818966, 0.7946502057613168, 0.8920933761398164], 0.12: [0.502390321636476, 0.36730229682818966, 0.7946502057613168, 0.8920933761398164], 0.13: [0.502390321636476, 0.36730229682818966, 0.7946502057613168, 0.8920933761398164], 0.14: [0.502390321636476, 0.36730229682818966, 0.7946502057613168, 0.8920933761398164], 0.15: [0.502390321636476, 0.36730229682818966, 0.7946502057613168, 0.8920933761398164], 0.16: [0.502390321636476, 0.36730229682818966, 0.7946502057613168, 0.8920933761398164], 0.17: [0.502390321636476, 0.36730229682818966, 0.7946502057613168, 0.8920933761398164], 0.18: [0.502390321636476, 0.36730229682818966, 0.7946502057613168, 0.8920933761398164], 0.19: [0.502390321636476, 0.36730229682818966, 0.7946502057613168, 0.8920933761398164], 0.2: [0.502390321636476, 0.36730229682818966, 0.7946502057613168, 0.8920933761398164], 0.21: [0.502390321636476, 0.36730229682818966, 0.7946502057613168, 0.8920933761398164], 0.22: [0.502390321636476, 0.36730229682818966, 0.7946502057613168, 0.8920933761398164], 0.23: [0.502390321636476, 0.36730229682818966, 0.7946502057613168, 0.8920933761398164], 0.24: [0.502390321636476, 0.36730229682818966, 0.7946502057613168, 0.8920933761398164], 0.25: [0.502390321636476, 0.36730229682818966, 0.7946502057613168, 0.8920933761398164], 0.26: [0.502390321636476, 0.36730229682818966, 0.7946502057613168, 0.8920933761398164], 0.27: [0.502390321636476, 0.36730229682818966, 0.7946502057613168, 0.8920933761398164], 0.28: [0.502390321636476, 0.36730229682818966, 0.7946502057613168, 0.8920933761398164], 0.29: [0.502390321636476, 0.36730229682818966, 0.7946502057613168, 0.8920933761398164], 0.3: [0.502390321636476, 0.36730229682818966, 0.7946502057613168, 0.8920933761398164], 0.31: [0.502390321636476, 0.36730229682818966, 0.7946502057613168, 0.8920933761398164], 0.32: [0.502390321636476, 0.36730229682818966, 0.7946502057613168, 0.8920933761398164], 0.33: [0.502390321636476, 0.36730229682818966, 0.7946502057613168, 0.8920933761398164], 0.34: [0.502390321636476, 0.36730229682818966, 0.7946502057613168, 0.8920933761398164], 0.35: [0.502390321636476, 0.36730229682818966, 0.7946502057613168, 0.8920933761398164], 0.36: [0.502390321636476, 0.36730229682818966, 0.7946502057613168, 0.8920933761398164], 0.37: [0.502390321636476, 0.36730229682818966, 0.7946502057613168, 0.8920933761398164], 0.38: [0.502390321636476, 0.36730229682818966, 0.7946502057613168, 0.8920933761398164], 0.39: [0.502390321636476, 0.36730229682818966, 0.7946502057613168, 0.8920933761398164], 0.4: [0.502390321636476, 0.36730229682818966, 0.7946502057613168, 0.8920933761398164], 0.41: [0.502390321636476, 0.36730229682818966, 0.7946502057613168, 0.8920933761398164], 0.42: [0.502390321636476, 0.36730229682818966, 0.7946502057613168, 0.8920933761398164], 0.43: [0.502390321636476, 0.36730229682818966, 0.7946502057613168, 0.8920933761398164], 0.44: [0.502390321636476, 0.36730229682818966, 0.7946502057613168, 0.8920933761398164], 0.45: [0.502390321636476, 0.36730229682818966, 0.7946502057613168, 0.8920933761398164], 0.46: [0.502390321636476, 0.36730229682818966, 0.7946502057613168, 0.8920933761398164], 0.47: [0.502390321636476, 0.36730229682818966, 0.7946502057613168, 0.8920933761398164], 0.48: [0.502390321636476, 0.36730229682818966, 0.7946502057613168, 0.8920933761398164], 0.49: [0.502390321636476, 0.36730229682818966, 0.7946502057613168, 0.8920933761398164], 0.5: [0.502390321636476, 0.36730229682818966, 0.7946502057613168, 0.8920933761398164], 0.51: [0.502390321636476, 0.36730229682818966, 0.7946502057613168, 0.8920933761398164], 0.52: [0.502390321636476, 0.36730229682818966, 0.7946502057613168, 0.8920933761398164], 0.53: [0.502390321636476, 0.36730229682818966, 0.7946502057613168, 0.8920933761398164], 0.54: [0.502390321636476, 0.36730229682818966, 0.7946502057613168, 0.8920933761398164], 0.55: [0.502390321636476, 0.36730229682818966, 0.7946502057613168, 0.8920933761398164], 0.56: [0.502390321636476, 0.36730229682818966, 0.7946502057613168, 0.8920933761398164], 0.57: [0.502390321636476, 0.36730229682818966, 0.7946502057613168, 0.8920933761398164], 0.58: [0.502390321636476, 0.36730229682818966, 0.7946502057613168, 0.8920933761398164], 0.59: [0.502390321636476, 0.36730229682818966, 0.7946502057613168, 0.8920933761398164], 0.6: [0.502390321636476, 0.36730229682818966, 0.7946502057613168, 0.8920933761398164], 0.61: [0.502390321636476, 0.36730229682818966, 0.7946502057613168, 0.8920933761398164]}
