2026-05-20 03:18:50,218 mf INFO #########mf###########
2026-05-20 03:18:50,218 mf INFO ########start training###########
2026-05-20 03:18:50,218 mf INFO epoch: 0
2026-05-20 03:18:50,219 mf INFO training
2026-05-20 03:22:17,341 mf INFO #########mf###########
2026-05-20 03:22:17,341 mf INFO ########start training###########
2026-05-20 03:22:17,341 mf INFO epoch: 0
2026-05-20 03:22:17,342 mf INFO training
2026-05-20 03:26:06,433 mf INFO #########mf###########
2026-05-20 03:26:06,434 mf INFO ########start training###########
2026-05-20 03:26:06,434 mf INFO epoch: 0
2026-05-20 03:26:06,434 mf INFO training
2026-05-20 03:26:12,724 mf INFO Epoch: 0 / 20, Step: 29 / 347, Loss(batch): 67.84526062011719
2026-05-20 03:26:17,820 mf INFO Epoch: 0 / 20, Step: 59 / 347, Loss(batch): 76.29832458496094
2026-05-20 03:26:22,716 mf INFO Epoch: 0 / 20, Step: 89 / 347, Loss(batch): 58.432674407958984
2026-05-20 03:26:27,539 mf INFO Epoch: 0 / 20, Step: 119 / 347, Loss(batch): 54.352256774902344
2026-05-20 03:26:32,243 mf INFO Epoch: 0 / 20, Step: 149 / 347, Loss(batch): 52.985626220703125
2026-05-20 03:26:36,901 mf INFO Epoch: 0 / 20, Step: 179 / 347, Loss(batch): 60.031639099121094
2026-05-20 03:26:41,529 mf INFO Epoch: 0 / 20, Step: 209 / 347, Loss(batch): 64.48129272460938
2026-05-20 03:26:46,105 mf INFO Epoch: 0 / 20, Step: 239 / 347, Loss(batch): 75.9427490234375
2026-05-20 03:26:50,640 mf INFO Epoch: 0 / 20, Step: 269 / 347, Loss(batch): 56.65827941894531
2026-05-20 03:26:55,270 mf INFO Epoch: 0 / 20, Step: 299 / 347, Loss(batch): 51.968658447265625
2026-05-20 03:26:59,884 mf INFO Epoch: 0 / 20, Step: 329 / 347, Loss(batch): 47.92388916015625
2026-05-20 03:27:02,421 mf INFO epoch: 1
2026-05-20 03:27:02,422 mf INFO training
2026-05-20 03:27:06,690 mf INFO Epoch: 1 / 20, Step: 29 / 347, Loss(batch): 55.27907180786133
2026-05-20 03:27:10,940 mf INFO Epoch: 1 / 20, Step: 59 / 347, Loss(batch): 48.32419204711914
2026-05-20 03:27:15,110 mf INFO Epoch: 1 / 20, Step: 89 / 347, Loss(batch): 60.059181213378906
2026-05-20 03:27:19,564 mf INFO Epoch: 1 / 20, Step: 119 / 347, Loss(batch): 50.920772552490234
2026-05-20 03:27:24,020 mf INFO Epoch: 1 / 20, Step: 149 / 347, Loss(batch): 50.247535705566406
2026-05-20 03:27:28,635 mf INFO Epoch: 1 / 20, Step: 179 / 347, Loss(batch): 72.26962280273438
2026-05-20 03:27:33,653 mf INFO Epoch: 1 / 20, Step: 209 / 347, Loss(batch): 46.334754943847656
2026-05-20 03:27:38,690 mf INFO Epoch: 1 / 20, Step: 239 / 347, Loss(batch): 49.65362548828125
2026-05-20 03:27:43,522 mf INFO Epoch: 1 / 20, Step: 269 / 347, Loss(batch): 67.88337707519531
2026-05-20 03:27:48,377 mf INFO Epoch: 1 / 20, Step: 299 / 347, Loss(batch): 60.32594299316406
2026-05-20 03:27:53,230 mf INFO Epoch: 1 / 20, Step: 329 / 347, Loss(batch): 60.19643783569336
2026-05-20 03:27:55,916 mf INFO epoch: 2
2026-05-20 03:27:55,916 mf INFO training
2026-05-20 03:28:00,778 mf INFO Epoch: 2 / 20, Step: 29 / 347, Loss(batch): 76.20619201660156
2026-05-20 03:28:05,633 mf INFO Epoch: 2 / 20, Step: 59 / 347, Loss(batch): 49.883914947509766
2026-05-20 03:28:10,482 mf INFO Epoch: 2 / 20, Step: 89 / 347, Loss(batch): 41.74000549316406
2026-05-20 03:28:15,339 mf INFO Epoch: 2 / 20, Step: 119 / 347, Loss(batch): 61.388458251953125
2026-05-20 03:28:19,642 mf INFO Epoch: 2 / 20, Step: 149 / 347, Loss(batch): 54.639617919921875
2026-05-20 03:28:23,867 mf INFO Epoch: 2 / 20, Step: 179 / 347, Loss(batch): 44.2719612121582
2026-05-20 03:28:28,101 mf INFO Epoch: 2 / 20, Step: 209 / 347, Loss(batch): 50.145843505859375
2026-05-20 03:28:32,387 mf INFO Epoch: 2 / 20, Step: 239 / 347, Loss(batch): 41.57762145996094
2026-05-20 03:28:36,695 mf INFO Epoch: 2 / 20, Step: 269 / 347, Loss(batch): 46.933345794677734
2026-05-20 03:28:40,979 mf INFO Epoch: 2 / 20, Step: 299 / 347, Loss(batch): 54.834075927734375
2026-05-20 03:28:45,144 mf INFO Epoch: 2 / 20, Step: 329 / 347, Loss(batch): 59.704864501953125
2026-05-20 03:28:47,511 mf INFO epoch: 3
2026-05-20 03:28:47,512 mf INFO training
2026-05-20 03:28:51,756 mf INFO Epoch: 3 / 20, Step: 29 / 347, Loss(batch): 48.484718322753906
2026-05-20 03:28:55,992 mf INFO Epoch: 3 / 20, Step: 59 / 347, Loss(batch): 46.11200714111328
2026-05-20 03:29:00,497 mf INFO Epoch: 3 / 20, Step: 89 / 347, Loss(batch): 54.2047004699707
2026-05-20 03:29:05,299 mf INFO Epoch: 3 / 20, Step: 119 / 347, Loss(batch): 50.3814697265625
2026-05-20 03:29:10,055 mf INFO Epoch: 3 / 20, Step: 149 / 347, Loss(batch): 46.96869659423828
2026-05-20 03:29:14,261 mf INFO Epoch: 3 / 20, Step: 179 / 347, Loss(batch): 49.97084045410156
2026-05-20 03:29:18,486 mf INFO Epoch: 3 / 20, Step: 209 / 347, Loss(batch): 66.72679138183594
2026-05-20 03:29:22,731 mf INFO Epoch: 3 / 20, Step: 239 / 347, Loss(batch): 44.90383529663086
2026-05-20 03:29:26,948 mf INFO Epoch: 3 / 20, Step: 269 / 347, Loss(batch): 74.15950775146484
2026-05-20 03:29:31,146 mf INFO Epoch: 3 / 20, Step: 299 / 347, Loss(batch): 43.45244216918945
2026-05-20 03:29:35,328 mf INFO Epoch: 3 / 20, Step: 329 / 347, Loss(batch): 48.15081024169922
2026-05-20 03:29:37,689 mf INFO validating
2026-05-20 03:29:38,619 mf INFO Valid Step: 9 / 99, Loss(batch): 41.98841857910156
2026-05-20 03:29:39,547 mf INFO Valid Step: 19 / 99, Loss(batch): 60.56604766845703
2026-05-20 03:29:40,486 mf INFO Valid Step: 29 / 99, Loss(batch): 76.43913269042969
2026-05-20 03:29:41,407 mf INFO Valid Step: 39 / 99, Loss(batch): 71.85231018066406
2026-05-20 03:29:42,337 mf INFO Valid Step: 49 / 99, Loss(batch): 66.73538208007812
2026-05-20 03:29:43,260 mf INFO Valid Step: 59 / 99, Loss(batch): 77.57977294921875
2026-05-20 03:29:44,177 mf INFO Valid Step: 69 / 99, Loss(batch): 56.837310791015625
2026-05-20 03:29:45,110 mf INFO Valid Step: 79 / 99, Loss(batch): 61.100154876708984
2026-05-20 03:29:46,024 mf INFO Valid Step: 89 / 99, Loss(batch): 63.298641204833984
2026-05-20 03:33:09,597 mf INFO #########mf###########
2026-05-20 03:33:09,597 mf INFO ########start training###########
2026-05-20 03:33:09,597 mf INFO epoch: 0
2026-05-20 03:33:09,597 mf INFO training
2026-05-20 03:33:16,128 mf INFO Epoch: 0 / 20, Step: 29 / 347, Loss(batch): 60.32676696777344
2026-05-20 03:33:21,538 mf INFO Epoch: 0 / 20, Step: 59 / 347, Loss(batch): 56.849910736083984
2026-05-20 03:33:26,196 mf INFO Epoch: 0 / 20, Step: 89 / 347, Loss(batch): 64.00599670410156
2026-05-20 03:33:30,785 mf INFO Epoch: 0 / 20, Step: 119 / 347, Loss(batch): 64.66575622558594
2026-05-20 03:33:35,392 mf INFO Epoch: 0 / 20, Step: 149 / 347, Loss(batch): 48.899173736572266
2026-05-20 03:33:40,002 mf INFO Epoch: 0 / 20, Step: 179 / 347, Loss(batch): 65.8410873413086
2026-05-20 03:33:44,478 mf INFO Epoch: 0 / 20, Step: 209 / 347, Loss(batch): 54.89178466796875
2026-05-20 03:33:49,235 mf INFO Epoch: 0 / 20, Step: 239 / 347, Loss(batch): 77.25231170654297
2026-05-20 03:33:53,841 mf INFO Epoch: 0 / 20, Step: 269 / 347, Loss(batch): 56.52693176269531
2026-05-20 03:33:58,240 mf INFO Epoch: 0 / 20, Step: 299 / 347, Loss(batch): 64.80462646484375
2026-05-20 03:34:02,752 mf INFO Epoch: 0 / 20, Step: 329 / 347, Loss(batch): 67.45454406738281
2026-05-20 03:34:05,346 mf INFO epoch: 1
2026-05-20 03:34:05,347 mf INFO training
2026-05-20 03:34:09,782 mf INFO Epoch: 1 / 20, Step: 29 / 347, Loss(batch): 54.53955841064453
2026-05-20 03:34:14,226 mf INFO Epoch: 1 / 20, Step: 59 / 347, Loss(batch): 48.950862884521484
2026-05-20 03:34:18,633 mf INFO Epoch: 1 / 20, Step: 89 / 347, Loss(batch): 69.90776824951172
2026-05-20 03:34:23,135 mf INFO Epoch: 1 / 20, Step: 119 / 347, Loss(batch): 48.97100830078125
2026-05-20 03:34:27,976 mf INFO Epoch: 1 / 20, Step: 149 / 347, Loss(batch): 52.951210021972656
2026-05-20 03:34:32,743 mf INFO Epoch: 1 / 20, Step: 179 / 347, Loss(batch): 72.05386352539062
2026-05-20 03:34:37,004 mf INFO Epoch: 1 / 20, Step: 209 / 347, Loss(batch): 53.242919921875
2026-05-20 03:34:41,310 mf INFO Epoch: 1 / 20, Step: 239 / 347, Loss(batch): 40.459354400634766
2026-05-20 03:34:45,667 mf INFO Epoch: 1 / 20, Step: 269 / 347, Loss(batch): 67.65055084228516
2026-05-20 03:34:50,004 mf INFO Epoch: 1 / 20, Step: 299 / 347, Loss(batch): 54.70716857910156
2026-05-20 03:34:54,287 mf INFO Epoch: 1 / 20, Step: 329 / 347, Loss(batch): 54.19478988647461
2026-05-20 03:34:56,747 mf INFO epoch: 2
2026-05-20 03:34:56,748 mf INFO training
2026-05-20 03:35:01,234 mf INFO Epoch: 2 / 20, Step: 29 / 347, Loss(batch): 57.78921127319336
2026-05-20 03:35:05,440 mf INFO Epoch: 2 / 20, Step: 59 / 347, Loss(batch): 50.716617584228516
2026-05-20 03:35:09,458 mf INFO Epoch: 2 / 20, Step: 89 / 347, Loss(batch): 43.62051773071289
2026-05-20 03:35:13,702 mf INFO Epoch: 2 / 20, Step: 119 / 347, Loss(batch): 51.44691467285156
2026-05-20 03:35:18,340 mf INFO Epoch: 2 / 20, Step: 149 / 347, Loss(batch): 42.8831787109375
2026-05-20 03:35:22,670 mf INFO Epoch: 2 / 20, Step: 179 / 347, Loss(batch): 52.03257369995117
2026-05-20 03:35:27,241 mf INFO Epoch: 2 / 20, Step: 209 / 347, Loss(batch): 61.4076042175293
2026-05-20 03:35:31,537 mf INFO Epoch: 2 / 20, Step: 239 / 347, Loss(batch): 59.81916809082031
2026-05-20 03:35:36,044 mf INFO Epoch: 2 / 20, Step: 269 / 347, Loss(batch): 47.82963562011719
2026-05-20 03:35:41,021 mf INFO Epoch: 2 / 20, Step: 299 / 347, Loss(batch): 65.3343505859375
2026-05-20 03:35:45,341 mf INFO Epoch: 2 / 20, Step: 329 / 347, Loss(batch): 46.49299240112305
2026-05-20 03:35:47,736 mf INFO epoch: 3
2026-05-20 03:35:47,737 mf INFO training
2026-05-20 03:35:51,964 mf INFO Epoch: 3 / 20, Step: 29 / 347, Loss(batch): 44.291908264160156
2026-05-20 03:35:56,375 mf INFO Epoch: 3 / 20, Step: 59 / 347, Loss(batch): 56.14916229248047
2026-05-20 03:36:00,530 mf INFO Epoch: 3 / 20, Step: 89 / 347, Loss(batch): 44.88142395019531
2026-05-20 03:36:04,906 mf INFO Epoch: 3 / 20, Step: 119 / 347, Loss(batch): 51.92090606689453
2026-05-20 03:36:09,169 mf INFO Epoch: 3 / 20, Step: 149 / 347, Loss(batch): 49.90320587158203
2026-05-20 03:36:13,387 mf INFO Epoch: 3 / 20, Step: 179 / 347, Loss(batch): 57.957908630371094
2026-05-20 03:36:17,902 mf INFO Epoch: 3 / 20, Step: 209 / 347, Loss(batch): 54.6646842956543
2026-05-20 03:36:22,310 mf INFO Epoch: 3 / 20, Step: 239 / 347, Loss(batch): 46.40135955810547
2026-05-20 03:36:26,671 mf INFO Epoch: 3 / 20, Step: 269 / 347, Loss(batch): 64.90531158447266
2026-05-20 03:36:30,939 mf INFO Epoch: 3 / 20, Step: 299 / 347, Loss(batch): 53.997894287109375
2026-05-20 03:36:35,193 mf INFO Epoch: 3 / 20, Step: 329 / 347, Loss(batch): 46.79094314575195
2026-05-20 03:36:37,537 mf INFO validating
2026-05-20 03:36:38,487 mf INFO Valid Step: 9 / 99, Loss(batch): 55.77870178222656
2026-05-20 03:36:39,424 mf INFO Valid Step: 19 / 99, Loss(batch): 73.18035888671875
2026-05-20 03:36:40,357 mf INFO Valid Step: 29 / 99, Loss(batch): 65.44805908203125
2026-05-20 03:36:41,301 mf INFO Valid Step: 39 / 99, Loss(batch): 63.61487579345703
2026-05-20 03:36:42,275 mf INFO Valid Step: 49 / 99, Loss(batch): 71.0474853515625
2026-05-20 03:36:43,216 mf INFO Valid Step: 59 / 99, Loss(batch): 57.89019775390625
2026-05-20 03:36:44,150 mf INFO Valid Step: 69 / 99, Loss(batch): 80.79008483886719
2026-05-20 03:36:45,097 mf INFO Valid Step: 79 / 99, Loss(batch): 69.25111389160156
2026-05-20 03:36:46,041 mf INFO Valid Step: 89 / 99, Loss(batch): 74.18802642822266
2026-05-20 03:41:01,832 mf INFO ########valid metric###########
2026-05-20 03:41:01,833 mf INFO epoch3, train_loss50.09379168683582, valid_loss:65.31585531523733
2026-05-20 03:41:01,833 mf INFO threshold:0.89, f_score0.5521114230908232, auc0.925299075412174, recall0.5048425226874095, precision0.6091463975707757, aupr0.5563628588048664
2026-05-20 03:41:01,833 mf INFO epoch: 4
2026-05-20 03:41:01,834 mf INFO training
2026-05-20 03:41:06,233 mf INFO Epoch: 4 / 20, Step: 29 / 347, Loss(batch): 44.858436584472656
2026-05-20 03:41:10,720 mf INFO Epoch: 4 / 20, Step: 59 / 347, Loss(batch): 62.84357452392578
2026-05-20 03:41:15,396 mf INFO Epoch: 4 / 20, Step: 89 / 347, Loss(batch): 43.93758010864258
2026-05-20 03:41:19,847 mf INFO Epoch: 4 / 20, Step: 119 / 347, Loss(batch): 47.31846618652344
2026-05-20 03:41:24,157 mf INFO Epoch: 4 / 20, Step: 149 / 347, Loss(batch): 50.22359085083008
2026-05-20 03:41:28,444 mf INFO Epoch: 4 / 20, Step: 179 / 347, Loss(batch): 49.627586364746094
2026-05-20 03:41:32,852 mf INFO Epoch: 4 / 20, Step: 209 / 347, Loss(batch): 68.10094451904297
2026-05-20 03:41:37,111 mf INFO Epoch: 4 / 20, Step: 239 / 347, Loss(batch): 54.30917739868164
2026-05-20 03:41:41,978 mf INFO Epoch: 4 / 20, Step: 269 / 347, Loss(batch): 51.18360137939453
2026-05-20 03:41:46,632 mf INFO Epoch: 4 / 20, Step: 299 / 347, Loss(batch): 48.86566925048828
2026-05-20 03:41:51,159 mf INFO Epoch: 4 / 20, Step: 329 / 347, Loss(batch): 39.55682373046875
2026-05-20 03:41:53,748 mf INFO epoch: 5
2026-05-20 03:41:53,750 mf INFO training
2026-05-20 03:41:58,420 mf INFO Epoch: 5 / 20, Step: 29 / 347, Loss(batch): 43.444068908691406
2026-05-20 03:42:02,510 mf INFO Epoch: 5 / 20, Step: 59 / 347, Loss(batch): 58.350341796875
2026-05-20 03:42:06,655 mf INFO Epoch: 5 / 20, Step: 89 / 347, Loss(batch): 41.15441131591797
2026-05-20 03:42:10,910 mf INFO Epoch: 5 / 20, Step: 119 / 347, Loss(batch): 52.76694107055664
2026-05-20 03:42:15,873 mf INFO Epoch: 5 / 20, Step: 149 / 347, Loss(batch): 34.60057067871094
2026-05-20 03:42:20,431 mf INFO Epoch: 5 / 20, Step: 179 / 347, Loss(batch): 53.10221862792969
2026-05-20 03:42:24,707 mf INFO Epoch: 5 / 20, Step: 209 / 347, Loss(batch): 50.10913848876953
2026-05-20 03:42:29,144 mf INFO Epoch: 5 / 20, Step: 239 / 347, Loss(batch): 42.55123519897461
2026-05-20 03:42:33,387 mf INFO Epoch: 5 / 20, Step: 269 / 347, Loss(batch): 42.53394317626953
2026-05-20 03:42:37,745 mf INFO Epoch: 5 / 20, Step: 299 / 347, Loss(batch): 37.42919921875
2026-05-20 03:42:42,181 mf INFO Epoch: 5 / 20, Step: 329 / 347, Loss(batch): 34.72747802734375
2026-05-20 03:42:44,702 mf INFO epoch: 6
2026-05-20 03:42:44,703 mf INFO training
2026-05-20 03:42:49,202 mf INFO Epoch: 6 / 20, Step: 29 / 347, Loss(batch): 33.755043029785156
2026-05-20 03:42:53,576 mf INFO Epoch: 6 / 20, Step: 59 / 347, Loss(batch): 44.852787017822266
2026-05-20 03:42:57,651 mf INFO Epoch: 6 / 20, Step: 89 / 347, Loss(batch): 48.44424057006836
2026-05-20 03:43:01,723 mf INFO Epoch: 6 / 20, Step: 119 / 347, Loss(batch): 46.578147888183594
2026-05-20 03:43:06,372 mf INFO Epoch: 6 / 20, Step: 149 / 347, Loss(batch): 35.81627655029297
2026-05-20 03:43:10,586 mf INFO Epoch: 6 / 20, Step: 179 / 347, Loss(batch): 41.18711853027344
2026-05-20 03:43:15,468 mf INFO Epoch: 6 / 20, Step: 209 / 347, Loss(batch): 52.876861572265625
2026-05-20 03:43:19,908 mf INFO Epoch: 6 / 20, Step: 239 / 347, Loss(batch): 50.650123596191406
2026-05-20 03:43:24,277 mf INFO Epoch: 6 / 20, Step: 269 / 347, Loss(batch): 48.81768035888672
2026-05-20 03:43:28,545 mf INFO Epoch: 6 / 20, Step: 299 / 347, Loss(batch): 45.282310485839844
2026-05-20 03:43:32,897 mf INFO Epoch: 6 / 20, Step: 329 / 347, Loss(batch): 36.70416259765625
2026-05-20 03:43:35,344 mf INFO epoch: 7
2026-05-20 03:43:35,345 mf INFO training
2026-05-20 03:43:39,808 mf INFO Epoch: 7 / 20, Step: 29 / 347, Loss(batch): 51.77393341064453
2026-05-20 03:43:43,896 mf INFO Epoch: 7 / 20, Step: 59 / 347, Loss(batch): 56.121883392333984
2026-05-20 03:43:48,172 mf INFO Epoch: 7 / 20, Step: 89 / 347, Loss(batch): 46.29515838623047
2026-05-20 03:43:52,964 mf INFO Epoch: 7 / 20, Step: 119 / 347, Loss(batch): 40.14518737792969
2026-05-20 03:43:57,288 mf INFO Epoch: 7 / 20, Step: 149 / 347, Loss(batch): 55.855133056640625
2026-05-20 03:44:01,812 mf INFO Epoch: 7 / 20, Step: 179 / 347, Loss(batch): 45.433067321777344
2026-05-20 03:44:06,286 mf INFO Epoch: 7 / 20, Step: 209 / 347, Loss(batch): 48.236244201660156
2026-05-20 03:44:10,631 mf INFO Epoch: 7 / 20, Step: 239 / 347, Loss(batch): 48.502647399902344
2026-05-20 03:44:15,284 mf INFO Epoch: 7 / 20, Step: 269 / 347, Loss(batch): 42.4190673828125
2026-05-20 03:44:19,591 mf INFO Epoch: 7 / 20, Step: 299 / 347, Loss(batch): 51.486515045166016
2026-05-20 03:44:24,030 mf INFO Epoch: 7 / 20, Step: 329 / 347, Loss(batch): 48.62580108642578
2026-05-20 03:44:26,504 mf INFO validating
2026-05-20 03:44:27,659 mf INFO Valid Step: 9 / 99, Loss(batch): 74.1139907836914
2026-05-20 03:44:28,774 mf INFO Valid Step: 19 / 99, Loss(batch): 58.970054626464844
2026-05-20 03:44:29,682 mf INFO Valid Step: 29 / 99, Loss(batch): 59.460933685302734
2026-05-20 03:44:30,574 mf INFO Valid Step: 39 / 99, Loss(batch): 58.32910919189453
2026-05-20 03:44:31,461 mf INFO Valid Step: 49 / 99, Loss(batch): 66.66583251953125
2026-05-20 03:44:32,379 mf INFO Valid Step: 59 / 99, Loss(batch): 73.55911254882812
2026-05-20 03:44:33,276 mf INFO Valid Step: 69 / 99, Loss(batch): 61.000701904296875
2026-05-20 03:44:34,209 mf INFO Valid Step: 79 / 99, Loss(batch): 66.5344467163086
2026-05-20 03:44:35,108 mf INFO Valid Step: 89 / 99, Loss(batch): 68.71979522705078
2026-05-20 03:48:47,332 mf INFO ########valid metric###########
2026-05-20 03:48:47,333 mf INFO epoch7, train_loss47.16384083530745, valid_loss:64.79243962451665
2026-05-20 03:48:47,333 mf INFO threshold:0.89, f_score0.5648341207210537, auc0.9385850237742576, recall0.5440148453188948, precision0.5873102994044842, aupr0.5625979212144506
2026-05-20 03:48:47,333 mf INFO epoch: 8
2026-05-20 03:48:47,334 mf INFO training
2026-05-20 03:48:51,660 mf INFO Epoch: 8 / 20, Step: 29 / 347, Loss(batch): 39.216392517089844
2026-05-20 03:48:56,402 mf INFO Epoch: 8 / 20, Step: 59 / 347, Loss(batch): 51.7272834777832
2026-05-20 03:49:01,125 mf INFO Epoch: 8 / 20, Step: 89 / 347, Loss(batch): 50.814422607421875
2026-05-20 03:49:05,642 mf INFO Epoch: 8 / 20, Step: 119 / 347, Loss(batch): 43.59465026855469
2026-05-20 03:49:10,151 mf INFO Epoch: 8 / 20, Step: 149 / 347, Loss(batch): 66.82328796386719
2026-05-20 03:49:14,582 mf INFO Epoch: 8 / 20, Step: 179 / 347, Loss(batch): 50.9979133605957
2026-05-20 03:49:19,403 mf INFO Epoch: 8 / 20, Step: 209 / 347, Loss(batch): 55.098445892333984
2026-05-20 03:49:24,103 mf INFO Epoch: 8 / 20, Step: 239 / 347, Loss(batch): 38.52544021606445
2026-05-20 03:49:28,750 mf INFO Epoch: 8 / 20, Step: 269 / 347, Loss(batch): 62.92559814453125
2026-05-20 03:49:32,906 mf INFO Epoch: 8 / 20, Step: 299 / 347, Loss(batch): 38.254791259765625
2026-05-20 03:49:36,936 mf INFO Epoch: 8 / 20, Step: 329 / 347, Loss(batch): 43.70563507080078
2026-05-20 03:49:39,232 mf INFO epoch: 9
2026-05-20 03:49:39,232 mf INFO training
2026-05-20 03:49:43,567 mf INFO Epoch: 9 / 20, Step: 29 / 347, Loss(batch): 40.390438079833984
2026-05-20 03:49:47,776 mf INFO Epoch: 9 / 20, Step: 59 / 347, Loss(batch): 44.4968376159668
2026-05-20 03:49:51,833 mf INFO Epoch: 9 / 20, Step: 89 / 347, Loss(batch): 39.84019088745117
2026-05-20 03:49:55,911 mf INFO Epoch: 9 / 20, Step: 119 / 347, Loss(batch): 37.68327713012695
2026-05-20 03:50:00,016 mf INFO Epoch: 9 / 20, Step: 149 / 347, Loss(batch): 39.53643035888672
2026-05-20 03:50:04,085 mf INFO Epoch: 9 / 20, Step: 179 / 347, Loss(batch): 38.05859375
2026-05-20 03:50:08,148 mf INFO Epoch: 9 / 20, Step: 209 / 347, Loss(batch): 41.934547424316406
2026-05-20 03:50:12,269 mf INFO Epoch: 9 / 20, Step: 239 / 347, Loss(batch): 38.896728515625
2026-05-20 03:50:16,686 mf INFO Epoch: 9 / 20, Step: 269 / 347, Loss(batch): 44.45886993408203
2026-05-20 03:50:21,099 mf INFO Epoch: 9 / 20, Step: 299 / 347, Loss(batch): 66.28134155273438
2026-05-20 03:50:25,596 mf INFO Epoch: 9 / 20, Step: 329 / 347, Loss(batch): 48.00274658203125
2026-05-20 03:50:28,125 mf INFO epoch: 10
2026-05-20 03:50:28,126 mf INFO training
2026-05-20 03:50:32,401 mf INFO Epoch: 10 / 20, Step: 29 / 347, Loss(batch): 43.23750305175781
2026-05-20 03:50:36,610 mf INFO Epoch: 10 / 20, Step: 59 / 347, Loss(batch): 39.24882507324219
2026-05-20 03:50:40,816 mf INFO Epoch: 10 / 20, Step: 89 / 347, Loss(batch): 45.200843811035156
2026-05-20 03:50:45,033 mf INFO Epoch: 10 / 20, Step: 119 / 347, Loss(batch): 43.3986701965332
2026-05-20 03:50:49,242 mf INFO Epoch: 10 / 20, Step: 149 / 347, Loss(batch): 49.83240509033203
2026-05-20 03:50:53,514 mf INFO Epoch: 10 / 20, Step: 179 / 347, Loss(batch): 38.37201690673828
2026-05-20 03:50:57,708 mf INFO Epoch: 10 / 20, Step: 209 / 347, Loss(batch): 32.107810974121094
2026-05-20 03:51:01,966 mf INFO Epoch: 10 / 20, Step: 239 / 347, Loss(batch): 49.50051498413086
2026-05-20 03:51:06,178 mf INFO Epoch: 10 / 20, Step: 269 / 347, Loss(batch): 46.549034118652344
2026-05-20 03:51:10,447 mf INFO Epoch: 10 / 20, Step: 299 / 347, Loss(batch): 32.51783752441406
2026-05-20 03:51:14,966 mf INFO Epoch: 10 / 20, Step: 329 / 347, Loss(batch): 35.39513397216797
2026-05-20 03:51:17,414 mf INFO epoch: 11
2026-05-20 03:51:17,415 mf INFO training
2026-05-20 03:51:21,659 mf INFO Epoch: 11 / 20, Step: 29 / 347, Loss(batch): 38.91572952270508
2026-05-20 03:51:26,110 mf INFO Epoch: 11 / 20, Step: 59 / 347, Loss(batch): 43.61124801635742
2026-05-20 03:51:30,486 mf INFO Epoch: 11 / 20, Step: 89 / 347, Loss(batch): 44.7385139465332
2026-05-20 03:51:34,855 mf INFO Epoch: 11 / 20, Step: 119 / 347, Loss(batch): 40.67561340332031
2026-05-20 03:51:39,309 mf INFO Epoch: 11 / 20, Step: 149 / 347, Loss(batch): 33.922813415527344
2026-05-20 03:51:43,697 mf INFO Epoch: 11 / 20, Step: 179 / 347, Loss(batch): 42.76468276977539
2026-05-20 03:51:48,102 mf INFO Epoch: 11 / 20, Step: 209 / 347, Loss(batch): 46.56204605102539
2026-05-20 03:51:52,468 mf INFO Epoch: 11 / 20, Step: 239 / 347, Loss(batch): 43.174713134765625
2026-05-20 03:51:56,872 mf INFO Epoch: 11 / 20, Step: 269 / 347, Loss(batch): 56.230064392089844
2026-05-20 03:52:01,255 mf INFO Epoch: 11 / 20, Step: 299 / 347, Loss(batch): 50.49078369140625
2026-05-20 03:52:05,663 mf INFO Epoch: 11 / 20, Step: 329 / 347, Loss(batch): 37.883575439453125
2026-05-20 03:52:08,112 mf INFO validating
2026-05-20 03:52:09,072 mf INFO Valid Step: 9 / 99, Loss(batch): 67.9437255859375
2026-05-20 03:52:10,009 mf INFO Valid Step: 19 / 99, Loss(batch): 65.50418090820312
2026-05-20 03:52:11,074 mf INFO Valid Step: 29 / 99, Loss(batch): 67.39559936523438
2026-05-20 03:52:12,093 mf INFO Valid Step: 39 / 99, Loss(batch): 62.422508239746094
2026-05-20 03:52:13,068 mf INFO Valid Step: 49 / 99, Loss(batch): 62.6035041809082
2026-05-20 03:52:14,004 mf INFO Valid Step: 59 / 99, Loss(batch): 57.89371109008789
2026-05-20 03:52:14,894 mf INFO Valid Step: 69 / 99, Loss(batch): 64.37489318847656
2026-05-20 03:52:15,819 mf INFO Valid Step: 79 / 99, Loss(batch): 51.141090393066406
2026-05-20 03:52:16,732 mf INFO Valid Step: 89 / 99, Loss(batch): 75.53363800048828
2026-05-20 03:56:29,958 mf INFO ########valid metric###########
2026-05-20 03:56:29,959 mf INFO epoch11, train_loss45.0594351545878, valid_loss:64.61312276666814
2026-05-20 03:56:29,959 mf INFO threshold:0.89, f_score0.5541058114595037, auc0.9369559428908543, recall0.5516408652990671, precision0.5565928851727411, aupr0.5466179833244327
2026-05-20 03:56:29,959 mf INFO epoch: 12
2026-05-20 03:56:29,960 mf INFO training
2026-05-20 03:56:34,399 mf INFO Epoch: 12 / 20, Step: 29 / 347, Loss(batch): 43.443389892578125
2026-05-20 03:56:38,908 mf INFO Epoch: 12 / 20, Step: 59 / 347, Loss(batch): 47.04093933105469
2026-05-20 03:56:43,515 mf INFO Epoch: 12 / 20, Step: 89 / 347, Loss(batch): 56.51381301879883
2026-05-20 03:56:47,908 mf INFO Epoch: 12 / 20, Step: 119 / 347, Loss(batch): 38.06698989868164
2026-05-20 03:56:52,862 mf INFO Epoch: 12 / 20, Step: 149 / 347, Loss(batch): 42.83979034423828
2026-05-20 03:56:57,823 mf INFO Epoch: 12 / 20, Step: 179 / 347, Loss(batch): 37.43635559082031
2026-05-20 03:57:02,101 mf INFO Epoch: 12 / 20, Step: 209 / 347, Loss(batch): 52.08686065673828
2026-05-20 03:57:06,233 mf INFO Epoch: 12 / 20, Step: 239 / 347, Loss(batch): 35.75975036621094
2026-05-20 03:57:10,340 mf INFO Epoch: 12 / 20, Step: 269 / 347, Loss(batch): 43.82026290893555
2026-05-20 03:57:14,460 mf INFO Epoch: 12 / 20, Step: 299 / 347, Loss(batch): 53.290924072265625
2026-05-20 03:57:18,592 mf INFO Epoch: 12 / 20, Step: 329 / 347, Loss(batch): 41.59667205810547
2026-05-20 03:57:20,891 mf INFO epoch: 13
2026-05-20 03:57:20,892 mf INFO training
2026-05-20 03:57:25,181 mf INFO Epoch: 13 / 20, Step: 29 / 347, Loss(batch): 49.24067306518555
2026-05-20 03:57:29,729 mf INFO Epoch: 13 / 20, Step: 59 / 347, Loss(batch): 34.293941497802734
2026-05-20 03:57:34,069 mf INFO Epoch: 13 / 20, Step: 89 / 347, Loss(batch): 49.24127960205078
2026-05-20 03:57:38,504 mf INFO Epoch: 13 / 20, Step: 119 / 347, Loss(batch): 41.89298629760742
2026-05-20 03:57:43,269 mf INFO Epoch: 13 / 20, Step: 149 / 347, Loss(batch): 49.14289093017578
2026-05-20 03:57:47,394 mf INFO Epoch: 13 / 20, Step: 179 / 347, Loss(batch): 35.16105651855469
2026-05-20 03:57:51,527 mf INFO Epoch: 13 / 20, Step: 209 / 347, Loss(batch): 35.02345275878906
2026-05-20 03:57:55,683 mf INFO Epoch: 13 / 20, Step: 239 / 347, Loss(batch): 38.48033905029297
2026-05-20 03:58:00,201 mf INFO Epoch: 13 / 20, Step: 269 / 347, Loss(batch): 42.10016632080078
2026-05-20 03:58:04,681 mf INFO Epoch: 13 / 20, Step: 299 / 347, Loss(batch): 38.966285705566406
2026-05-20 03:58:08,910 mf INFO Epoch: 13 / 20, Step: 329 / 347, Loss(batch): 46.833740234375
2026-05-20 03:58:11,559 mf INFO epoch: 14
2026-05-20 03:58:11,560 mf INFO training
2026-05-20 03:58:16,379 mf INFO Epoch: 14 / 20, Step: 29 / 347, Loss(batch): 44.32538986206055
2026-05-20 03:58:21,225 mf INFO Epoch: 14 / 20, Step: 59 / 347, Loss(batch): 35.283973693847656
2026-05-20 03:58:26,075 mf INFO Epoch: 14 / 20, Step: 89 / 347, Loss(batch): 44.04134750366211
2026-05-20 03:58:30,939 mf INFO Epoch: 14 / 20, Step: 119 / 347, Loss(batch): 45.64794158935547
2026-05-20 03:58:35,814 mf INFO Epoch: 14 / 20, Step: 149 / 347, Loss(batch): 35.76205062866211
2026-05-20 03:58:40,659 mf INFO Epoch: 14 / 20, Step: 179 / 347, Loss(batch): 49.892189025878906
2026-05-20 03:58:45,126 mf INFO Epoch: 14 / 20, Step: 209 / 347, Loss(batch): 35.26915740966797
2026-05-20 03:58:48,947 mf INFO Epoch: 14 / 20, Step: 239 / 347, Loss(batch): 49.030235290527344
2026-05-20 03:58:52,920 mf INFO Epoch: 14 / 20, Step: 269 / 347, Loss(batch): 44.780921936035156
2026-05-20 03:58:57,266 mf INFO Epoch: 14 / 20, Step: 299 / 347, Loss(batch): 35.14631652832031
2026-05-20 03:59:01,926 mf INFO Epoch: 14 / 20, Step: 329 / 347, Loss(batch): 54.20077133178711
2026-05-20 03:59:04,693 mf INFO epoch: 15
2026-05-20 03:59:04,695 mf INFO training
2026-05-20 03:59:09,490 mf INFO Epoch: 15 / 20, Step: 29 / 347, Loss(batch): 44.551048278808594
2026-05-20 03:59:14,359 mf INFO Epoch: 15 / 20, Step: 59 / 347, Loss(batch): 39.705848693847656
2026-05-20 03:59:19,215 mf INFO Epoch: 15 / 20, Step: 89 / 347, Loss(batch): 38.153221130371094
2026-05-20 03:59:23,808 mf INFO Epoch: 15 / 20, Step: 119 / 347, Loss(batch): 49.10003662109375
2026-05-20 03:59:28,400 mf INFO Epoch: 15 / 20, Step: 149 / 347, Loss(batch): 35.490028381347656
2026-05-20 03:59:32,854 mf INFO Epoch: 15 / 20, Step: 179 / 347, Loss(batch): 48.35188293457031
2026-05-20 03:59:37,304 mf INFO Epoch: 15 / 20, Step: 209 / 347, Loss(batch): 36.23076629638672
2026-05-20 03:59:41,780 mf INFO Epoch: 15 / 20, Step: 239 / 347, Loss(batch): 34.85810089111328
2026-05-20 03:59:46,284 mf INFO Epoch: 15 / 20, Step: 269 / 347, Loss(batch): 41.0583381652832
2026-05-20 03:59:50,634 mf INFO Epoch: 15 / 20, Step: 299 / 347, Loss(batch): 38.773109436035156
2026-05-20 03:59:55,021 mf INFO Epoch: 15 / 20, Step: 329 / 347, Loss(batch): 40.997928619384766
2026-05-20 03:59:57,463 mf INFO validating
2026-05-20 03:59:58,508 mf INFO Valid Step: 9 / 99, Loss(batch): 77.35768127441406
2026-05-20 03:59:59,482 mf INFO Valid Step: 19 / 99, Loss(batch): 57.352821350097656
2026-05-20 04:00:00,450 mf INFO Valid Step: 29 / 99, Loss(batch): 55.8964958190918
2026-05-20 04:00:01,408 mf INFO Valid Step: 39 / 99, Loss(batch): 63.856666564941406
2026-05-20 04:00:02,374 mf INFO Valid Step: 49 / 99, Loss(batch): 65.9642333984375
2026-05-20 04:00:03,301 mf INFO Valid Step: 59 / 99, Loss(batch): 51.08757400512695
2026-05-20 04:00:04,218 mf INFO Valid Step: 69 / 99, Loss(batch): 52.36610412597656
2026-05-20 04:00:05,248 mf INFO Valid Step: 79 / 99, Loss(batch): 69.91043090820312
2026-05-20 04:00:06,178 mf INFO Valid Step: 89 / 99, Loss(batch): 64.74459838867188
2026-05-20 04:04:17,564 mf INFO ########valid metric###########
2026-05-20 04:04:17,565 mf INFO epoch15, train_loss43.82492452396096, valid_loss:64.53150111497051
2026-05-20 04:04:17,565 mf INFO threshold:0.91, f_score0.5451057679674156, auc0.9338578838572218, recall0.5273138615623173, precision0.5641402191944739, aupr0.5357823949562677
2026-05-20 04:04:17,565 mf INFO epoch: 16
2026-05-20 04:04:17,567 mf INFO training
2026-05-20 04:04:21,912 mf INFO Epoch: 16 / 20, Step: 29 / 347, Loss(batch): 58.69563293457031
2026-05-20 04:04:26,045 mf INFO Epoch: 16 / 20, Step: 59 / 347, Loss(batch): 28.38024139404297
2026-05-20 04:04:30,113 mf INFO Epoch: 16 / 20, Step: 89 / 347, Loss(batch): 38.82322692871094
2026-05-20 04:04:34,292 mf INFO Epoch: 16 / 20, Step: 119 / 347, Loss(batch): 36.4297981262207
2026-05-20 04:04:38,426 mf INFO Epoch: 16 / 20, Step: 149 / 347, Loss(batch): 46.138877868652344
2026-05-20 04:04:42,657 mf INFO Epoch: 16 / 20, Step: 179 / 347, Loss(batch): 36.39494705200195
2026-05-20 04:04:46,972 mf INFO Epoch: 16 / 20, Step: 209 / 347, Loss(batch): 50.30665588378906
2026-05-20 04:04:51,220 mf INFO Epoch: 16 / 20, Step: 239 / 347, Loss(batch): 43.70882034301758
2026-05-20 04:04:55,735 mf INFO Epoch: 16 / 20, Step: 269 / 347, Loss(batch): 53.63980484008789
2026-05-20 04:05:00,221 mf INFO Epoch: 16 / 20, Step: 299 / 347, Loss(batch): 31.750770568847656
2026-05-20 04:05:04,533 mf INFO Epoch: 16 / 20, Step: 329 / 347, Loss(batch): 40.19633483886719
2026-05-20 04:05:06,953 mf INFO epoch: 17
2026-05-20 04:05:06,954 mf INFO training
2026-05-20 04:05:11,350 mf INFO Epoch: 17 / 20, Step: 29 / 347, Loss(batch): 33.29790115356445
2026-05-20 04:05:15,801 mf INFO Epoch: 17 / 20, Step: 59 / 347, Loss(batch): 39.852294921875
2026-05-20 04:05:20,098 mf INFO Epoch: 17 / 20, Step: 89 / 347, Loss(batch): 43.662925720214844
2026-05-20 04:05:24,461 mf INFO Epoch: 17 / 20, Step: 119 / 347, Loss(batch): 43.752044677734375
2026-05-20 04:05:28,750 mf INFO Epoch: 17 / 20, Step: 149 / 347, Loss(batch): 33.16938781738281
2026-05-20 04:05:33,059 mf INFO Epoch: 17 / 20, Step: 179 / 347, Loss(batch): 36.79278564453125
2026-05-20 04:05:37,736 mf INFO Epoch: 17 / 20, Step: 209 / 347, Loss(batch): 42.6216926574707
2026-05-20 04:05:42,354 mf INFO Epoch: 17 / 20, Step: 239 / 347, Loss(batch): 47.45545959472656
2026-05-20 04:05:46,687 mf INFO Epoch: 17 / 20, Step: 269 / 347, Loss(batch): 50.75938415527344
2026-05-20 04:05:50,994 mf INFO Epoch: 17 / 20, Step: 299 / 347, Loss(batch): 54.76060485839844
2026-05-20 04:05:55,300 mf INFO Epoch: 17 / 20, Step: 329 / 347, Loss(batch): 40.37200164794922
2026-05-20 04:05:57,724 mf INFO epoch: 18
2026-05-20 04:05:57,726 mf INFO training
2026-05-20 04:06:02,202 mf INFO Epoch: 18 / 20, Step: 29 / 347, Loss(batch): 42.10017395019531
2026-05-20 04:06:06,584 mf INFO Epoch: 18 / 20, Step: 59 / 347, Loss(batch): 42.11041259765625
2026-05-20 04:06:10,832 mf INFO Epoch: 18 / 20, Step: 89 / 347, Loss(batch): 38.79627227783203
2026-05-20 04:06:15,066 mf INFO Epoch: 18 / 20, Step: 119 / 347, Loss(batch): 34.614906311035156
2026-05-20 04:06:19,285 mf INFO Epoch: 18 / 20, Step: 149 / 347, Loss(batch): 46.39276123046875
2026-05-20 04:06:23,626 mf INFO Epoch: 18 / 20, Step: 179 / 347, Loss(batch): 46.175010681152344
2026-05-20 04:06:27,932 mf INFO Epoch: 18 / 20, Step: 209 / 347, Loss(batch): 50.7116813659668
2026-05-20 04:06:32,287 mf INFO Epoch: 18 / 20, Step: 239 / 347, Loss(batch): 50.20798873901367
2026-05-20 04:06:36,824 mf INFO Epoch: 18 / 20, Step: 269 / 347, Loss(batch): 44.54643249511719
2026-05-20 04:06:40,809 mf INFO Epoch: 18 / 20, Step: 299 / 347, Loss(batch): 32.860782623291016
2026-05-20 04:06:44,818 mf INFO Epoch: 18 / 20, Step: 329 / 347, Loss(batch): 46.9912109375
2026-05-20 04:06:47,330 mf INFO epoch: 19
2026-05-20 04:06:47,332 mf INFO training
2026-05-20 04:06:51,486 mf INFO Epoch: 19 / 20, Step: 29 / 347, Loss(batch): 44.134986877441406
2026-05-20 04:06:55,508 mf INFO Epoch: 19 / 20, Step: 59 / 347, Loss(batch): 41.144813537597656
2026-05-20 04:06:59,709 mf INFO Epoch: 19 / 20, Step: 89 / 347, Loss(batch): 43.99761962890625
2026-05-20 04:07:03,980 mf INFO Epoch: 19 / 20, Step: 119 / 347, Loss(batch): 35.39912414550781
2026-05-20 04:07:08,095 mf INFO Epoch: 19 / 20, Step: 149 / 347, Loss(batch): 38.634010314941406
2026-05-20 04:07:12,442 mf INFO Epoch: 19 / 20, Step: 179 / 347, Loss(batch): 54.38629150390625
2026-05-20 04:07:16,445 mf INFO Epoch: 19 / 20, Step: 209 / 347, Loss(batch): 45.38556671142578
2026-05-20 04:07:20,541 mf INFO Epoch: 19 / 20, Step: 239 / 347, Loss(batch): 43.22486877441406
2026-05-20 04:07:24,523 mf INFO Epoch: 19 / 20, Step: 269 / 347, Loss(batch): 40.7511100769043
2026-05-20 04:07:28,647 mf INFO Epoch: 19 / 20, Step: 299 / 347, Loss(batch): 46.37255096435547
2026-05-20 04:07:33,086 mf INFO Epoch: 19 / 20, Step: 329 / 347, Loss(batch): 44.255592346191406
2026-05-20 04:07:35,896 mf INFO validating
2026-05-20 04:07:37,145 mf INFO Valid Step: 9 / 99, Loss(batch): 69.49873352050781
2026-05-20 04:07:38,306 mf INFO Valid Step: 19 / 99, Loss(batch): 54.73190689086914
2026-05-20 04:07:39,472 mf INFO Valid Step: 29 / 99, Loss(batch): 73.4483642578125
2026-05-20 04:07:40,638 mf INFO Valid Step: 39 / 99, Loss(batch): 71.90531921386719
2026-05-20 04:07:41,823 mf INFO Valid Step: 49 / 99, Loss(batch): 69.21145629882812
2026-05-20 04:07:42,995 mf INFO Valid Step: 59 / 99, Loss(batch): 67.39511108398438
2026-05-20 04:07:44,157 mf INFO Valid Step: 69 / 99, Loss(batch): 57.50630187988281
2026-05-20 04:07:45,330 mf INFO Valid Step: 79 / 99, Loss(batch): 68.82565307617188
2026-05-20 04:07:46,523 mf INFO Valid Step: 89 / 99, Loss(batch): 57.48876190185547
2026-05-20 04:11:57,902 mf INFO ########valid metric###########
2026-05-20 04:11:57,903 mf INFO epoch19, train_loss43.49306863460486, valid_loss:64.54989319618302
2026-05-20 04:11:57,903 mf INFO threshold:0.9, f_score0.5427231237322515, auc0.9331583155398713, recall0.544116525585297, precision0.5413368402417743, aupr0.5331022562005809
2026-05-20 04:11:57,903 mf INFO best_fscore: 0.5648341207210537
2026-05-20 04:11:57,903 mf INFO best_scores[thresh,fmax,recall,precision,auc]: [0.89, 0.5648341207210537, 0.5440148453188948, 0.5873102994044842, 0.9385850237742576]
2026-05-20 04:11:57,903 mf INFO best_aupr: 0.5625979212144506
2026-05-20 04:11:57,903 mf INFO best_score_dict: {0.01: [0.09176144360747687, 0.9985002160705662, 0.04809046099750978, 0.9385850237742576], 0.02: [0.09843457140778172, 0.997254632807138, 0.05177239729254288, 0.9385850237742576], 0.03: [0.10405264079927377, 0.9964920308091207, 0.054892213766111926, 0.9385850237742576], 0.04: [0.10907328648657681, 0.9955006482116984, 0.05769749258560259, 0.9385850237742576], 0.05: [0.11376883252864871, 0.9943313251480719, 0.060336171006985954, 0.9385850237742576], 0.06: [0.11831913128266623, 0.9932382622842472, 0.06290641718547998, 0.9385850237742576], 0.07: [0.12260140325960932, 0.9918655786878161, 0.06533886824553442, 0.9385850237742576], 0.08: [0.1268424435206352, 0.9908487760237932, 0.06775821967576738, 0.9385850237742576], 0.09: [0.13099105495056418, 0.9896286128269656, 0.07013735254058961, 0.9385850237742576], 0.1: [0.1350466234871243, 0.9884847098299397, 0.07247400526697369, 0.9385850237742576], 0.11: [0.13894903353028965, 0.9869340857673047, 0.07473546628578688, 0.9385850237742576], 0.12: [0.142831355039308, 0.9855614021708737, 0.07699487442235475, 0.9385850237742576], 0.13: [0.14665661269604297, 0.9838582577086352, 0.07923370298416103, 0.9385850237742576], 0.14: [0.15041497412010296, 0.9817483921807875, 0.08144677099962673, 0.9385850237742576], 0.15: [0.15425557458660819, 0.9798418871857444, 0.08371757643415163, 0.9385850237742576], 0.16: [0.15806875590421818, 0.9782912631231094, 0.08598059432396264, 0.9385850237742576], 0.17: [0.1618045682873661, 0.9764355982612675, 0.08821097883597884, 0.9385850237742576], 0.18: [0.16560140959422343, 0.9747578738656295, 0.090487124002709, 0.9385850237742576], 0.19: [0.16933109612753844, 0.9722667073387732, 0.09274153461925487, 0.9385850237742576], 0.2: [0.1730453099456045, 0.9700043214113221, 0.09499614130299484, 0.9385850237742576], 0.21: [0.17683879973707375, 0.9676910953506698, 0.09731083844580778, 0.9385850237742576], 0.22: [0.180609784516172, 0.9653778692900176, 0.09962408480520878, 0.9385850237742576], 0.23: [0.18437114575756616, 0.9632934238287705, 0.10194117298928804, 0.9385850237742576], 0.24: [0.1883438668838122, 0.9613106586339256, 0.10439907794663685, 0.9385850237742576], 0.25: [0.19230857419461678, 0.9594041536388825, 0.10686456610868236, 0.9385850237742576], 0.26: [0.19649141113096558, 0.9573705483108366, 0.10948064859333849, 0.9385850237742576], 0.27: [0.20045526476608305, 0.9547268613843768, 0.11198373227426145, 0.9385850237742576], 0.28: [0.2045231286428431, 0.9526424159231297, 0.11455891029031005, 0.9385850237742576], 0.29: [0.20864628601572507, 0.9501258293296728, 0.11719058637620633, 0.9385850237742576], 0.3: [0.2127964425467301, 0.9476092427362159, 0.11985570245382993, 0.9385850237742576], 0.31: [0.2169232968886321, 0.9448892956099545, 0.12252613952507153, 0.9385850237742576], 0.32: [0.22107187266107461, 0.9422964488166959, 0.12522549304434188, 0.9385850237742576], 0.33: [0.22530404283263397, 0.9397290220900378, 0.12799578979440623, 0.9385850237742576], 0.34: [0.2295311668052273, 0.9369328147639747, 0.13078560783478815, 0.9385850237742576], 0.35: [0.23383415354174156, 0.9342637077709144, 0.13364144110075196, 0.9385850237742576], 0.36: [0.2381581000936427, 0.9309590991128397, 0.13654446279635962, 0.9385850237742576], 0.37: [0.24238418953430063, 0.927654490454765, 0.13940438081122172, 0.9385850237742576], 0.38: [0.24687220126468912, 0.9249345433285036, 0.14244608259570854, 0.9385850237742576], 0.39: [0.25144770083275286, 0.922214596202242, 0.14556901076148976, 0.9385850237742576], 0.4: [0.2558988614834357, 0.9184524263453571, 0.14865910156925027, 0.9385850237742576], 0.41: [0.26051830260597864, 0.9156053788860927, 0.15186420382917543, 0.9385850237742576], 0.42: [0.2651545934764139, 0.9123261902946186, 0.15511883511762495, 0.9385850237742576], 0.43: [0.2696629213483146, 0.9084115000381301, 0.15833196723127296, 0.9385850237742576], 0.44: [0.2743907138783123, 0.904954370980452, 0.16171159917327216, 0.9385850237742576], 0.45: [0.27920748417173274, 0.9012938813899692, 0.16519053098953115, 0.9385850237742576], 0.46: [0.2840034423684782, 0.897607971732886, 0.16868822464373923, 0.9385850237742576], 0.47: [0.28893536074807824, 0.8938458018760009, 0.17231865450019113, 0.9385850237742576], 0.48: [0.2939360982922313, 0.8897023310201073, 0.17604925355116494, 0.9385850237742576], 0.49: [0.2988778889212978, 0.8856097002974148, 0.17977429525318253, 0.9385850237742576], 0.5: [0.30384274805144706, 0.8809578281095096, 0.18357974139072672, 0.9385850237742576], 0.51: [0.30909865279863713, 0.8763059559216045, 0.18764288358117964, 0.9385850237742576], 0.52: [0.314728028100553, 0.8723404255319149, 0.19199932861498867, 0.9385850237742576], 0.53: [0.32049513405970514, 0.8681206944762195, 0.19652424111638614, 0.9385850237742576], 0.54: [0.3259835337605914, 0.8630621012227052, 0.20093983404945373, 0.9385850237742576], 0.55: [0.33214071576712506, 0.8589694705000127, 0.2058732141225211, 0.9385850237742576], 0.56: [0.3381580271766482, 0.8540125575129007, 0.21081695019484065, 0.9385850237742576], 0.57: [0.3442012926102687, 0.8488268639263835, 0.21586817250318385, 0.9385850237742576], 0.58: [0.35034561421110716, 0.8432598693408577, 0.22110321660423637, 0.9385850237742576], 0.59: [0.3566652963195361, 0.83804875568774, 0.22653904032873173, 0.9385850237742576], 0.6: [0.36284479893652377, 0.832608861435217, 0.23196719569974716, 0.9385850237742576], 0.61: [0.3695150115473441, 0.8276773685147055, 0.23785173713584432, 0.9385850237742576], 0.62: [0.37640462508433564, 0.8225425150613894, 0.24404003227923043, 0.9385850237742576], 0.63: [0.3830870083432658, 0.8170263606090648, 0.25020044994200574, 0.9385850237742576], 0.64: [0.39025254654665664, 0.8117389867561453, 0.2568737229917789, 0.9385850237742576], 0.65: [0.397295129227144, 0.8057398510384097, 0.2636473279268039, 0.9385850237742576], 0.66: [0.40441917975399044, 0.8002491166526856, 0.27058085366063295, 0.9385850237742576], 0.67: [0.41153276503307773, 0.794605861867358, 0.27767019613416716, 0.9385850237742576], 0.68: [0.41881155370149115, 0.7885813060830219, 0.28511819418403733, 0.9385850237742576], 0.69: [0.4257655374858939, 0.7816416279010651, 0.2925634145877338, 0.9385850237742576], 0.7: [0.43331888558090625, 0.7751086707847175, 0.30071599045346065, 0.9385850237742576], 0.71: [0.44087480486132385, 0.7681435725361601, 0.3091576890416705, 0.9385850237742576], 0.72: [0.44864208996809324, 0.7613309946872061, 0.3180249535439342, 0.9385850237742576], 0.73: [0.4565098657640678, 0.7542642161722464, 0.327303212142605, 0.9385850237742576], 0.74: [0.46459389558105874, 0.7465873560588728, 0.33722185225159024, 0.9385850237742576], 0.75: [0.47293688529929007, 0.7383004143470856, 0.3478948314068396, 0.9385850237742576], 0.76: [0.4811755134903928, 0.7292000305040799, 0.35905074223345934, 0.9385850237742576], 0.77: [0.489145388628832, 0.7185236025318387, 0.3707794422436183, 0.9385850237742576], 0.78: [0.4969821428571429, 0.7074658735605888, 0.38302528178802936, 0.9385850237742576], 0.79: [0.5057057721934705, 0.6967386054551463, 0.39688676513176946, 0.9385850237742576], 0.8: [0.5143614586512054, 0.6855537761508935, 0.4115833651278138, 0.9385850237742576], 0.81: [0.5227073072025743, 0.6730725234500115, 0.4272574711159879, 0.9385850237742576], 0.82: [0.5311698529637161, 0.6607183710821323, 0.4440951339529798, 0.9385850237742576], 0.83: [0.538481060846393, 0.6472203157172272, 0.4610244988864143, 0.9385850237742576], 0.84: [0.5460707430765013, 0.6328071379547014, 0.4802453893047303, 0.9385850237742576], 0.85: [0.5528135377337033, 0.617834718726963, 0.5001749223139135, 0.9385850237742576], 0.86: [0.5583522948326476, 0.6019471771016041, 0.5206455300998197, 0.9385850237742576], 0.87: [0.5620416544441185, 0.5844581712804088, 0.5412811639240059, 0.9385850237742576], 0.88: [0.5640784712081772, 0.5646305193319606, 0.5635275015222245, 0.9385850237742576], 0.89: [0.5648341207210537, 0.5440148453188948, 0.5873102994044842, 0.9385850237742576]}
