2026-06-24 02:09:46,837 mf_v4_lr1e4_do01 INFO #########mf###########
2026-06-24 02:09:46,837 mf_v4_lr1e4_do01 INFO ########start training###########
2026-06-24 02:09:46,837 mf_v4_lr1e4_do01 INFO Early stopping: patience=3, min_delta=0.0001, monitor=fscore
2026-06-24 02:09:46,837 mf_v4_lr1e4_do01 INFO epoch: 0
2026-06-24 02:09:46,838 mf_v4_lr1e4_do01 INFO training
2026-06-24 02:09:58,313 mf_v4_lr1e4_do01 INFO Epoch: 0 / 50, Step: 29 / 87, Loss(batch): 0.5287065505981445
2026-06-24 02:10:09,331 mf_v4_lr1e4_do01 INFO Epoch: 0 / 50, Step: 59 / 87, Loss(batch): 0.12651313841342926
2026-06-24 02:10:19,276 mf_v4_lr1e4_do01 INFO epoch: 1
2026-06-24 02:10:19,277 mf_v4_lr1e4_do01 INFO training
2026-06-24 02:10:30,099 mf_v4_lr1e4_do01 INFO Epoch: 1 / 50, Step: 29 / 87, Loss(batch): 0.13501915335655212
2026-06-24 02:10:40,532 mf_v4_lr1e4_do01 INFO Epoch: 1 / 50, Step: 59 / 87, Loss(batch): 0.12351904064416885
2026-06-24 02:10:50,178 mf_v4_lr1e4_do01 INFO epoch: 2
2026-06-24 02:10:50,180 mf_v4_lr1e4_do01 INFO training
2026-06-24 02:11:00,432 mf_v4_lr1e4_do01 INFO Epoch: 2 / 50, Step: 29 / 87, Loss(batch): 0.11131301522254944
2026-06-24 02:11:10,301 mf_v4_lr1e4_do01 INFO Epoch: 2 / 50, Step: 59 / 87, Loss(batch): 0.1204339936375618
2026-06-24 02:11:19,187 mf_v4_lr1e4_do01 INFO epoch: 3
2026-06-24 02:11:19,189 mf_v4_lr1e4_do01 INFO training
2026-06-24 02:11:29,368 mf_v4_lr1e4_do01 INFO Epoch: 3 / 50, Step: 29 / 87, Loss(batch): 0.11733648926019669
2026-06-24 02:11:39,319 mf_v4_lr1e4_do01 INFO Epoch: 3 / 50, Step: 59 / 87, Loss(batch): 0.1055421307682991
2026-06-24 02:11:48,401 mf_v4_lr1e4_do01 INFO validating
2026-06-24 02:11:50,709 mf_v4_lr1e4_do01 INFO Valid Step: 9 / 25, Loss(batch): 0.10698675364255905
2026-06-24 02:11:53,540 mf_v4_lr1e4_do01 INFO Valid Step: 19 / 25, Loss(batch): 0.09152005612850189
2026-06-24 02:16:00,601 mf_v4_lr1e4_do01 INFO ########valid metric###########
2026-06-24 02:16:00,602 mf_v4_lr1e4_do01 INFO epoch3, train_loss0.10657694533296015, valid_loss:0.0951042041182518
2026-06-24 02:16:00,602 mf_v4_lr1e4_do01 INFO threshold:0.01, f_score0.5731739532426364, auc0.9047546613156188, recall0.44124151605277206, precision0.8176550944462763, aupr0.6066374197820055
2026-06-24 02:16:00,602 mf_v4_lr1e4_do01 INFO Early stopping counter: 0/3 (best fscore: 0.5732)
2026-06-24 02:16:00,602 mf_v4_lr1e4_do01 INFO epoch: 4
2026-06-24 02:16:00,603 mf_v4_lr1e4_do01 INFO training
2026-06-24 02:16:11,174 mf_v4_lr1e4_do01 INFO Epoch: 4 / 50, Step: 29 / 87, Loss(batch): 0.10094073414802551
2026-06-24 02:16:21,242 mf_v4_lr1e4_do01 INFO Epoch: 4 / 50, Step: 59 / 87, Loss(batch): 0.09691168367862701
2026-06-24 02:16:30,135 mf_v4_lr1e4_do01 INFO epoch: 5
2026-06-24 02:16:30,136 mf_v4_lr1e4_do01 INFO training
2026-06-24 02:16:39,494 mf_v4_lr1e4_do01 INFO Epoch: 5 / 50, Step: 29 / 87, Loss(batch): 0.08031303435564041
2026-06-24 02:16:48,835 mf_v4_lr1e4_do01 INFO Epoch: 5 / 50, Step: 59 / 87, Loss(batch): 0.0910690501332283
2026-06-24 02:16:57,169 mf_v4_lr1e4_do01 INFO epoch: 6
2026-06-24 02:16:57,170 mf_v4_lr1e4_do01 INFO training
2026-06-24 02:17:06,523 mf_v4_lr1e4_do01 INFO Epoch: 6 / 50, Step: 29 / 87, Loss(batch): 0.07412337511777878
2026-06-24 02:17:15,874 mf_v4_lr1e4_do01 INFO Epoch: 6 / 50, Step: 59 / 87, Loss(batch): 0.06781361997127533
2026-06-24 02:17:24,248 mf_v4_lr1e4_do01 INFO epoch: 7
2026-06-24 02:17:24,250 mf_v4_lr1e4_do01 INFO training
2026-06-24 02:17:33,875 mf_v4_lr1e4_do01 INFO Epoch: 7 / 50, Step: 29 / 87, Loss(batch): 0.08301776647567749
2026-06-24 02:17:43,377 mf_v4_lr1e4_do01 INFO Epoch: 7 / 50, Step: 59 / 87, Loss(batch): 0.08654585480690002
2026-06-24 02:17:51,850 mf_v4_lr1e4_do01 INFO validating
2026-06-24 02:17:54,110 mf_v4_lr1e4_do01 INFO Valid Step: 9 / 25, Loss(batch): 0.09074995666742325
2026-06-24 02:17:56,482 mf_v4_lr1e4_do01 INFO Valid Step: 19 / 25, Loss(batch): 0.07382367551326752
2026-06-24 02:22:07,774 mf_v4_lr1e4_do01 INFO ########valid metric###########
2026-06-24 02:22:07,842 mf_v4_lr1e4_do01 INFO epoch7, train_loss0.07403400056492324, valid_loss:0.07383213236927987
2026-06-24 02:22:07,842 mf_v4_lr1e4_do01 INFO threshold:0.01, f_score0.6663644463897703, auc0.9513673107607897, recall0.5418032995246448, precision0.865297174407275, aupr0.7263982376323842
2026-06-24 02:22:07,842 mf_v4_lr1e4_do01 INFO Early stopping counter: 0/3 (best fscore: 0.6664)
2026-06-24 02:22:07,842 mf_v4_lr1e4_do01 INFO epoch: 8
2026-06-24 02:22:07,844 mf_v4_lr1e4_do01 INFO training
2026-06-24 02:22:17,762 mf_v4_lr1e4_do01 INFO Epoch: 8 / 50, Step: 29 / 87, Loss(batch): 0.07366285473108292
2026-06-24 02:22:27,374 mf_v4_lr1e4_do01 INFO Epoch: 8 / 50, Step: 59 / 87, Loss(batch): 0.06849569082260132
2026-06-24 02:22:35,893 mf_v4_lr1e4_do01 INFO epoch: 9
2026-06-24 02:22:35,894 mf_v4_lr1e4_do01 INFO training
2026-06-24 02:22:45,271 mf_v4_lr1e4_do01 INFO Epoch: 9 / 50, Step: 29 / 87, Loss(batch): 0.06229332834482193
2026-06-24 02:22:54,613 mf_v4_lr1e4_do01 INFO Epoch: 9 / 50, Step: 59 / 87, Loss(batch): 0.06997695565223694
2026-06-24 02:23:02,971 mf_v4_lr1e4_do01 INFO epoch: 10
2026-06-24 02:23:02,972 mf_v4_lr1e4_do01 INFO training
2026-06-24 02:23:12,482 mf_v4_lr1e4_do01 INFO Epoch: 10 / 50, Step: 29 / 87, Loss(batch): 0.06445667892694473
2026-06-24 02:23:21,898 mf_v4_lr1e4_do01 INFO Epoch: 10 / 50, Step: 59 / 87, Loss(batch): 0.05428210645914078
2026-06-24 02:23:30,225 mf_v4_lr1e4_do01 INFO epoch: 11
2026-06-24 02:23:30,226 mf_v4_lr1e4_do01 INFO training
2026-06-24 02:23:39,552 mf_v4_lr1e4_do01 INFO Epoch: 11 / 50, Step: 29 / 87, Loss(batch): 0.059144821017980576
2026-06-24 02:23:48,877 mf_v4_lr1e4_do01 INFO Epoch: 11 / 50, Step: 59 / 87, Loss(batch): 0.05751478672027588
2026-06-24 02:23:57,286 mf_v4_lr1e4_do01 INFO validating
2026-06-24 02:23:59,775 mf_v4_lr1e4_do01 INFO Valid Step: 9 / 25, Loss(batch): 0.06480403244495392
2026-06-24 02:24:02,288 mf_v4_lr1e4_do01 INFO Valid Step: 19 / 25, Loss(batch): 0.06368573009967804
2026-06-24 02:28:07,569 mf_v4_lr1e4_do01 INFO ########valid metric###########
2026-06-24 02:28:07,570 mf_v4_lr1e4_do01 INFO epoch11, train_loss0.059082710537417184, valid_loss:0.066875991076231
2026-06-24 02:28:07,571 mf_v4_lr1e4_do01 INFO threshold:0.01, f_score0.7037811251152782, auc0.9615950629363288, recall0.5819670047535525, precision0.890089809882975, aupr0.7689603451828221
2026-06-24 02:28:07,571 mf_v4_lr1e4_do01 INFO Early stopping counter: 0/3 (best fscore: 0.7038)
2026-06-24 02:28:07,571 mf_v4_lr1e4_do01 INFO epoch: 12
2026-06-24 02:28:07,572 mf_v4_lr1e4_do01 INFO training
2026-06-24 02:28:17,431 mf_v4_lr1e4_do01 INFO Epoch: 12 / 50, Step: 29 / 87, Loss(batch): 0.05814483389258385
2026-06-24 02:28:26,861 mf_v4_lr1e4_do01 INFO Epoch: 12 / 50, Step: 59 / 87, Loss(batch): 0.05734016001224518
2026-06-24 02:28:35,296 mf_v4_lr1e4_do01 INFO epoch: 13
2026-06-24 02:28:35,297 mf_v4_lr1e4_do01 INFO training
2026-06-24 02:28:45,765 mf_v4_lr1e4_do01 INFO Epoch: 13 / 50, Step: 29 / 87, Loss(batch): 0.0577140748500824
2026-06-24 02:28:56,206 mf_v4_lr1e4_do01 INFO Epoch: 13 / 50, Step: 59 / 87, Loss(batch): 0.04811088368296623
2026-06-24 02:29:05,592 mf_v4_lr1e4_do01 INFO epoch: 14
2026-06-24 02:29:05,594 mf_v4_lr1e4_do01 INFO training
2026-06-24 02:29:15,193 mf_v4_lr1e4_do01 INFO Epoch: 14 / 50, Step: 29 / 87, Loss(batch): 0.05712055042386055
2026-06-24 02:29:24,951 mf_v4_lr1e4_do01 INFO Epoch: 14 / 50, Step: 59 / 87, Loss(batch): 0.046237390488386154
2026-06-24 02:29:33,534 mf_v4_lr1e4_do01 INFO epoch: 15
2026-06-24 02:29:33,535 mf_v4_lr1e4_do01 INFO training
2026-06-24 02:29:43,624 mf_v4_lr1e4_do01 INFO Epoch: 15 / 50, Step: 29 / 87, Loss(batch): 0.04263509064912796
2026-06-24 02:29:53,597 mf_v4_lr1e4_do01 INFO Epoch: 15 / 50, Step: 59 / 87, Loss(batch): 0.05000793933868408
2026-06-24 02:30:02,547 mf_v4_lr1e4_do01 INFO validating
2026-06-24 02:30:05,197 mf_v4_lr1e4_do01 INFO Valid Step: 9 / 25, Loss(batch): 0.07662931084632874
2026-06-24 02:30:07,550 mf_v4_lr1e4_do01 INFO Valid Step: 19 / 25, Loss(batch): 0.06863661855459213
2026-06-24 02:34:09,013 mf_v4_lr1e4_do01 INFO ########valid metric###########
2026-06-24 02:34:09,014 mf_v4_lr1e4_do01 INFO epoch15, train_loss0.04802024916842066, valid_loss:0.06641465663909912
2026-06-24 02:34:09,014 mf_v4_lr1e4_do01 INFO threshold:0.04, f_score0.7249205824433297, auc0.9623014878575342, recall0.6409923994000865, precision0.8341382732385048, aupr0.7799838493009967
2026-06-24 02:34:09,014 mf_v4_lr1e4_do01 INFO Early stopping counter: 0/3 (best fscore: 0.7249)
2026-06-24 02:34:09,014 mf_v4_lr1e4_do01 INFO epoch: 16
2026-06-24 02:34:09,016 mf_v4_lr1e4_do01 INFO training
2026-06-24 02:34:18,948 mf_v4_lr1e4_do01 INFO Epoch: 16 / 50, Step: 29 / 87, Loss(batch): 0.03754739835858345
2026-06-24 02:34:28,501 mf_v4_lr1e4_do01 INFO Epoch: 16 / 50, Step: 59 / 87, Loss(batch): 0.04271780699491501
2026-06-24 02:34:36,843 mf_v4_lr1e4_do01 INFO epoch: 17
2026-06-24 02:34:36,844 mf_v4_lr1e4_do01 INFO training
2026-06-24 02:34:45,988 mf_v4_lr1e4_do01 INFO Epoch: 17 / 50, Step: 29 / 87, Loss(batch): 0.03923901915550232
2026-06-24 02:34:55,292 mf_v4_lr1e4_do01 INFO Epoch: 17 / 50, Step: 59 / 87, Loss(batch): 0.04615258052945137
2026-06-24 02:35:03,582 mf_v4_lr1e4_do01 INFO epoch: 18
2026-06-24 02:35:03,583 mf_v4_lr1e4_do01 INFO training
2026-06-24 02:35:12,799 mf_v4_lr1e4_do01 INFO Epoch: 18 / 50, Step: 29 / 87, Loss(batch): 0.0420408733189106
2026-06-24 02:35:22,254 mf_v4_lr1e4_do01 INFO Epoch: 18 / 50, Step: 59 / 87, Loss(batch): 0.03917573392391205
2026-06-24 02:35:31,718 mf_v4_lr1e4_do01 INFO epoch: 19
2026-06-24 02:35:31,719 mf_v4_lr1e4_do01 INFO training
2026-06-24 02:35:41,114 mf_v4_lr1e4_do01 INFO Epoch: 19 / 50, Step: 29 / 87, Loss(batch): 0.03869340941309929
2026-06-24 02:35:50,643 mf_v4_lr1e4_do01 INFO Epoch: 19 / 50, Step: 59 / 87, Loss(batch): 0.03818380460143089
2026-06-24 02:35:59,097 mf_v4_lr1e4_do01 INFO validating
2026-06-24 02:36:01,309 mf_v4_lr1e4_do01 INFO Valid Step: 9 / 25, Loss(batch): 0.06429973989725113
2026-06-24 02:36:03,522 mf_v4_lr1e4_do01 INFO Valid Step: 19 / 25, Loss(batch): 0.06212577968835831
2026-06-24 02:41:11,144 mf_v4_lr1e4_do01 INFO ########valid metric###########
2026-06-24 02:41:11,145 mf_v4_lr1e4_do01 INFO epoch19, train_loss0.03891711108300878, valid_loss:0.06873770475387574
2026-06-24 02:41:11,145 mf_v4_lr1e4_do01 INFO threshold:0.01, f_score0.7396924130453392, auc0.9612730800404352, recall0.6589898065532932, precision0.8429198504308243, aupr0.7896529880512723
2026-06-24 02:41:11,145 mf_v4_lr1e4_do01 INFO Early stopping counter: 0/3 (best fscore: 0.7397)
2026-06-24 02:41:11,145 mf_v4_lr1e4_do01 INFO epoch: 20
2026-06-24 02:41:11,147 mf_v4_lr1e4_do01 INFO training
2026-06-24 02:41:20,955 mf_v4_lr1e4_do01 INFO Epoch: 20 / 50, Step: 29 / 87, Loss(batch): 0.03540509566664696
2026-06-24 02:41:30,599 mf_v4_lr1e4_do01 INFO Epoch: 20 / 50, Step: 59 / 87, Loss(batch): 0.03495752438902855
2026-06-24 02:41:39,193 mf_v4_lr1e4_do01 INFO epoch: 21
2026-06-24 02:41:39,194 mf_v4_lr1e4_do01 INFO training
2026-06-24 02:41:48,676 mf_v4_lr1e4_do01 INFO Epoch: 21 / 50, Step: 29 / 87, Loss(batch): 0.03631804138422012
2026-06-24 02:41:58,186 mf_v4_lr1e4_do01 INFO Epoch: 21 / 50, Step: 59 / 87, Loss(batch): 0.03177777677774429
2026-06-24 02:42:06,554 mf_v4_lr1e4_do01 INFO epoch: 22
2026-06-24 02:42:06,555 mf_v4_lr1e4_do01 INFO training
2026-06-24 02:42:15,995 mf_v4_lr1e4_do01 INFO Epoch: 22 / 50, Step: 29 / 87, Loss(batch): 0.03380471467971802
2026-06-24 02:42:26,190 mf_v4_lr1e4_do01 INFO Epoch: 22 / 50, Step: 59 / 87, Loss(batch): 0.030338559299707413
2026-06-24 02:42:35,408 mf_v4_lr1e4_do01 INFO epoch: 23
2026-06-24 02:42:35,409 mf_v4_lr1e4_do01 INFO training
2026-06-24 02:42:44,844 mf_v4_lr1e4_do01 INFO Epoch: 23 / 50, Step: 29 / 87, Loss(batch): 0.032950084656476974
2026-06-24 02:42:54,323 mf_v4_lr1e4_do01 INFO Epoch: 23 / 50, Step: 59 / 87, Loss(batch): 0.029201455414295197
2026-06-24 02:43:02,742 mf_v4_lr1e4_do01 INFO validating
2026-06-24 02:43:05,001 mf_v4_lr1e4_do01 INFO Valid Step: 9 / 25, Loss(batch): 0.06166644021868706
2026-06-24 02:43:07,206 mf_v4_lr1e4_do01 INFO Valid Step: 19 / 25, Loss(batch): 0.06555405259132385
2026-06-24 02:48:15,485 mf_v4_lr1e4_do01 INFO ########valid metric###########
2026-06-24 02:48:15,486 mf_v4_lr1e4_do01 INFO epoch23, train_loss0.031589985471861114, valid_loss:0.07420036181807518
2026-06-24 02:48:15,486 mf_v4_lr1e4_do01 INFO threshold:0.01, f_score0.7405483824169448, auc0.9590245109074439, recall0.6487963598464628, precision0.8625257679699909, aupr0.7898209648217926
2026-06-24 02:48:15,486 mf_v4_lr1e4_do01 INFO Early stopping counter: 0/3 (best fscore: 0.7405)
2026-06-24 02:48:15,487 mf_v4_lr1e4_do01 INFO epoch: 24
2026-06-24 02:48:15,488 mf_v4_lr1e4_do01 INFO training
2026-06-24 02:48:26,364 mf_v4_lr1e4_do01 INFO Epoch: 24 / 50, Step: 29 / 87, Loss(batch): 0.03040652722120285
2026-06-24 02:48:36,386 mf_v4_lr1e4_do01 INFO Epoch: 24 / 50, Step: 59 / 87, Loss(batch): 0.03157003968954086
2026-06-24 02:48:45,466 mf_v4_lr1e4_do01 INFO epoch: 25
2026-06-24 02:48:45,467 mf_v4_lr1e4_do01 INFO training
2026-06-24 02:48:55,486 mf_v4_lr1e4_do01 INFO Epoch: 25 / 50, Step: 29 / 87, Loss(batch): 0.027421578764915466
2026-06-24 02:49:06,736 mf_v4_lr1e4_do01 INFO Epoch: 25 / 50, Step: 59 / 87, Loss(batch): 0.027046123519539833
2026-06-24 02:49:16,060 mf_v4_lr1e4_do01 INFO epoch: 26
2026-06-24 02:49:16,061 mf_v4_lr1e4_do01 INFO training
2026-06-24 02:49:25,967 mf_v4_lr1e4_do01 INFO Epoch: 26 / 50, Step: 29 / 87, Loss(batch): 0.024287467822432518
2026-06-24 02:49:36,460 mf_v4_lr1e4_do01 INFO Epoch: 26 / 50, Step: 59 / 87, Loss(batch): 0.024060368537902832
2026-06-24 02:49:46,241 mf_v4_lr1e4_do01 INFO epoch: 27
2026-06-24 02:49:46,243 mf_v4_lr1e4_do01 INFO training
2026-06-24 02:49:56,586 mf_v4_lr1e4_do01 INFO Epoch: 27 / 50, Step: 29 / 87, Loss(batch): 0.026157326996326447
2026-06-24 02:50:06,712 mf_v4_lr1e4_do01 INFO Epoch: 27 / 50, Step: 59 / 87, Loss(batch): 0.02475905232131481
2026-06-24 02:50:16,427 mf_v4_lr1e4_do01 INFO validating
2026-06-24 02:50:18,901 mf_v4_lr1e4_do01 INFO Valid Step: 9 / 25, Loss(batch): 0.07323739677667618
2026-06-24 02:50:21,229 mf_v4_lr1e4_do01 INFO Valid Step: 19 / 25, Loss(batch): 0.07903558760881424
2026-06-24 02:55:20,834 mf_v4_lr1e4_do01 INFO ########valid metric###########
2026-06-24 02:55:20,836 mf_v4_lr1e4_do01 INFO epoch27, train_loss0.025681237893543023, valid_loss:0.0784444697201252
2026-06-24 02:55:20,836 mf_v4_lr1e4_do01 INFO threshold:0.06, f_score0.7467975002120861, auc0.9573974852636404, recall0.6713185388545718, precision0.8413993054449295, aupr0.7909758046624368
2026-06-24 02:55:20,836 mf_v4_lr1e4_do01 INFO Early stopping counter: 0/3 (best fscore: 0.7468)
2026-06-24 02:55:20,836 mf_v4_lr1e4_do01 INFO epoch: 28
2026-06-24 02:55:20,838 mf_v4_lr1e4_do01 INFO training
2026-06-24 02:55:32,148 mf_v4_lr1e4_do01 INFO Epoch: 28 / 50, Step: 29 / 87, Loss(batch): 0.022074222564697266
2026-06-24 02:55:42,985 mf_v4_lr1e4_do01 INFO Epoch: 28 / 50, Step: 59 / 87, Loss(batch): 0.020921509712934494
2026-06-24 02:55:52,877 mf_v4_lr1e4_do01 INFO epoch: 29
2026-06-24 02:55:52,879 mf_v4_lr1e4_do01 INFO training
2026-06-24 02:56:03,146 mf_v4_lr1e4_do01 INFO Epoch: 29 / 50, Step: 29 / 87, Loss(batch): 0.024622304365038872
2026-06-24 02:56:13,992 mf_v4_lr1e4_do01 INFO Epoch: 29 / 50, Step: 59 / 87, Loss(batch): 0.026150735095143318
2026-06-24 02:56:23,634 mf_v4_lr1e4_do01 INFO epoch: 30
2026-06-24 02:56:23,636 mf_v4_lr1e4_do01 INFO training
2026-06-24 02:56:33,921 mf_v4_lr1e4_do01 INFO Epoch: 30 / 50, Step: 29 / 87, Loss(batch): 0.023566959425807
2026-06-24 02:56:44,398 mf_v4_lr1e4_do01 INFO Epoch: 30 / 50, Step: 59 / 87, Loss(batch): 0.02022012695670128
2026-06-24 02:56:56,154 mf_v4_lr1e4_do01 INFO epoch: 31
2026-06-24 02:56:56,155 mf_v4_lr1e4_do01 INFO training
2026-06-24 02:57:06,713 mf_v4_lr1e4_do01 INFO Epoch: 31 / 50, Step: 29 / 87, Loss(batch): 0.020720871165394783
2026-06-24 02:57:16,937 mf_v4_lr1e4_do01 INFO Epoch: 31 / 50, Step: 59 / 87, Loss(batch): 0.019830603152513504
2026-06-24 02:57:26,846 mf_v4_lr1e4_do01 INFO validating
2026-06-24 02:57:29,427 mf_v4_lr1e4_do01 INFO Valid Step: 9 / 25, Loss(batch): 0.07670611143112183
2026-06-24 02:57:32,049 mf_v4_lr1e4_do01 INFO Valid Step: 19 / 25, Loss(batch): 0.07052739709615707
2026-06-24 03:02:18,183 mf_v4_lr1e4_do01 INFO ########valid metric###########
2026-06-24 03:02:18,184 mf_v4_lr1e4_do01 INFO epoch31, train_loss0.020870396567658447, valid_loss:0.08457975015044213
2026-06-24 03:02:18,184 mf_v4_lr1e4_do01 INFO threshold:0.12, f_score0.7501189776322051, auc0.9574395764504856, recall0.6811306845623936, precision0.8346571971466841, aupr0.793306319983768
2026-06-24 03:02:18,185 mf_v4_lr1e4_do01 INFO Early stopping counter: 0/3 (best fscore: 0.7501)
2026-06-24 03:02:18,185 mf_v4_lr1e4_do01 INFO epoch: 32
2026-06-24 03:02:18,186 mf_v4_lr1e4_do01 INFO training
2026-06-24 03:02:28,974 mf_v4_lr1e4_do01 INFO Epoch: 32 / 50, Step: 29 / 87, Loss(batch): 0.01890598051249981
2026-06-24 03:02:39,656 mf_v4_lr1e4_do01 INFO Epoch: 32 / 50, Step: 59 / 87, Loss(batch): 0.02097146213054657
2026-06-24 03:02:48,780 mf_v4_lr1e4_do01 INFO epoch: 33
2026-06-24 03:02:48,782 mf_v4_lr1e4_do01 INFO training
2026-06-24 03:02:59,111 mf_v4_lr1e4_do01 INFO Epoch: 33 / 50, Step: 29 / 87, Loss(batch): 0.022185765206813812
2026-06-24 03:03:09,658 mf_v4_lr1e4_do01 INFO Epoch: 33 / 50, Step: 59 / 87, Loss(batch): 0.01837836019694805
2026-06-24 03:03:19,539 mf_v4_lr1e4_do01 INFO epoch: 34
2026-06-24 03:03:19,541 mf_v4_lr1e4_do01 INFO training
2026-06-24 03:03:29,679 mf_v4_lr1e4_do01 INFO Epoch: 34 / 50, Step: 29 / 87, Loss(batch): 0.018006186932325363
2026-06-24 03:03:39,996 mf_v4_lr1e4_do01 INFO Epoch: 34 / 50, Step: 59 / 87, Loss(batch): 0.014979537576436996
2026-06-24 03:03:49,008 mf_v4_lr1e4_do01 INFO epoch: 35
2026-06-24 03:03:49,010 mf_v4_lr1e4_do01 INFO training
2026-06-24 03:03:59,380 mf_v4_lr1e4_do01 INFO Epoch: 35 / 50, Step: 29 / 87, Loss(batch): 0.021410048007965088
2026-06-24 03:04:09,458 mf_v4_lr1e4_do01 INFO Epoch: 35 / 50, Step: 59 / 87, Loss(batch): 0.013103296980261803
2026-06-24 03:04:18,475 mf_v4_lr1e4_do01 INFO validating
2026-06-24 03:04:20,793 mf_v4_lr1e4_do01 INFO Valid Step: 9 / 25, Loss(batch): 0.08088730275630951
2026-06-24 03:04:23,177 mf_v4_lr1e4_do01 INFO Valid Step: 19 / 25, Loss(batch): 0.0903080478310585
2026-06-24 03:08:49,544 mf_v4_lr1e4_do01 INFO ########valid metric###########
2026-06-24 03:08:49,545 mf_v4_lr1e4_do01 INFO epoch35, train_loss0.01770997986240291, valid_loss:0.09108267277479172
2026-06-24 03:08:49,545 mf_v4_lr1e4_do01 INFO threshold:0.08, f_score0.7485042584641374, auc0.9555033678636125, recall0.6757924705762729, precision0.8387493690055527, aupr0.7896686369749151
2026-06-24 03:08:49,545 mf_v4_lr1e4_do01 INFO Early stopping counter: 1/3 (best fscore: 0.7501)
2026-06-24 03:08:49,545 mf_v4_lr1e4_do01 INFO epoch: 36
2026-06-24 03:08:49,546 mf_v4_lr1e4_do01 INFO training
2026-06-24 03:09:00,315 mf_v4_lr1e4_do01 INFO Epoch: 36 / 50, Step: 29 / 87, Loss(batch): 0.015113785862922668
2026-06-24 03:09:11,622 mf_v4_lr1e4_do01 INFO Epoch: 36 / 50, Step: 59 / 87, Loss(batch): 0.01841610297560692
2026-06-24 03:09:21,655 mf_v4_lr1e4_do01 INFO epoch: 37
2026-06-24 03:09:21,656 mf_v4_lr1e4_do01 INFO training
2026-06-24 03:09:32,924 mf_v4_lr1e4_do01 INFO Epoch: 37 / 50, Step: 29 / 87, Loss(batch): 0.0164815541356802
2026-06-24 03:09:44,261 mf_v4_lr1e4_do01 INFO Epoch: 37 / 50, Step: 59 / 87, Loss(batch): 0.019162617623806
2026-06-24 03:09:54,344 mf_v4_lr1e4_do01 INFO epoch: 38
2026-06-24 03:09:54,346 mf_v4_lr1e4_do01 INFO training
2026-06-24 03:10:05,797 mf_v4_lr1e4_do01 INFO Epoch: 38 / 50, Step: 29 / 87, Loss(batch): 0.01685720682144165
2026-06-24 03:10:17,109 mf_v4_lr1e4_do01 INFO Epoch: 38 / 50, Step: 59 / 87, Loss(batch): 0.015666326507925987
2026-06-24 03:10:27,354 mf_v4_lr1e4_do01 INFO epoch: 39
2026-06-24 03:10:27,355 mf_v4_lr1e4_do01 INFO training
2026-06-24 03:10:38,530 mf_v4_lr1e4_do01 INFO Epoch: 39 / 50, Step: 29 / 87, Loss(batch): 0.013806386850774288
2026-06-24 03:10:49,563 mf_v4_lr1e4_do01 INFO Epoch: 39 / 50, Step: 59 / 87, Loss(batch): 0.016173813492059708
2026-06-24 03:10:59,595 mf_v4_lr1e4_do01 INFO validating
2026-06-24 03:11:02,180 mf_v4_lr1e4_do01 INFO Valid Step: 9 / 25, Loss(batch): 0.08638276904821396
2026-06-24 03:11:04,949 mf_v4_lr1e4_do01 INFO Valid Step: 19 / 25, Loss(batch): 0.07899514585733414
2026-06-24 03:15:38,027 mf_v4_lr1e4_do01 INFO ########valid metric###########
2026-06-24 03:15:38,029 mf_v4_lr1e4_do01 INFO epoch39, train_loss0.015491240882668001, valid_loss:0.09394110590219498
2026-06-24 03:15:38,029 mf_v4_lr1e4_do01 INFO threshold:0.35, f_score0.7503341916782754, auc0.9557015262306023, recall0.6777498157045172, precision0.8403303076147252, aupr0.7910001946278538
2026-06-24 03:15:38,029 mf_v4_lr1e4_do01 INFO Early stopping counter: 0/3 (best fscore: 0.7503)
2026-06-24 03:15:38,029 mf_v4_lr1e4_do01 INFO epoch: 40
2026-06-24 03:15:38,031 mf_v4_lr1e4_do01 INFO training
2026-06-24 03:15:48,681 mf_v4_lr1e4_do01 INFO Epoch: 40 / 50, Step: 29 / 87, Loss(batch): 0.014137673191726208
2026-06-24 03:15:59,284 mf_v4_lr1e4_do01 INFO Epoch: 40 / 50, Step: 59 / 87, Loss(batch): 0.014210360124707222
2026-06-24 03:16:08,376 mf_v4_lr1e4_do01 INFO epoch: 41
2026-06-24 03:16:08,377 mf_v4_lr1e4_do01 INFO training
2026-06-24 03:16:18,727 mf_v4_lr1e4_do01 INFO Epoch: 41 / 50, Step: 29 / 87, Loss(batch): 0.01170876994729042
2026-06-24 03:16:28,946 mf_v4_lr1e4_do01 INFO Epoch: 41 / 50, Step: 59 / 87, Loss(batch): 0.015823660418391228
2026-06-24 03:16:38,404 mf_v4_lr1e4_do01 INFO epoch: 42
2026-06-24 03:16:38,406 mf_v4_lr1e4_do01 INFO training
2026-06-24 03:16:48,584 mf_v4_lr1e4_do01 INFO Epoch: 42 / 50, Step: 29 / 87, Loss(batch): 0.011423438787460327
2026-06-24 03:16:59,483 mf_v4_lr1e4_do01 INFO Epoch: 42 / 50, Step: 59 / 87, Loss(batch): 0.017346257343888283
2026-06-24 03:17:08,667 mf_v4_lr1e4_do01 INFO epoch: 43
2026-06-24 03:17:08,669 mf_v4_lr1e4_do01 INFO training
2026-06-24 03:17:18,987 mf_v4_lr1e4_do01 INFO Epoch: 43 / 50, Step: 29 / 87, Loss(batch): 0.01610756851732731
2026-06-24 03:17:29,259 mf_v4_lr1e4_do01 INFO Epoch: 43 / 50, Step: 59 / 87, Loss(batch): 0.014649150893092155
2026-06-24 03:17:38,293 mf_v4_lr1e4_do01 INFO validating
2026-06-24 03:17:40,807 mf_v4_lr1e4_do01 INFO Valid Step: 9 / 25, Loss(batch): 0.07021985948085785
2026-06-24 03:17:43,224 mf_v4_lr1e4_do01 INFO Valid Step: 19 / 25, Loss(batch): 0.08033783733844757
2026-06-24 03:21:56,360 mf_v4_lr1e4_do01 INFO ########valid metric###########
2026-06-24 03:21:56,360 mf_v4_lr1e4_do01 INFO epoch43, train_loss0.014379554984812764, valid_loss:0.09694468468427658
2026-06-24 03:21:56,360 mf_v4_lr1e4_do01 INFO threshold:0.08, f_score0.7498258422269902, auc0.9550957392535819, recall0.684028572154859, precision0.8296284877447202, aupr0.7901750254298796
2026-06-24 03:21:56,360 mf_v4_lr1e4_do01 INFO Early stopping counter: 1/3 (best fscore: 0.7503)
2026-06-24 03:21:56,360 mf_v4_lr1e4_do01 INFO epoch: 44
2026-06-24 03:21:56,362 mf_v4_lr1e4_do01 INFO training
2026-06-24 03:22:06,743 mf_v4_lr1e4_do01 INFO Epoch: 44 / 50, Step: 29 / 87, Loss(batch): 0.011568041518330574
2026-06-24 03:22:16,794 mf_v4_lr1e4_do01 INFO Epoch: 44 / 50, Step: 59 / 87, Loss(batch): 0.016716716811060905
2026-06-24 03:22:25,926 mf_v4_lr1e4_do01 INFO epoch: 45
2026-06-24 03:22:25,927 mf_v4_lr1e4_do01 INFO training
2026-06-24 03:22:35,893 mf_v4_lr1e4_do01 INFO Epoch: 45 / 50, Step: 29 / 87, Loss(batch): 0.015942338854074478
2026-06-24 03:22:45,974 mf_v4_lr1e4_do01 INFO Epoch: 45 / 50, Step: 59 / 87, Loss(batch): 0.012929474003612995
2026-06-24 03:22:55,256 mf_v4_lr1e4_do01 INFO epoch: 46
2026-06-24 03:22:55,258 mf_v4_lr1e4_do01 INFO training
2026-06-24 03:23:05,321 mf_v4_lr1e4_do01 INFO Epoch: 46 / 50, Step: 29 / 87, Loss(batch): 0.015098216943442822
2026-06-24 03:23:15,720 mf_v4_lr1e4_do01 INFO Epoch: 46 / 50, Step: 59 / 87, Loss(batch): 0.011355343274772167
2026-06-24 03:23:25,044 mf_v4_lr1e4_do01 INFO epoch: 47
2026-06-24 03:23:25,046 mf_v4_lr1e4_do01 INFO training
2026-06-24 03:23:35,809 mf_v4_lr1e4_do01 INFO Epoch: 47 / 50, Step: 29 / 87, Loss(batch): 0.012011324055492878
2026-06-24 03:23:46,115 mf_v4_lr1e4_do01 INFO Epoch: 47 / 50, Step: 59 / 87, Loss(batch): 0.013675094582140446
2026-06-24 03:23:55,230 mf_v4_lr1e4_do01 INFO validating
2026-06-24 03:23:57,583 mf_v4_lr1e4_do01 INFO Valid Step: 9 / 25, Loss(batch): 0.10797586292028427
2026-06-24 03:23:59,879 mf_v4_lr1e4_do01 INFO Valid Step: 19 / 25, Loss(batch): 0.09781351685523987
2026-06-24 03:28:20,582 mf_v4_lr1e4_do01 INFO ########valid metric###########
2026-06-24 03:28:20,582 mf_v4_lr1e4_do01 INFO epoch47, train_loss0.013894479240066019, valid_loss:0.09723657965660096
2026-06-24 03:28:20,582 mf_v4_lr1e4_do01 INFO threshold:0.25, f_score0.7498492560963639, auc0.9549326497172509, recall0.6796563206995603, precision0.8362106711703259, aupr0.7901387260145349
2026-06-24 03:28:20,582 mf_v4_lr1e4_do01 INFO Early stopping counter: 2/3 (best fscore: 0.7503)
2026-06-24 03:28:20,582 mf_v4_lr1e4_do01 INFO epoch: 48
2026-06-24 03:28:20,583 mf_v4_lr1e4_do01 INFO training
2026-06-24 03:28:31,881 mf_v4_lr1e4_do01 INFO Epoch: 48 / 50, Step: 29 / 87, Loss(batch): 0.016545472666621208
2026-06-24 03:28:42,933 mf_v4_lr1e4_do01 INFO Epoch: 48 / 50, Step: 59 / 87, Loss(batch): 0.014942050911486149
2026-06-24 03:28:52,830 mf_v4_lr1e4_do01 INFO epoch: 49
2026-06-24 03:28:52,831 mf_v4_lr1e4_do01 INFO training
2026-06-24 03:29:03,720 mf_v4_lr1e4_do01 INFO Epoch: 49 / 50, Step: 29 / 87, Loss(batch): 0.013970114290714264
2026-06-24 03:29:17,161 mf_v4_lr1e4_do01 INFO Epoch: 49 / 50, Step: 59 / 87, Loss(batch): 0.015202042646706104
2026-06-24 03:29:26,346 mf_v4_lr1e4_do01 INFO best_fscore: 0.7503341916782754
2026-06-24 03:29:26,347 mf_v4_lr1e4_do01 INFO best_scores[thresh,fmax,recall,precision,auc]: [0.35, 0.7503341916782754, 0.6777498157045172, 0.8403303076147252, 0.9557015262306023]
2026-06-24 03:29:26,347 mf_v4_lr1e4_do01 INFO best_aupr: 0.7910001946278538
2026-06-24 03:29:26,347 mf_v4_lr1e4_do01 INFO best_score_dict: {0.01: [0.7496105113675532, 0.6910445105366176, 0.8190226560617017, 0.9557015262306023], 0.04: [0.749651161184256, 0.6896718269401866, 0.8210567727877981, 0.9557015262306023], 0.14: [0.7497289332480748, 0.6855029360176924, 0.8272339642320317, 0.9557015262306023], 0.15: [0.7497531602441976, 0.6852487353516866, 0.8276634940128953, 0.9557015262306023], 0.16: [0.7498051875765335, 0.684867434352678, 0.8283474250576479, 0.9557015262306023], 0.17: [0.7498190120844239, 0.6845369734868705, 0.8288651543599372, 0.9557015262306023], 0.18: [0.7498328131966117, 0.6840539922214596, 0.8296081635169713, 0.9557015262306023], 0.19: [0.7499651451356552, 0.6836981112890516, 0.8304566647111495, 0.9557015262306023], 0.22: [0.7501047632350887, 0.6825287882254252, 0.8325323245790828, 0.9557015262306023], 0.28: [0.7501086727897357, 0.679910521365566, 0.8364711033274956, 0.9557015262306023], 0.29: [0.750119244690104, 0.679605480566359, 0.8369595842594622, 0.9557015262306023], 0.3: [0.7501964967437682, 0.6793512799003534, 0.8375379986837569, 0.9557015262306023], 0.34: [0.7502074455367566, 0.6779785963039223, 0.83966125173152, 0.9557015262306023], 0.35: [0.7503341916782754, 0.6777498157045172, 0.8403303076147252, 0.9557015262306023]}
