2026-06-23 14:14:19,387 mf_v4_lr1e4_do03 INFO #########mf###########
2026-06-23 14:14:19,387 mf_v4_lr1e4_do03 INFO ########start training###########
2026-06-23 14:14:19,387 mf_v4_lr1e4_do03 INFO epoch: 0
2026-06-23 14:14:19,388 mf_v4_lr1e4_do03 INFO training
2026-06-23 14:14:30,296 mf_v4_lr1e4_do03 INFO Epoch: 0 / 20, Step: 29 / 87, Loss(batch): 0.53008633852005
2026-06-23 14:14:41,969 mf_v4_lr1e4_do03 INFO Epoch: 0 / 20, Step: 59 / 87, Loss(batch): 0.13628561794757843
2026-06-23 14:14:52,297 mf_v4_lr1e4_do03 INFO epoch: 1
2026-06-23 14:14:52,298 mf_v4_lr1e4_do03 INFO training
2026-06-23 14:15:03,335 mf_v4_lr1e4_do03 INFO Epoch: 1 / 20, Step: 29 / 87, Loss(batch): 0.13015249371528625
2026-06-23 14:15:13,627 mf_v4_lr1e4_do03 INFO Epoch: 1 / 20, Step: 59 / 87, Loss(batch): 0.12572477757930756
2026-06-23 14:15:22,734 mf_v4_lr1e4_do03 INFO epoch: 2
2026-06-23 14:15:22,736 mf_v4_lr1e4_do03 INFO training
2026-06-23 14:15:32,824 mf_v4_lr1e4_do03 INFO Epoch: 2 / 20, Step: 29 / 87, Loss(batch): 0.11962377279996872
2026-06-23 14:15:43,083 mf_v4_lr1e4_do03 INFO Epoch: 2 / 20, Step: 59 / 87, Loss(batch): 0.1048579066991806
2026-06-23 14:15:52,190 mf_v4_lr1e4_do03 INFO epoch: 3
2026-06-23 14:15:52,191 mf_v4_lr1e4_do03 INFO training
2026-06-23 14:16:02,671 mf_v4_lr1e4_do03 INFO Epoch: 3 / 20, Step: 29 / 87, Loss(batch): 0.11413682997226715
2026-06-23 14:16:12,748 mf_v4_lr1e4_do03 INFO Epoch: 3 / 20, Step: 59 / 87, Loss(batch): 0.12607291340827942
2026-06-23 14:16:21,817 mf_v4_lr1e4_do03 INFO validating
2026-06-23 14:16:24,215 mf_v4_lr1e4_do03 INFO Valid Step: 9 / 25, Loss(batch): 0.10708760470151901
2026-06-23 14:16:26,665 mf_v4_lr1e4_do03 INFO Valid Step: 19 / 25, Loss(batch): 0.11592789739370346
2026-06-23 14:20:23,902 mf_v4_lr1e4_do03 INFO ########valid metric###########
2026-06-23 14:20:23,903 mf_v4_lr1e4_do03 INFO epoch3, train_loss0.11727685447054348, valid_loss:0.11232930660247803
2026-06-23 14:20:23,903 mf_v4_lr1e4_do03 INFO threshold:0.01, f_score0.3756627623329234, auc0.868049544641774, recall0.23683876051755257, precision0.9077357755261107, aupr0.49932405697895965
2026-06-23 14:20:23,903 mf_v4_lr1e4_do03 INFO epoch: 4
2026-06-23 14:20:23,904 mf_v4_lr1e4_do03 INFO training
2026-06-23 14:20:34,111 mf_v4_lr1e4_do03 INFO Epoch: 4 / 20, Step: 29 / 87, Loss(batch): 0.09790024906396866
2026-06-23 14:20:43,864 mf_v4_lr1e4_do03 INFO Epoch: 4 / 20, Step: 59 / 87, Loss(batch): 0.08708927780389786
2026-06-23 14:20:52,280 mf_v4_lr1e4_do03 INFO epoch: 5
2026-06-23 14:20:52,281 mf_v4_lr1e4_do03 INFO training
2026-06-23 14:21:01,523 mf_v4_lr1e4_do03 INFO Epoch: 5 / 20, Step: 29 / 87, Loss(batch): 0.08779309689998627
2026-06-23 14:21:10,862 mf_v4_lr1e4_do03 INFO Epoch: 5 / 20, Step: 59 / 87, Loss(batch): 0.08800996094942093
2026-06-23 14:21:19,690 mf_v4_lr1e4_do03 INFO epoch: 6
2026-06-23 14:21:19,692 mf_v4_lr1e4_do03 INFO training
2026-06-23 14:21:29,793 mf_v4_lr1e4_do03 INFO Epoch: 6 / 20, Step: 29 / 87, Loss(batch): 0.07527833431959152
2026-06-23 14:21:40,029 mf_v4_lr1e4_do03 INFO Epoch: 6 / 20, Step: 59 / 87, Loss(batch): 0.07914020866155624
2026-06-23 14:21:49,014 mf_v4_lr1e4_do03 INFO epoch: 7
2026-06-23 14:21:49,016 mf_v4_lr1e4_do03 INFO training
2026-06-23 14:21:59,040 mf_v4_lr1e4_do03 INFO Epoch: 7 / 20, Step: 29 / 87, Loss(batch): 0.07762232422828674
2026-06-23 14:22:09,106 mf_v4_lr1e4_do03 INFO Epoch: 7 / 20, Step: 59 / 87, Loss(batch): 0.08572907000780106
2026-06-23 14:22:18,252 mf_v4_lr1e4_do03 INFO validating
2026-06-23 14:22:20,719 mf_v4_lr1e4_do03 INFO Valid Step: 9 / 25, Loss(batch): 0.07579543441534042
2026-06-23 14:22:23,201 mf_v4_lr1e4_do03 INFO Valid Step: 19 / 25, Loss(batch): 0.08467349410057068
2026-06-23 14:26:24,695 mf_v4_lr1e4_do03 INFO ########valid metric###########
2026-06-23 14:26:24,696 mf_v4_lr1e4_do03 INFO epoch7, train_loss0.07936711729257956, valid_loss:0.07959366768598557
2026-06-23 14:26:24,697 mf_v4_lr1e4_do03 INFO threshold:0.01, f_score0.6097734061690294, auc0.9448414680175975, recall0.4696103103790132, precision0.8692010915592359, aupr0.6887578204648991
2026-06-23 14:26:24,697 mf_v4_lr1e4_do03 INFO epoch: 8
2026-06-23 14:26:24,698 mf_v4_lr1e4_do03 INFO training
2026-06-23 14:26:36,026 mf_v4_lr1e4_do03 INFO Epoch: 8 / 20, Step: 29 / 87, Loss(batch): 0.07749783247709274
2026-06-23 14:26:47,179 mf_v4_lr1e4_do03 INFO Epoch: 8 / 20, Step: 59 / 87, Loss(batch): 0.0773162916302681
2026-06-23 14:26:56,055 mf_v4_lr1e4_do03 INFO epoch: 9
2026-06-23 14:26:56,056 mf_v4_lr1e4_do03 INFO training
2026-06-23 14:27:06,034 mf_v4_lr1e4_do03 INFO Epoch: 9 / 20, Step: 29 / 87, Loss(batch): 0.06941187381744385
2026-06-23 14:27:15,711 mf_v4_lr1e4_do03 INFO Epoch: 9 / 20, Step: 59 / 87, Loss(batch): 0.07387835532426834
2026-06-23 14:27:24,286 mf_v4_lr1e4_do03 INFO epoch: 10
2026-06-23 14:27:24,287 mf_v4_lr1e4_do03 INFO training
2026-06-23 14:27:34,266 mf_v4_lr1e4_do03 INFO Epoch: 10 / 20, Step: 29 / 87, Loss(batch): 0.06866167485713959
2026-06-23 14:27:44,352 mf_v4_lr1e4_do03 INFO Epoch: 10 / 20, Step: 59 / 87, Loss(batch): 0.07347916066646576
2026-06-23 14:27:53,491 mf_v4_lr1e4_do03 INFO epoch: 11
2026-06-23 14:27:53,493 mf_v4_lr1e4_do03 INFO training
2026-06-23 14:28:03,376 mf_v4_lr1e4_do03 INFO Epoch: 11 / 20, Step: 29 / 87, Loss(batch): 0.056740473955869675
2026-06-23 14:28:13,346 mf_v4_lr1e4_do03 INFO Epoch: 11 / 20, Step: 59 / 87, Loss(batch): 0.06242360919713974
2026-06-23 14:28:22,279 mf_v4_lr1e4_do03 INFO validating
2026-06-23 14:28:24,592 mf_v4_lr1e4_do03 INFO Valid Step: 9 / 25, Loss(batch): 0.06445588916540146
2026-06-23 14:28:26,992 mf_v4_lr1e4_do03 INFO Valid Step: 19 / 25, Loss(batch): 0.061988189816474915
2026-06-23 14:32:36,635 mf_v4_lr1e4_do03 INFO ########valid metric###########
2026-06-23 14:32:36,636 mf_v4_lr1e4_do03 INFO epoch11, train_loss0.06486370153296953, valid_loss:0.07192371353507042
2026-06-23 14:32:36,636 mf_v4_lr1e4_do03 INFO threshold:0.01, f_score0.6812817762022483, auc0.9551026195382746, recall0.5569282391519865, precision0.8771318760509248, aupr0.7411577508148471
2026-06-23 14:32:36,637 mf_v4_lr1e4_do03 INFO epoch: 12
2026-06-23 14:32:36,638 mf_v4_lr1e4_do03 INFO training
2026-06-23 14:32:46,575 mf_v4_lr1e4_do03 INFO Epoch: 12 / 20, Step: 29 / 87, Loss(batch): 0.0532006099820137
2026-06-23 14:32:56,263 mf_v4_lr1e4_do03 INFO Epoch: 12 / 20, Step: 59 / 87, Loss(batch): 0.0637531504034996
2026-06-23 14:33:05,961 mf_v4_lr1e4_do03 INFO epoch: 13
2026-06-23 14:33:05,962 mf_v4_lr1e4_do03 INFO training
2026-06-23 14:33:16,348 mf_v4_lr1e4_do03 INFO Epoch: 13 / 20, Step: 29 / 87, Loss(batch): 0.06250020116567612
2026-06-23 14:33:26,068 mf_v4_lr1e4_do03 INFO Epoch: 13 / 20, Step: 59 / 87, Loss(batch): 0.0565299391746521
2026-06-23 14:33:34,480 mf_v4_lr1e4_do03 INFO epoch: 14
2026-06-23 14:33:34,481 mf_v4_lr1e4_do03 INFO training
2026-06-23 14:33:44,175 mf_v4_lr1e4_do03 INFO Epoch: 14 / 20, Step: 29 / 87, Loss(batch): 0.0637025237083435
2026-06-23 14:33:54,235 mf_v4_lr1e4_do03 INFO Epoch: 14 / 20, Step: 59 / 87, Loss(batch): 0.055294740945100784
2026-06-23 14:34:03,401 mf_v4_lr1e4_do03 INFO epoch: 15
2026-06-23 14:34:03,403 mf_v4_lr1e4_do03 INFO training
2026-06-23 14:34:13,609 mf_v4_lr1e4_do03 INFO Epoch: 15 / 20, Step: 29 / 87, Loss(batch): 0.06195703148841858
2026-06-23 14:34:23,564 mf_v4_lr1e4_do03 INFO Epoch: 15 / 20, Step: 59 / 87, Loss(batch): 0.056806135922670364
2026-06-23 14:34:32,472 mf_v4_lr1e4_do03 INFO validating
2026-06-23 14:34:35,025 mf_v4_lr1e4_do03 INFO Valid Step: 9 / 25, Loss(batch): 0.06613794714212418
2026-06-23 14:34:37,624 mf_v4_lr1e4_do03 INFO Valid Step: 19 / 25, Loss(batch): 0.07357154786586761
2026-06-23 14:38:35,355 mf_v4_lr1e4_do03 INFO ########valid metric###########
2026-06-23 14:38:35,356 mf_v4_lr1e4_do03 INFO epoch15, train_loss0.05546825845864998, valid_loss:0.06926704242825509
2026-06-23 14:38:35,356 mf_v4_lr1e4_do03 INFO threshold:0.01, f_score0.6995737577871174, auc0.958085357980647, recall0.5966089631154834, precision0.8454915522893476, aupr0.7566117750109369
2026-06-23 14:38:35,356 mf_v4_lr1e4_do03 INFO epoch: 16
2026-06-23 14:38:35,357 mf_v4_lr1e4_do03 INFO training
2026-06-23 14:38:45,296 mf_v4_lr1e4_do03 INFO Epoch: 16 / 20, Step: 29 / 87, Loss(batch): 0.056599169969558716
2026-06-23 14:38:55,146 mf_v4_lr1e4_do03 INFO Epoch: 16 / 20, Step: 59 / 87, Loss(batch): 0.05387098342180252
2026-06-23 14:39:04,375 mf_v4_lr1e4_do03 INFO epoch: 17
2026-06-23 14:39:04,376 mf_v4_lr1e4_do03 INFO training
2026-06-23 14:39:14,368 mf_v4_lr1e4_do03 INFO Epoch: 17 / 20, Step: 29 / 87, Loss(batch): 0.04554809629917145
2026-06-23 14:39:24,414 mf_v4_lr1e4_do03 INFO Epoch: 17 / 20, Step: 59 / 87, Loss(batch): 0.04857759550213814
2026-06-23 14:39:33,334 mf_v4_lr1e4_do03 INFO epoch: 18
2026-06-23 14:39:33,336 mf_v4_lr1e4_do03 INFO training
2026-06-23 14:39:42,751 mf_v4_lr1e4_do03 INFO Epoch: 18 / 20, Step: 29 / 87, Loss(batch): 0.057263828814029694
2026-06-23 14:39:52,067 mf_v4_lr1e4_do03 INFO Epoch: 18 / 20, Step: 59 / 87, Loss(batch): 0.056981269270181656
2026-06-23 14:40:00,476 mf_v4_lr1e4_do03 INFO epoch: 19
2026-06-23 14:40:00,477 mf_v4_lr1e4_do03 INFO training
2026-06-23 14:40:10,459 mf_v4_lr1e4_do03 INFO Epoch: 19 / 20, Step: 29 / 87, Loss(batch): 0.05071981996297836
2026-06-23 14:40:20,590 mf_v4_lr1e4_do03 INFO Epoch: 19 / 20, Step: 59 / 87, Loss(batch): 0.054090384393930435
2026-06-23 14:40:29,612 mf_v4_lr1e4_do03 INFO validating
2026-06-23 14:40:31,968 mf_v4_lr1e4_do03 INFO Valid Step: 9 / 25, Loss(batch): 0.06047425419092178
2026-06-23 14:40:34,350 mf_v4_lr1e4_do03 INFO Valid Step: 19 / 25, Loss(batch): 0.08090996742248535
2026-06-23 14:44:31,909 mf_v4_lr1e4_do03 INFO ########valid metric###########
2026-06-23 14:44:31,909 mf_v4_lr1e4_do03 INFO epoch19, train_loss0.052420267128738866, valid_loss:0.06946010440587998
2026-06-23 14:44:31,910 mf_v4_lr1e4_do03 INFO threshold:0.01, f_score0.701601383354635, auc0.9577145239254028, recall0.5930501537914029, precision0.8587940808363396, aupr0.7592013366850825
2026-06-23 14:44:31,910 mf_v4_lr1e4_do03 INFO best_fscore: 0.701601383354635
2026-06-23 14:44:31,910 mf_v4_lr1e4_do03 INFO best_scores[thresh,fmax,recall,precision,auc]: [0.01, 0.701601383354635, 0.5930501537914029, 0.8587940808363396, 0.9577145239254028]
2026-06-23 14:44:31,910 mf_v4_lr1e4_do03 INFO best_aupr: 0.7592013366850825
2026-06-23 14:44:31,910 mf_v4_lr1e4_do03 INFO best_score_dict: {0.01: [0.701601383354635, 0.5930501537914029, 0.8587940808363396, 0.9577145239254028]}
