2026-06-23 12:25:38,683 bp_v4_lr1e4_do03 INFO #########bp###########
2026-06-23 12:25:38,683 bp_v4_lr1e4_do03 INFO ########start training###########
2026-06-23 12:25:38,683 bp_v4_lr1e4_do03 INFO epoch: 0
2026-06-23 12:25:38,684 bp_v4_lr1e4_do03 INFO training
2026-06-23 12:25:50,623 bp_v4_lr1e4_do03 INFO Epoch: 0 / 20, Step: 29 / 82, Loss(batch): 0.5945661067962646
2026-06-23 12:26:02,389 bp_v4_lr1e4_do03 INFO Epoch: 0 / 20, Step: 59 / 82, Loss(batch): 0.2185710221529007
2026-06-23 12:26:10,682 bp_v4_lr1e4_do03 INFO epoch: 1
2026-06-23 12:26:10,684 bp_v4_lr1e4_do03 INFO training
2026-06-23 12:26:21,851 bp_v4_lr1e4_do03 INFO Epoch: 1 / 20, Step: 29 / 82, Loss(batch): 0.20169022679328918
2026-06-23 12:26:32,143 bp_v4_lr1e4_do03 INFO Epoch: 1 / 20, Step: 59 / 82, Loss(batch): 0.19931095838546753
2026-06-23 12:26:39,734 bp_v4_lr1e4_do03 INFO epoch: 2
2026-06-23 12:26:39,736 bp_v4_lr1e4_do03 INFO training
2026-06-23 12:26:50,072 bp_v4_lr1e4_do03 INFO Epoch: 2 / 20, Step: 29 / 82, Loss(batch): 0.18276306986808777
2026-06-23 12:27:00,232 bp_v4_lr1e4_do03 INFO Epoch: 2 / 20, Step: 59 / 82, Loss(batch): 0.211708664894104
2026-06-23 12:27:07,659 bp_v4_lr1e4_do03 INFO epoch: 3
2026-06-23 12:27:07,661 bp_v4_lr1e4_do03 INFO training
2026-06-23 12:27:17,549 bp_v4_lr1e4_do03 INFO Epoch: 3 / 20, Step: 29 / 82, Loss(batch): 0.18410846590995789
2026-06-23 12:27:27,629 bp_v4_lr1e4_do03 INFO Epoch: 3 / 20, Step: 59 / 82, Loss(batch): 0.1881050169467926
2026-06-23 12:27:34,934 bp_v4_lr1e4_do03 INFO validating
2026-06-23 12:27:37,128 bp_v4_lr1e4_do03 INFO Valid Step: 9 / 24, Loss(batch): 0.1792585551738739
2026-06-23 12:27:39,326 bp_v4_lr1e4_do03 INFO Valid Step: 19 / 24, Loss(batch): 0.20236673951148987
2026-06-23 12:34:48,481 bp_v4_lr1e4_do03 INFO ########valid metric###########
2026-06-23 12:34:48,482 bp_v4_lr1e4_do03 INFO epoch3, train_loss0.19035387184561753, valid_loss:0.18739611220856509
2026-06-23 12:34:48,482 bp_v4_lr1e4_do03 INFO threshold:0.49, f_score0.18345140896527623, auc0.7859110635936087, recall0.10409380971265818, precision0.7719919786096257, aupr0.3281992873600773
2026-06-23 12:34:48,482 bp_v4_lr1e4_do03 INFO epoch: 4
2026-06-23 12:34:48,483 bp_v4_lr1e4_do03 INFO training
2026-06-23 12:34:58,606 bp_v4_lr1e4_do03 INFO Epoch: 4 / 20, Step: 29 / 82, Loss(batch): 0.1966053694486618
2026-06-23 12:35:09,576 bp_v4_lr1e4_do03 INFO Epoch: 4 / 20, Step: 59 / 82, Loss(batch): 0.17523477971553802
2026-06-23 12:35:17,700 bp_v4_lr1e4_do03 INFO epoch: 5
2026-06-23 12:35:17,701 bp_v4_lr1e4_do03 INFO training
2026-06-23 12:35:27,918 bp_v4_lr1e4_do03 INFO Epoch: 5 / 20, Step: 29 / 82, Loss(batch): 0.18531948328018188
2026-06-23 12:35:37,980 bp_v4_lr1e4_do03 INFO Epoch: 5 / 20, Step: 59 / 82, Loss(batch): 0.19704194366931915
2026-06-23 12:35:45,494 bp_v4_lr1e4_do03 INFO epoch: 6
2026-06-23 12:35:45,496 bp_v4_lr1e4_do03 INFO training
2026-06-23 12:35:55,766 bp_v4_lr1e4_do03 INFO Epoch: 6 / 20, Step: 29 / 82, Loss(batch): 0.19466735422611237
2026-06-23 12:36:06,111 bp_v4_lr1e4_do03 INFO Epoch: 6 / 20, Step: 59 / 82, Loss(batch): 0.17099635303020477
2026-06-23 12:36:13,491 bp_v4_lr1e4_do03 INFO epoch: 7
2026-06-23 12:36:13,493 bp_v4_lr1e4_do03 INFO training
2026-06-23 12:36:23,702 bp_v4_lr1e4_do03 INFO Epoch: 7 / 20, Step: 29 / 82, Loss(batch): 0.17361760139465332
2026-06-23 12:36:33,536 bp_v4_lr1e4_do03 INFO Epoch: 7 / 20, Step: 59 / 82, Loss(batch): 0.18764060735702515
2026-06-23 12:36:40,805 bp_v4_lr1e4_do03 INFO validating
2026-06-23 12:36:43,381 bp_v4_lr1e4_do03 INFO Valid Step: 9 / 24, Loss(batch): 0.17697590589523315
2026-06-23 12:36:45,765 bp_v4_lr1e4_do03 INFO Valid Step: 19 / 24, Loss(batch): 0.18991972506046295
2026-06-23 12:43:58,539 bp_v4_lr1e4_do03 INFO ########valid metric###########
2026-06-23 12:43:58,540 bp_v4_lr1e4_do03 INFO epoch7, train_loss0.17753750958093784, valid_loss:0.17429516899089018
2026-06-23 12:43:58,540 bp_v4_lr1e4_do03 INFO threshold:0.01, f_score0.25216251243256277, auc0.8298420680337039, recall0.15081840141327468, precision0.7686971701580302, aupr0.3978104589327946
2026-06-23 12:43:58,541 bp_v4_lr1e4_do03 INFO epoch: 8
2026-06-23 12:43:58,542 bp_v4_lr1e4_do03 INFO training
2026-06-23 12:44:08,344 bp_v4_lr1e4_do03 INFO Epoch: 8 / 20, Step: 29 / 82, Loss(batch): 0.1779237538576126
2026-06-23 12:44:18,222 bp_v4_lr1e4_do03 INFO Epoch: 8 / 20, Step: 59 / 82, Loss(batch): 0.16912242770195007
2026-06-23 12:44:25,361 bp_v4_lr1e4_do03 INFO epoch: 9
2026-06-23 12:44:25,363 bp_v4_lr1e4_do03 INFO training
2026-06-23 12:44:35,329 bp_v4_lr1e4_do03 INFO Epoch: 9 / 20, Step: 29 / 82, Loss(batch): 0.1697327345609665
2026-06-23 12:44:45,288 bp_v4_lr1e4_do03 INFO Epoch: 9 / 20, Step: 59 / 82, Loss(batch): 0.1608448028564453
2026-06-23 12:44:52,468 bp_v4_lr1e4_do03 INFO epoch: 10
2026-06-23 12:44:52,469 bp_v4_lr1e4_do03 INFO training
2026-06-23 12:45:02,432 bp_v4_lr1e4_do03 INFO Epoch: 10 / 20, Step: 29 / 82, Loss(batch): 0.17338664829730988
2026-06-23 12:45:12,487 bp_v4_lr1e4_do03 INFO Epoch: 10 / 20, Step: 59 / 82, Loss(batch): 0.1611209362745285
2026-06-23 12:45:20,014 bp_v4_lr1e4_do03 INFO epoch: 11
2026-06-23 12:45:20,016 bp_v4_lr1e4_do03 INFO training
2026-06-23 12:45:30,042 bp_v4_lr1e4_do03 INFO Epoch: 11 / 20, Step: 29 / 82, Loss(batch): 0.160589799284935
2026-06-23 12:45:40,088 bp_v4_lr1e4_do03 INFO Epoch: 11 / 20, Step: 59 / 82, Loss(batch): 0.1372004598379135
2026-06-23 12:45:47,105 bp_v4_lr1e4_do03 INFO validating
2026-06-23 12:45:49,289 bp_v4_lr1e4_do03 INFO Valid Step: 9 / 24, Loss(batch): 0.13623729348182678
2026-06-23 12:45:51,472 bp_v4_lr1e4_do03 INFO Valid Step: 19 / 24, Loss(batch): 0.1561010628938675
2026-06-23 12:53:04,982 bp_v4_lr1e4_do03 INFO ########valid metric###########
2026-06-23 12:53:04,984 bp_v4_lr1e4_do03 INFO epoch11, train_loss0.1552955044842348, valid_loss:0.15857824807365736
2026-06-23 12:53:04,984 bp_v4_lr1e4_do03 INFO threshold:0.01, f_score0.36153640642018947, auc0.8680949476305018, recall0.23784115080938817, precision0.7533186788089868, aupr0.4754975409230147
2026-06-23 12:53:04,984 bp_v4_lr1e4_do03 INFO epoch: 12
2026-06-23 12:53:04,986 bp_v4_lr1e4_do03 INFO training
2026-06-23 12:53:15,256 bp_v4_lr1e4_do03 INFO Epoch: 12 / 20, Step: 29 / 82, Loss(batch): 0.14913882315158844
2026-06-23 12:53:25,414 bp_v4_lr1e4_do03 INFO Epoch: 12 / 20, Step: 59 / 82, Loss(batch): 0.13739971816539764
2026-06-23 12:53:32,853 bp_v4_lr1e4_do03 INFO epoch: 13
2026-06-23 12:53:32,854 bp_v4_lr1e4_do03 INFO training
2026-06-23 12:53:42,916 bp_v4_lr1e4_do03 INFO Epoch: 13 / 20, Step: 29 / 82, Loss(batch): 0.15046359598636627
2026-06-23 12:53:53,155 bp_v4_lr1e4_do03 INFO Epoch: 13 / 20, Step: 59 / 82, Loss(batch): 0.15988044440746307
2026-06-23 12:54:00,510 bp_v4_lr1e4_do03 INFO epoch: 14
2026-06-23 12:54:00,511 bp_v4_lr1e4_do03 INFO training
2026-06-23 12:54:10,271 bp_v4_lr1e4_do03 INFO Epoch: 14 / 20, Step: 29 / 82, Loss(batch): 0.16420547664165497
2026-06-23 12:54:20,302 bp_v4_lr1e4_do03 INFO Epoch: 14 / 20, Step: 59 / 82, Loss(batch): 0.14724066853523254
2026-06-23 12:54:27,672 bp_v4_lr1e4_do03 INFO epoch: 15
2026-06-23 12:54:27,674 bp_v4_lr1e4_do03 INFO training
2026-06-23 12:54:37,576 bp_v4_lr1e4_do03 INFO Epoch: 15 / 20, Step: 29 / 82, Loss(batch): 0.1634739488363266
2026-06-23 12:54:47,558 bp_v4_lr1e4_do03 INFO Epoch: 15 / 20, Step: 59 / 82, Loss(batch): 0.13439098000526428
2026-06-23 12:54:54,901 bp_v4_lr1e4_do03 INFO validating
2026-06-23 12:54:57,361 bp_v4_lr1e4_do03 INFO Valid Step: 9 / 24, Loss(batch): 0.15964950621128082
2026-06-23 12:54:59,808 bp_v4_lr1e4_do03 INFO Valid Step: 19 / 24, Loss(batch): 0.14795564115047455
2026-06-23 13:02:15,920 bp_v4_lr1e4_do03 INFO ########valid metric###########
2026-06-23 13:02:15,921 bp_v4_lr1e4_do03 INFO epoch15, train_loss0.14417293277092097, valid_loss:0.15829145597914854
2026-06-23 13:02:15,921 bp_v4_lr1e4_do03 INFO threshold:0.01, f_score0.3950313646740232, auc0.8729391999031434, recall0.2721635360709522, precision0.7201354606377144, aupr0.48514141899627145
2026-06-23 13:02:15,922 bp_v4_lr1e4_do03 INFO epoch: 16
2026-06-23 13:02:15,923 bp_v4_lr1e4_do03 INFO training
2026-06-23 13:02:25,522 bp_v4_lr1e4_do03 INFO Epoch: 16 / 20, Step: 29 / 82, Loss(batch): 0.13145974278450012
2026-06-23 13:02:35,519 bp_v4_lr1e4_do03 INFO Epoch: 16 / 20, Step: 59 / 82, Loss(batch): 0.131406769156456
2026-06-23 13:02:42,976 bp_v4_lr1e4_do03 INFO epoch: 17
2026-06-23 13:02:42,978 bp_v4_lr1e4_do03 INFO training
2026-06-23 13:02:53,142 bp_v4_lr1e4_do03 INFO Epoch: 17 / 20, Step: 29 / 82, Loss(batch): 0.13926930725574493
2026-06-23 13:03:03,099 bp_v4_lr1e4_do03 INFO Epoch: 17 / 20, Step: 59 / 82, Loss(batch): 0.13705378770828247
2026-06-23 13:03:10,469 bp_v4_lr1e4_do03 INFO epoch: 18
2026-06-23 13:03:10,472 bp_v4_lr1e4_do03 INFO training
2026-06-23 13:03:20,055 bp_v4_lr1e4_do03 INFO Epoch: 18 / 20, Step: 29 / 82, Loss(batch): 0.1457061469554901
2026-06-23 13:03:29,511 bp_v4_lr1e4_do03 INFO Epoch: 18 / 20, Step: 59 / 82, Loss(batch): 0.16296865046024323
2026-06-23 13:03:36,388 bp_v4_lr1e4_do03 INFO epoch: 19
2026-06-23 13:03:36,389 bp_v4_lr1e4_do03 INFO training
2026-06-23 13:03:46,099 bp_v4_lr1e4_do03 INFO Epoch: 19 / 20, Step: 29 / 82, Loss(batch): 0.13319800794124603
2026-06-23 13:03:57,157 bp_v4_lr1e4_do03 INFO Epoch: 19 / 20, Step: 59 / 82, Loss(batch): 0.1537405103445053
2026-06-23 13:04:05,321 bp_v4_lr1e4_do03 INFO validating
2026-06-23 13:04:08,067 bp_v4_lr1e4_do03 INFO Valid Step: 9 / 24, Loss(batch): 0.16010770201683044
2026-06-23 13:04:10,832 bp_v4_lr1e4_do03 INFO Valid Step: 19 / 24, Loss(batch): 0.17873437702655792
2026-06-23 13:11:23,061 bp_v4_lr1e4_do03 INFO ########valid metric###########
2026-06-23 13:11:23,061 bp_v4_lr1e4_do03 INFO epoch19, train_loss0.14096784655277322, valid_loss:0.15775304411848387
2026-06-23 13:11:23,061 bp_v4_lr1e4_do03 INFO threshold:0.01, f_score0.39433992011772123, auc0.8735721419905268, recall0.2705231279518333, precision0.7271537939722842, aupr0.48800449156055864
2026-06-23 13:11:23,061 bp_v4_lr1e4_do03 INFO best_fscore: 0.3950313646740232
2026-06-23 13:11:23,061 bp_v4_lr1e4_do03 INFO best_scores[thresh,fmax,recall,precision,auc]: [0.01, 0.3950313646740232, 0.2721635360709522, 0.7201354606377144, 0.8729391999031434]
2026-06-23 13:11:23,061 bp_v4_lr1e4_do03 INFO best_aupr: 0.48514141899627145
2026-06-23 13:11:23,062 bp_v4_lr1e4_do03 INFO best_score_dict: {0.01: [0.3950313646740232, 0.2721635360709522, 0.7201354606377144, 0.8729391999031434]}
