2026-06-23 10:43:27,772 mf_v4_lr5e4_do01 INFO #########mf###########
2026-06-23 10:43:27,772 mf_v4_lr5e4_do01 INFO ########start training###########
2026-06-23 10:43:27,772 mf_v4_lr5e4_do01 INFO epoch: 0
2026-06-23 10:43:27,773 mf_v4_lr5e4_do01 INFO training
2026-06-23 10:46:58,399 mf_v4_lr5e4_do01 INFO #########mf###########
2026-06-23 10:46:58,400 mf_v4_lr5e4_do01 INFO ########start training###########
2026-06-23 10:46:58,400 mf_v4_lr5e4_do01 INFO epoch: 0
2026-06-23 10:46:58,400 mf_v4_lr5e4_do01 INFO training
2026-06-23 13:12:18,637 mf_v4_lr5e4_do01 INFO #########mf###########
2026-06-23 13:12:18,638 mf_v4_lr5e4_do01 INFO ########start training###########
2026-06-23 13:12:18,638 mf_v4_lr5e4_do01 INFO epoch: 0
2026-06-23 13:12:18,639 mf_v4_lr5e4_do01 INFO training
2026-06-23 13:12:29,493 mf_v4_lr5e4_do01 INFO Epoch: 0 / 20, Step: 29 / 87, Loss(batch): 0.14967352151870728
2026-06-23 13:12:39,248 mf_v4_lr5e4_do01 INFO Epoch: 0 / 20, Step: 59 / 87, Loss(batch): 0.1437438428401947
2026-06-23 13:12:48,156 mf_v4_lr5e4_do01 INFO epoch: 1
2026-06-23 13:12:48,158 mf_v4_lr5e4_do01 INFO training
2026-06-23 13:12:58,956 mf_v4_lr5e4_do01 INFO Epoch: 1 / 20, Step: 29 / 87, Loss(batch): 0.1138632744550705
2026-06-23 13:13:09,461 mf_v4_lr5e4_do01 INFO Epoch: 1 / 20, Step: 59 / 87, Loss(batch): 0.12175657600164413
2026-06-23 13:13:18,474 mf_v4_lr5e4_do01 INFO epoch: 2
2026-06-23 13:13:18,476 mf_v4_lr5e4_do01 INFO training
2026-06-23 13:13:28,621 mf_v4_lr5e4_do01 INFO Epoch: 2 / 20, Step: 29 / 87, Loss(batch): 0.12055453658103943
2026-06-23 13:13:38,856 mf_v4_lr5e4_do01 INFO Epoch: 2 / 20, Step: 59 / 87, Loss(batch): 0.12069990485906601
2026-06-23 13:13:47,872 mf_v4_lr5e4_do01 INFO epoch: 3
2026-06-23 13:13:47,873 mf_v4_lr5e4_do01 INFO training
2026-06-23 13:13:57,794 mf_v4_lr5e4_do01 INFO Epoch: 3 / 20, Step: 29 / 87, Loss(batch): 0.11829574406147003
2026-06-23 13:14:07,819 mf_v4_lr5e4_do01 INFO Epoch: 3 / 20, Step: 59 / 87, Loss(batch): 0.1265966296195984
2026-06-23 13:14:16,574 mf_v4_lr5e4_do01 INFO validating
2026-06-23 13:14:18,883 mf_v4_lr5e4_do01 INFO Valid Step: 9 / 25, Loss(batch): 0.13775058090686798
2026-06-23 13:14:21,365 mf_v4_lr5e4_do01 INFO Valid Step: 19 / 25, Loss(batch): 0.1363023966550827
2026-06-23 13:18:20,576 mf_v4_lr5e4_do01 INFO ########valid metric###########
2026-06-23 13:18:20,576 mf_v4_lr5e4_do01 INFO epoch3, train_loss0.12176372547601831, valid_loss:0.12284818559885025
2026-06-23 13:18:20,576 mf_v4_lr5e4_do01 INFO threshold:0.99, f_score0.3574529074529075, auc0.8344804306317809, recall0.22189176135641475, precision0.9187453952215556, aupr0.40376084222850295
2026-06-23 13:18:20,576 mf_v4_lr5e4_do01 INFO epoch: 4
2026-06-23 13:18:20,577 mf_v4_lr5e4_do01 INFO training
2026-06-23 13:18:30,698 mf_v4_lr5e4_do01 INFO Epoch: 4 / 20, Step: 29 / 87, Loss(batch): 0.12454627454280853
2026-06-23 13:18:40,785 mf_v4_lr5e4_do01 INFO Epoch: 4 / 20, Step: 59 / 87, Loss(batch): 0.12998256087303162
2026-06-23 13:18:49,738 mf_v4_lr5e4_do01 INFO epoch: 5
2026-06-23 13:18:49,739 mf_v4_lr5e4_do01 INFO training
2026-06-23 13:18:59,596 mf_v4_lr5e4_do01 INFO Epoch: 5 / 20, Step: 29 / 87, Loss(batch): 0.12197642028331757
2026-06-23 13:19:09,066 mf_v4_lr5e4_do01 INFO Epoch: 5 / 20, Step: 59 / 87, Loss(batch): 0.12154991179704666
2026-06-23 13:19:17,713 mf_v4_lr5e4_do01 INFO epoch: 6
2026-06-23 13:19:17,715 mf_v4_lr5e4_do01 INFO training
2026-06-23 13:19:27,670 mf_v4_lr5e4_do01 INFO Epoch: 6 / 20, Step: 29 / 87, Loss(batch): 0.11631187796592712
2026-06-23 13:19:37,654 mf_v4_lr5e4_do01 INFO Epoch: 6 / 20, Step: 59 / 87, Loss(batch): 0.11741267144680023
2026-06-23 13:19:46,567 mf_v4_lr5e4_do01 INFO epoch: 7
2026-06-23 13:19:46,568 mf_v4_lr5e4_do01 INFO training
2026-06-23 13:19:55,783 mf_v4_lr5e4_do01 INFO Epoch: 7 / 20, Step: 29 / 87, Loss(batch): 0.11056320369243622
2026-06-23 13:20:05,285 mf_v4_lr5e4_do01 INFO Epoch: 7 / 20, Step: 59 / 87, Loss(batch): 0.11992740631103516
2026-06-23 13:20:13,880 mf_v4_lr5e4_do01 INFO validating
2026-06-23 13:20:16,083 mf_v4_lr5e4_do01 INFO Valid Step: 9 / 25, Loss(batch): 0.12329642474651337
2026-06-23 13:20:18,163 mf_v4_lr5e4_do01 INFO Valid Step: 19 / 25, Loss(batch): 0.11767904460430145
2026-06-23 13:24:18,980 mf_v4_lr5e4_do01 INFO ########valid metric###########
2026-06-23 13:24:18,981 mf_v4_lr5e4_do01 INFO epoch7, train_loss0.12113530214490562, valid_loss:0.12267587184906006
2026-06-23 13:24:18,981 mf_v4_lr5e4_do01 INFO threshold:0.99, f_score0.3574529074529075, auc0.8358015993264576, recall0.22189176135641475, precision0.9187453952215556, aupr0.4038948393774223
2026-06-23 13:24:18,981 mf_v4_lr5e4_do01 INFO epoch: 8
2026-06-23 13:24:18,983 mf_v4_lr5e4_do01 INFO training
2026-06-23 13:24:29,981 mf_v4_lr5e4_do01 INFO Epoch: 8 / 20, Step: 29 / 87, Loss(batch): 0.12085454910993576
2026-06-23 13:24:40,030 mf_v4_lr5e4_do01 INFO Epoch: 8 / 20, Step: 59 / 87, Loss(batch): 0.11340668052434921
2026-06-23 13:24:48,906 mf_v4_lr5e4_do01 INFO epoch: 9
2026-06-23 13:24:48,908 mf_v4_lr5e4_do01 INFO training
2026-06-23 13:24:58,741 mf_v4_lr5e4_do01 INFO Epoch: 9 / 20, Step: 29 / 87, Loss(batch): 0.12640370428562164
2026-06-23 13:25:08,587 mf_v4_lr5e4_do01 INFO Epoch: 9 / 20, Step: 59 / 87, Loss(batch): 0.11343014985322952
2026-06-23 13:25:17,426 mf_v4_lr5e4_do01 INFO epoch: 10
2026-06-23 13:25:17,427 mf_v4_lr5e4_do01 INFO training
2026-06-23 13:25:27,251 mf_v4_lr5e4_do01 INFO Epoch: 10 / 20, Step: 29 / 87, Loss(batch): 0.1301463395357132
2026-06-23 13:25:37,801 mf_v4_lr5e4_do01 INFO Epoch: 10 / 20, Step: 59 / 87, Loss(batch): 0.13398931920528412
2026-06-23 13:25:47,628 mf_v4_lr5e4_do01 INFO epoch: 11
2026-06-23 13:25:47,629 mf_v4_lr5e4_do01 INFO training
2026-06-23 13:25:58,534 mf_v4_lr5e4_do01 INFO Epoch: 11 / 20, Step: 29 / 87, Loss(batch): 0.11300002783536911
2026-06-23 13:26:09,529 mf_v4_lr5e4_do01 INFO Epoch: 11 / 20, Step: 59 / 87, Loss(batch): 0.1235916018486023
2026-06-23 13:26:18,692 mf_v4_lr5e4_do01 INFO validating
2026-06-23 13:26:21,025 mf_v4_lr5e4_do01 INFO Valid Step: 9 / 25, Loss(batch): 0.11962476372718811
2026-06-23 13:26:23,321 mf_v4_lr5e4_do01 INFO Valid Step: 19 / 25, Loss(batch): 0.1206245869398117
2026-06-23 13:30:22,835 mf_v4_lr5e4_do01 INFO ########valid metric###########
2026-06-23 13:30:22,836 mf_v4_lr5e4_do01 INFO epoch11, train_loss0.12109284710952606, valid_loss:0.1230982482433319
2026-06-23 13:30:22,836 mf_v4_lr5e4_do01 INFO threshold:0.99, f_score0.3574529074529075, auc0.835519515042483, recall0.22189176135641475, precision0.9187453952215556, aupr0.4036757913630979
2026-06-23 13:30:22,837 mf_v4_lr5e4_do01 INFO epoch: 12
2026-06-23 13:30:22,838 mf_v4_lr5e4_do01 INFO training
2026-06-23 13:30:32,954 mf_v4_lr5e4_do01 INFO Epoch: 12 / 20, Step: 29 / 87, Loss(batch): 0.11708423495292664
2026-06-23 13:30:43,027 mf_v4_lr5e4_do01 INFO Epoch: 12 / 20, Step: 59 / 87, Loss(batch): 0.12913064658641815
2026-06-23 13:30:51,817 mf_v4_lr5e4_do01 INFO epoch: 13
2026-06-23 13:30:51,819 mf_v4_lr5e4_do01 INFO training
2026-06-23 13:31:01,652 mf_v4_lr5e4_do01 INFO Epoch: 13 / 20, Step: 29 / 87, Loss(batch): 0.12739430367946625
2026-06-23 13:31:11,421 mf_v4_lr5e4_do01 INFO Epoch: 13 / 20, Step: 59 / 87, Loss(batch): 0.12364555150270462
2026-06-23 13:31:20,171 mf_v4_lr5e4_do01 INFO epoch: 14
2026-06-23 13:31:20,172 mf_v4_lr5e4_do01 INFO training
2026-06-23 13:31:30,298 mf_v4_lr5e4_do01 INFO Epoch: 14 / 20, Step: 29 / 87, Loss(batch): 0.13693076372146606
2026-06-23 13:31:40,110 mf_v4_lr5e4_do01 INFO Epoch: 14 / 20, Step: 59 / 87, Loss(batch): 0.11456790566444397
2026-06-23 13:31:48,923 mf_v4_lr5e4_do01 INFO epoch: 15
2026-06-23 13:31:48,924 mf_v4_lr5e4_do01 INFO training
2026-06-23 13:31:58,751 mf_v4_lr5e4_do01 INFO Epoch: 15 / 20, Step: 29 / 87, Loss(batch): 0.12827779352664948
2026-06-23 13:32:08,650 mf_v4_lr5e4_do01 INFO Epoch: 15 / 20, Step: 59 / 87, Loss(batch): 0.12863460183143616
2026-06-23 13:32:17,459 mf_v4_lr5e4_do01 INFO validating
2026-06-23 13:32:19,750 mf_v4_lr5e4_do01 INFO Valid Step: 9 / 25, Loss(batch): 0.1219947412610054
2026-06-23 13:32:22,108 mf_v4_lr5e4_do01 INFO Valid Step: 19 / 25, Loss(batch): 0.11677898466587067
2026-06-23 13:36:20,821 mf_v4_lr5e4_do01 INFO ########valid metric###########
2026-06-23 13:36:20,822 mf_v4_lr5e4_do01 INFO epoch15, train_loss0.12069772312353397, valid_loss:0.12335583955049514
2026-06-23 13:36:20,822 mf_v4_lr5e4_do01 INFO threshold:0.99, f_score0.3574529074529075, auc0.8366821110026064, recall0.22189176135641475, precision0.9187453952215556, aupr0.40366280266389265
2026-06-23 13:36:20,822 mf_v4_lr5e4_do01 INFO epoch: 16
2026-06-23 13:36:20,824 mf_v4_lr5e4_do01 INFO training
2026-06-23 13:36:30,947 mf_v4_lr5e4_do01 INFO Epoch: 16 / 20, Step: 29 / 87, Loss(batch): 0.12164901942014694
2026-06-23 13:36:41,034 mf_v4_lr5e4_do01 INFO Epoch: 16 / 20, Step: 59 / 87, Loss(batch): 0.12440456449985504
2026-06-23 13:36:49,999 mf_v4_lr5e4_do01 INFO epoch: 17
2026-06-23 13:36:50,000 mf_v4_lr5e4_do01 INFO training
2026-06-23 13:36:59,987 mf_v4_lr5e4_do01 INFO Epoch: 17 / 20, Step: 29 / 87, Loss(batch): 0.12919209897518158
2026-06-23 13:37:10,926 mf_v4_lr5e4_do01 INFO Epoch: 17 / 20, Step: 59 / 87, Loss(batch): 0.10882852971553802
2026-06-23 13:37:20,693 mf_v4_lr5e4_do01 INFO epoch: 18
2026-06-23 13:37:20,694 mf_v4_lr5e4_do01 INFO training
2026-06-23 13:37:31,748 mf_v4_lr5e4_do01 INFO Epoch: 18 / 20, Step: 29 / 87, Loss(batch): 0.13004431128501892
2026-06-23 13:37:42,778 mf_v4_lr5e4_do01 INFO Epoch: 18 / 20, Step: 59 / 87, Loss(batch): 0.10653331130743027
2026-06-23 13:37:52,167 mf_v4_lr5e4_do01 INFO epoch: 19
2026-06-23 13:37:52,168 mf_v4_lr5e4_do01 INFO training
2026-06-23 13:38:02,189 mf_v4_lr5e4_do01 INFO Epoch: 19 / 20, Step: 29 / 87, Loss(batch): 0.10877864807844162
2026-06-23 13:38:11,810 mf_v4_lr5e4_do01 INFO Epoch: 19 / 20, Step: 59 / 87, Loss(batch): 0.12404220551252365
2026-06-23 13:38:21,583 mf_v4_lr5e4_do01 INFO validating
2026-06-23 13:38:24,275 mf_v4_lr5e4_do01 INFO Valid Step: 9 / 25, Loss(batch): 0.12477032095193863
2026-06-23 13:38:26,936 mf_v4_lr5e4_do01 INFO Valid Step: 19 / 25, Loss(batch): 0.13216732442378998
2026-06-23 13:42:26,719 mf_v4_lr5e4_do01 INFO ########valid metric###########
2026-06-23 13:42:26,720 mf_v4_lr5e4_do01 INFO epoch19, train_loss0.12051421403884888, valid_loss:0.12254998117685317
2026-06-23 13:42:26,720 mf_v4_lr5e4_do01 INFO threshold:0.99, f_score0.3574529074529075, auc0.836913332257393, recall0.22189176135641475, precision0.9187453952215556, aupr0.4040573471724567
2026-06-23 13:42:26,721 mf_v4_lr5e4_do01 INFO best_fscore: 0.3574529074529075
2026-06-23 13:42:26,721 mf_v4_lr5e4_do01 INFO best_scores[thresh,fmax,recall,precision,auc]: [0.99, 0.3574529074529075, 0.22189176135641475, 0.9187453952215556, 0.836913332257393]
2026-06-23 13:42:26,721 mf_v4_lr5e4_do01 INFO best_aupr: 0.4040573471724567
2026-06-23 13:42:26,722 mf_v4_lr5e4_do01 INFO best_score_dict: {0.01: [0.3574529074529075, 0.22189176135641475, 0.9187453952215556, 0.836913332257393], 0.02: [0.3574529074529075, 0.22189176135641475, 0.9187453952215556, 0.836913332257393], 0.03: [0.3574529074529075, 0.22189176135641475, 0.9187453952215556, 0.836913332257393], 0.04: [0.3574529074529075, 0.22189176135641475, 0.9187453952215556, 0.836913332257393], 0.05: [0.3574529074529075, 0.22189176135641475, 0.9187453952215556, 0.836913332257393], 0.06: [0.3574529074529075, 0.22189176135641475, 0.9187453952215556, 0.836913332257393], 0.07: [0.3574529074529075, 0.22189176135641475, 0.9187453952215556, 0.836913332257393], 0.08: [0.3574529074529075, 0.22189176135641475, 0.9187453952215556, 0.836913332257393], 0.09: [0.3574529074529075, 0.22189176135641475, 0.9187453952215556, 0.836913332257393], 0.1: [0.3574529074529075, 0.22189176135641475, 0.9187453952215556, 0.836913332257393], 0.11: [0.3574529074529075, 0.22189176135641475, 0.9187453952215556, 0.836913332257393], 0.12: [0.3574529074529075, 0.22189176135641475, 0.9187453952215556, 0.836913332257393], 0.13: [0.3574529074529075, 0.22189176135641475, 0.9187453952215556, 0.836913332257393], 0.14: [0.3574529074529075, 0.22189176135641475, 0.9187453952215556, 0.836913332257393], 0.15: [0.3574529074529075, 0.22189176135641475, 0.9187453952215556, 0.836913332257393], 0.16: [0.3574529074529075, 0.22189176135641475, 0.9187453952215556, 0.836913332257393], 0.17: [0.3574529074529075, 0.22189176135641475, 0.9187453952215556, 0.836913332257393], 0.18: [0.3574529074529075, 0.22189176135641475, 0.9187453952215556, 0.836913332257393], 0.19: [0.3574529074529075, 0.22189176135641475, 0.9187453952215556, 0.836913332257393], 0.2: [0.3574529074529075, 0.22189176135641475, 0.9187453952215556, 0.836913332257393], 0.21: [0.3574529074529075, 0.22189176135641475, 0.9187453952215556, 0.836913332257393], 0.22: [0.3574529074529075, 0.22189176135641475, 0.9187453952215556, 0.836913332257393], 0.23: [0.3574529074529075, 0.22189176135641475, 0.9187453952215556, 0.836913332257393], 0.24: [0.3574529074529075, 0.22189176135641475, 0.9187453952215556, 0.836913332257393], 0.25: [0.3574529074529075, 0.22189176135641475, 0.9187453952215556, 0.836913332257393], 0.26: [0.3574529074529075, 0.22189176135641475, 0.9187453952215556, 0.836913332257393], 0.27: [0.3574529074529075, 0.22189176135641475, 0.9187453952215556, 0.836913332257393], 0.28: [0.3574529074529075, 0.22189176135641475, 0.9187453952215556, 0.836913332257393], 0.29: [0.3574529074529075, 0.22189176135641475, 0.9187453952215556, 0.836913332257393], 0.3: [0.3574529074529075, 0.22189176135641475, 0.9187453952215556, 0.836913332257393], 0.31: [0.3574529074529075, 0.22189176135641475, 0.9187453952215556, 0.836913332257393], 0.32: [0.3574529074529075, 0.22189176135641475, 0.9187453952215556, 0.836913332257393], 0.33: [0.3574529074529075, 0.22189176135641475, 0.9187453952215556, 0.836913332257393], 0.34: [0.3574529074529075, 0.22189176135641475, 0.9187453952215556, 0.836913332257393], 0.35: [0.3574529074529075, 0.22189176135641475, 0.9187453952215556, 0.836913332257393], 0.36: [0.3574529074529075, 0.22189176135641475, 0.9187453952215556, 0.836913332257393], 0.37: [0.3574529074529075, 0.22189176135641475, 0.9187453952215556, 0.836913332257393], 0.38: [0.3574529074529075, 0.22189176135641475, 0.9187453952215556, 0.836913332257393], 0.39: [0.3574529074529075, 0.22189176135641475, 0.9187453952215556, 0.836913332257393], 0.4: [0.3574529074529075, 0.22189176135641475, 0.9187453952215556, 0.836913332257393], 0.41: [0.3574529074529075, 0.22189176135641475, 0.9187453952215556, 0.836913332257393], 0.42: [0.3574529074529075, 0.22189176135641475, 0.9187453952215556, 0.836913332257393], 0.43: [0.3574529074529075, 0.22189176135641475, 0.9187453952215556, 0.836913332257393], 0.44: [0.3574529074529075, 0.22189176135641475, 0.9187453952215556, 0.836913332257393], 0.45: [0.3574529074529075, 0.22189176135641475, 0.9187453952215556, 0.836913332257393], 0.46: [0.3574529074529075, 0.22189176135641475, 0.9187453952215556, 0.836913332257393], 0.47: [0.3574529074529075, 0.22189176135641475, 0.9187453952215556, 0.836913332257393], 0.48: [0.3574529074529075, 0.22189176135641475, 0.9187453952215556, 0.836913332257393], 0.49: [0.3574529074529075, 0.22189176135641475, 0.9187453952215556, 0.836913332257393], 0.5: [0.3574529074529075, 0.22189176135641475, 0.9187453952215556, 0.836913332257393], 0.51: [0.3574529074529075, 0.22189176135641475, 0.9187453952215556, 0.836913332257393], 0.52: [0.3574529074529075, 0.22189176135641475, 0.9187453952215556, 0.836913332257393], 0.53: [0.3574529074529075, 0.22189176135641475, 0.9187453952215556, 0.836913332257393], 0.54: [0.3574529074529075, 0.22189176135641475, 0.9187453952215556, 0.836913332257393], 0.55: [0.3574529074529075, 0.22189176135641475, 0.9187453952215556, 0.836913332257393], 0.56: [0.3574529074529075, 0.22189176135641475, 0.9187453952215556, 0.836913332257393], 0.57: [0.3574529074529075, 0.22189176135641475, 0.9187453952215556, 0.836913332257393], 0.58: [0.3574529074529075, 0.22189176135641475, 0.9187453952215556, 0.836913332257393], 0.59: [0.3574529074529075, 0.22189176135641475, 0.9187453952215556, 0.836913332257393], 0.6: [0.3574529074529075, 0.22189176135641475, 0.9187453952215556, 0.836913332257393], 0.61: [0.3574529074529075, 0.22189176135641475, 0.9187453952215556, 0.836913332257393], 0.62: [0.3574529074529075, 0.22189176135641475, 0.9187453952215556, 0.836913332257393], 0.63: [0.3574529074529075, 0.22189176135641475, 0.9187453952215556, 0.836913332257393], 0.64: [0.3574529074529075, 0.22189176135641475, 0.9187453952215556, 0.836913332257393], 0.65: [0.3574529074529075, 0.22189176135641475, 0.9187453952215556, 0.836913332257393], 0.66: [0.3574529074529075, 0.22189176135641475, 0.9187453952215556, 0.836913332257393], 0.67: [0.3574529074529075, 0.22189176135641475, 0.9187453952215556, 0.836913332257393], 0.68: [0.3574529074529075, 0.22189176135641475, 0.9187453952215556, 0.836913332257393], 0.69: [0.3574529074529075, 0.22189176135641475, 0.9187453952215556, 0.836913332257393], 0.7: [0.3574529074529075, 0.22189176135641475, 0.9187453952215556, 0.836913332257393], 0.71: [0.3574529074529075, 0.22189176135641475, 0.9187453952215556, 0.836913332257393], 0.72: [0.3574529074529075, 0.22189176135641475, 0.9187453952215556, 0.836913332257393], 0.73: [0.3574529074529075, 0.22189176135641475, 0.9187453952215556, 0.836913332257393], 0.74: [0.3574529074529075, 0.22189176135641475, 0.9187453952215556, 0.836913332257393], 0.75: [0.3574529074529075, 0.22189176135641475, 0.9187453952215556, 0.836913332257393], 0.76: [0.3574529074529075, 0.22189176135641475, 0.9187453952215556, 0.836913332257393], 0.77: [0.3574529074529075, 0.22189176135641475, 0.9187453952215556, 0.836913332257393], 0.78: [0.3574529074529075, 0.22189176135641475, 0.9187453952215556, 0.836913332257393], 0.79: [0.3574529074529075, 0.22189176135641475, 0.9187453952215556, 0.836913332257393], 0.8: [0.3574529074529075, 0.22189176135641475, 0.9187453952215556, 0.836913332257393], 0.81: [0.3574529074529075, 0.22189176135641475, 0.9187453952215556, 0.836913332257393], 0.82: [0.3574529074529075, 0.22189176135641475, 0.9187453952215556, 0.836913332257393], 0.83: [0.3574529074529075, 0.22189176135641475, 0.9187453952215556, 0.836913332257393], 0.84: [0.3574529074529075, 0.22189176135641475, 0.9187453952215556, 0.836913332257393], 0.85: [0.3574529074529075, 0.22189176135641475, 0.9187453952215556, 0.836913332257393], 0.86: [0.3574529074529075, 0.22189176135641475, 0.9187453952215556, 0.836913332257393], 0.87: [0.3574529074529075, 0.22189176135641475, 0.9187453952215556, 0.836913332257393], 0.88: [0.3574529074529075, 0.22189176135641475, 0.9187453952215556, 0.836913332257393], 0.89: [0.3574529074529075, 0.22189176135641475, 0.9187453952215556, 0.836913332257393], 0.9: [0.3574529074529075, 0.22189176135641475, 0.9187453952215556, 0.836913332257393], 0.91: [0.3574529074529075, 0.22189176135641475, 0.9187453952215556, 0.836913332257393], 0.92: [0.3574529074529075, 0.22189176135641475, 0.9187453952215556, 0.836913332257393], 0.93: [0.3574529074529075, 0.22189176135641475, 0.9187453952215556, 0.836913332257393], 0.94: [0.3574529074529075, 0.22189176135641475, 0.9187453952215556, 0.836913332257393], 0.95: [0.3574529074529075, 0.22189176135641475, 0.9187453952215556, 0.836913332257393], 0.96: [0.3574529074529075, 0.22189176135641475, 0.9187453952215556, 0.836913332257393], 0.97: [0.3574529074529075, 0.22189176135641475, 0.9187453952215556, 0.836913332257393], 0.98: [0.3574529074529075, 0.22189176135641475, 0.9187453952215556, 0.836913332257393], 0.99: [0.3574529074529075, 0.22189176135641475, 0.9187453952215556, 0.836913332257393]}
